-- Install configuration: ""
-- Up-to-date: /home/drmid/silmulation/ROS2_WS/install/dshape_description/share/dshape_description/config
-- Up-to-date: /home/drmid/silmulation/ROS2_WS/install/dshape_description/share/dshape_description/config/dshape_controller.yaml
-- Up-to-date: /home/drmid/silmulation/ROS2_WS/install/dshape_description/share/dshape_description/launch
-- Up-to-date: /home/drmid/silmulation/ROS2_WS/install/dshape_description/share/dshape_description/launch/description_ros2_control.launch.py
-- Up-to-date: /home/drmid/silmulation/ROS2_WS/install/dshape_description/share/dshape_description/urdf
-- Up-to-date: /home/drmid/silmulation/ROS2_WS/install/dshape_description/share/dshape_description/urdf/robot.urdf.xacro
-- Up-to-date: /home/drmid/silmulation/ROS2_WS/install/dshape_description/share/dshape_description/urdf/ros2_control.xacro
-- Up-to-date: /home/drmid/silmulation/ROS2_WS/install/dshape_description/share/dshape_description/urdf/urdf.urdf
-- Up-to-date: /home/drmid/silmulation/ROS2_WS/install/dshape_description/share/dshape_description/urdf/dshape_core.xacro
-- Up-to-date: /home/drmid/silmulation/ROS2_WS/install/dshape_description/share/dshape_description/urdf/original.urdf
-- Up-to-date: /home/drmid/silmulation/ROS2_WS/install/dshape_description/share/dshape_description/urdf/lidar.xacro
-- Up-to-date: /home/drmid/silmulation/ROS2_WS/install/dshape_description/share/dshape_description/urdf/camera.xacro
-- Up-to-date: /home/drmid/silmulation/ROS2_WS/install/dshape_description/share/dshape_description/meshes
-- Up-to-date: /home/drmid/silmulation/ROS2_WS/install/dshape_description/share/dshape_description/meshes/right_wheel.STL
-- Up-to-date: /home/drmid/silmulation/ROS2_WS/install/dshape_description/share/dshape_description/meshes/left_wheel.STL
-- Up-to-date: /home/drmid/silmulation/ROS2_WS/install/dshape_description/share/dshape_description/meshes/base_link.STL
-- Up-to-date: /home/drmid/silmulation/ROS2_WS/install/dshape_description/share/ament_index/resource_index/package_run_dependencies/dshape_description
-- Up-to-date: /home/drmid/silmulation/ROS2_WS/install/dshape_description/share/ament_index/resource_index/parent_prefix_path/dshape_description
-- Up-to-date: /home/drmid/silmulation/ROS2_WS/install/dshape_description/share/dshape_description/environment/ament_prefix_path.sh
-- Up-to-date: /home/drmid/silmulation/ROS2_WS/install/dshape_description/share/dshape_description/environment/ament_prefix_path.dsv
-- Up-to-date: /home/drmid/silmulation/ROS2_WS/install/dshape_description/share/dshape_description/environment/path.sh
-- Up-to-date: /home/drmid/silmulation/ROS2_WS/install/dshape_description/share/dshape_description/environment/path.dsv
-- Up-to-date: /home/drmid/silmulation/ROS2_WS/install/dshape_description/share/dshape_description/local_setup.bash
-- Up-to-date: /home/drmid/silmulation/ROS2_WS/install/dshape_description/share/dshape_description/local_setup.sh
-- Up-to-date: /home/drmid/silmulation/ROS2_WS/install/dshape_description/share/dshape_description/local_setup.zsh
-- Up-to-date: /home/drmid/silmulation/ROS2_WS/install/dshape_description/share/dshape_description/local_setup.dsv
-- Installing: /home/drmid/silmulation/ROS2_WS/install/dshape_description/share/dshape_description/package.dsv
-- Up-to-date: /home/drmid/silmulation/ROS2_WS/install/dshape_description/share/ament_index/resource_index/packages/dshape_description
-- Up-to-date: /home/drmid/silmulation/ROS2_WS/install/dshape_description/share/dshape_description/cmake/dshape_descriptionConfig.cmake
-- Up-to-date: /home/drmid/silmulation/ROS2_WS/install/dshape_description/share/dshape_description/cmake/dshape_descriptionConfig-version.cmake
-- Up-to-date: /home/drmid/silmulation/ROS2_WS/install/dshape_description/share/dshape_description/package.xml
