[0.016s] Invoking command in '/home/drmid/silmulation/ROS2_WS/build/black_donut_gazebo': CMAKE_PREFIX_PATH=${CMAKE_PREFIX_PATH}:/opt/ros/humble /usr/bin/cmake --build /home/drmid/silmulation/ROS2_WS/build/black_donut_gazebo -- -j4 -l4
[0.038s] -- Found ament_cmake: 1.3.8 (/opt/ros/humble/share/ament_cmake/cmake)
[0.163s] -- Found ament_lint_auto: 0.12.10 (/opt/ros/humble/share/ament_lint_auto/cmake)
[0.217s] -- Added test 'cppcheck' to perform static code analysis on C / C++ code
[0.217s] -- Configured cppcheck include dirs: 
[0.217s] -- Configured cppcheck exclude dirs and/or files: 
[0.217s] -- Added test 'flake8' to check Python code syntax and style conventions
[0.218s] -- Added test 'lint_cmake' to check CMake code style
[0.219s] -- Added test 'pep257' to check Python code against some of the docstring style conventions in PEP 257
[0.223s] -- Added test 'uncrustify' to check C / C++ code style
[0.223s] -- Configured uncrustify additional arguments: 
[0.224s] -- Added test 'xmllint' to check XML markup files
[0.225s] -- Configuring done
[0.229s] -- Generating done
[0.230s] -- Build files have been written to: /home/drmid/silmulation/ROS2_WS/build/black_donut_gazebo
[0.245s] Invoked command in '/home/drmid/silmulation/ROS2_WS/build/black_donut_gazebo' returned '0': CMAKE_PREFIX_PATH=${CMAKE_PREFIX_PATH}:/opt/ros/humble /usr/bin/cmake --build /home/drmid/silmulation/ROS2_WS/build/black_donut_gazebo -- -j4 -l4
[0.260s] Invoking command in '/home/drmid/silmulation/ROS2_WS/build/black_donut_gazebo': CMAKE_PREFIX_PATH=${CMAKE_PREFIX_PATH}:/opt/ros/humble /usr/bin/cmake --install /home/drmid/silmulation/ROS2_WS/build/black_donut_gazebo
[0.265s] -- Install configuration: ""
[0.265s] -- Up-to-date: /home/drmid/silmulation/ROS2_WS/install/black_donut_gazebo/share/black_donut_gazebo//config
[0.265s] -- Up-to-date: /home/drmid/silmulation/ROS2_WS/install/black_donut_gazebo/share/black_donut_gazebo//config/gazebo_params.yaml
[0.265s] -- Up-to-date: /home/drmid/silmulation/ROS2_WS/install/black_donut_gazebo/share/black_donut_gazebo//config/twist_mux.yaml
[0.266s] -- Up-to-date: /home/drmid/silmulation/ROS2_WS/install/black_donut_gazebo/share/black_donut_gazebo//launch
[0.266s] -- Up-to-date: /home/drmid/silmulation/ROS2_WS/install/black_donut_gazebo/share/black_donut_gazebo//launch/black_donut_sim_ros2_control.launch.py
[0.266s] -- Up-to-date: /home/drmid/silmulation/ROS2_WS/install/black_donut_gazebo/share/black_donut_gazebo//launch/controller_spawner.launch.py
[0.266s] -- Up-to-date: /home/drmid/silmulation/ROS2_WS/install/black_donut_gazebo/share/ament_index/resource_index/package_run_dependencies/black_donut_gazebo
[0.266s] -- Installing: /home/drmid/silmulation/ROS2_WS/install/black_donut_gazebo/share/ament_index/resource_index/parent_prefix_path/black_donut_gazebo
[0.266s] -- Up-to-date: /home/drmid/silmulation/ROS2_WS/install/black_donut_gazebo/share/black_donut_gazebo/environment/ament_prefix_path.sh
[0.266s] -- Installing: /home/drmid/silmulation/ROS2_WS/install/black_donut_gazebo/share/black_donut_gazebo/environment/ament_prefix_path.dsv
[0.266s] -- Up-to-date: /home/drmid/silmulation/ROS2_WS/install/black_donut_gazebo/share/black_donut_gazebo/environment/path.sh
[0.266s] -- Installing: /home/drmid/silmulation/ROS2_WS/install/black_donut_gazebo/share/black_donut_gazebo/environment/path.dsv
[0.266s] -- Up-to-date: /home/drmid/silmulation/ROS2_WS/install/black_donut_gazebo/share/black_donut_gazebo/local_setup.bash
[0.266s] -- Up-to-date: /home/drmid/silmulation/ROS2_WS/install/black_donut_gazebo/share/black_donut_gazebo/local_setup.sh
[0.266s] -- Up-to-date: /home/drmid/silmulation/ROS2_WS/install/black_donut_gazebo/share/black_donut_gazebo/local_setup.zsh
[0.267s] -- Installing: /home/drmid/silmulation/ROS2_WS/install/black_donut_gazebo/share/black_donut_gazebo/local_setup.dsv
[0.267s] -- Installing: /home/drmid/silmulation/ROS2_WS/install/black_donut_gazebo/share/black_donut_gazebo/package.dsv
[0.267s] -- Up-to-date: /home/drmid/silmulation/ROS2_WS/install/black_donut_gazebo/share/ament_index/resource_index/packages/black_donut_gazebo
[0.267s] -- Up-to-date: /home/drmid/silmulation/ROS2_WS/install/black_donut_gazebo/share/black_donut_gazebo/cmake/black_donut_gazeboConfig.cmake
[0.267s] -- Up-to-date: /home/drmid/silmulation/ROS2_WS/install/black_donut_gazebo/share/black_donut_gazebo/cmake/black_donut_gazeboConfig-version.cmake
[0.267s] -- Up-to-date: /home/drmid/silmulation/ROS2_WS/install/black_donut_gazebo/share/black_donut_gazebo/package.xml
[0.268s] Invoked command in '/home/drmid/silmulation/ROS2_WS/build/black_donut_gazebo' returned '0': CMAKE_PREFIX_PATH=${CMAKE_PREFIX_PATH}:/opt/ros/humble /usr/bin/cmake --install /home/drmid/silmulation/ROS2_WS/build/black_donut_gazebo
