[0.069s] DEBUG:colcon:Command line arguments: ['/usr/bin/colcon', 'build']
[0.069s] DEBUG:colcon:Parsed command line arguments: Namespace(log_base=None, log_level=None, verb_name='build', build_base='build', install_base='install', merge_install=False, symlink_install=False, test_result_base=None, continue_on_error=False, executor='parallel', parallel_workers=4, event_handlers=None, ignore_user_meta=False, metas=['./colcon.meta'], base_paths=['.'], packages_ignore=None, packages_ignore_regex=None, paths=None, packages_up_to=None, packages_up_to_regex=None, packages_above=None, packages_above_and_dependencies=None, packages_above_depth=None, packages_select_by_dep=None, packages_skip_by_dep=None, packages_skip_up_to=None, packages_select_build_failed=False, packages_skip_build_finished=False, packages_select_test_failures=False, packages_skip_test_passed=False, packages_select=None, packages_skip=None, packages_select_regex=None, packages_skip_regex=None, packages_start=None, packages_end=None, allow_overriding=[], cmake_args=None, cmake_target=None, cmake_target_skip_unavailable=False, cmake_clean_cache=False, cmake_clean_first=False, cmake_force_configure=False, ament_cmake_args=None, catkin_cmake_args=None, catkin_skip_building_tests=False, verb_parser=<colcon_defaults.argument_parser.defaults.DefaultArgumentsDecorator object at 0x7343405a4460>, verb_extension=<colcon_core.verb.build.BuildVerb object at 0x7343406acfd0>, main=<bound method BuildVerb.main of <colcon_core.verb.build.BuildVerb object at 0x7343406acfd0>>)
[0.172s] Level 1:colcon.colcon_core.package_discovery:discover_packages(colcon_meta) check parameters
[0.172s] Level 1:colcon.colcon_core.package_discovery:discover_packages(recursive) check parameters
[0.172s] Level 1:colcon.colcon_core.package_discovery:discover_packages(ignore) check parameters
[0.172s] Level 1:colcon.colcon_core.package_discovery:discover_packages(path) check parameters
[0.172s] Level 1:colcon.colcon_core.package_discovery:discover_packages(colcon_meta) discover
[0.172s] Level 1:colcon.colcon_core.package_discovery:discover_packages(recursive) discover
[0.172s] INFO:colcon.colcon_core.package_discovery:Crawling recursively for packages in '/home/drmid/silmulation/ROS2_WS'
[0.172s] Level 1:colcon.colcon_core.package_identification:_identify(.) by extensions ['ignore', 'ignore_ament_install']
[0.173s] Level 1:colcon.colcon_core.package_identification:_identify(.) by extension 'ignore'
[0.173s] Level 1:colcon.colcon_core.package_identification:_identify(.) by extension 'ignore_ament_install'
[0.173s] Level 1:colcon.colcon_core.package_identification:_identify(.) by extensions ['colcon_pkg']
[0.173s] Level 1:colcon.colcon_core.package_identification:_identify(.) by extension 'colcon_pkg'
[0.173s] Level 1:colcon.colcon_core.package_identification:_identify(.) by extensions ['colcon_meta']
[0.173s] Level 1:colcon.colcon_core.package_identification:_identify(.) by extension 'colcon_meta'
[0.173s] Level 1:colcon.colcon_core.package_identification:_identify(.) by extensions ['ros']
[0.173s] Level 1:colcon.colcon_core.package_identification:_identify(.) by extension 'ros'
[0.181s] Level 1:colcon.colcon_core.package_identification:_identify(.) by extensions ['cmake', 'python']
[0.181s] Level 1:colcon.colcon_core.package_identification:_identify(.) by extension 'cmake'
[0.181s] Level 1:colcon.colcon_core.package_identification:_identify(.) by extension 'python'
[0.181s] Level 1:colcon.colcon_core.package_identification:_identify(.) by extensions ['python_setup_py']
[0.181s] Level 1:colcon.colcon_core.package_identification:_identify(.) by extension 'python_setup_py'
[0.181s] Level 1:colcon.colcon_core.package_identification:_identify(build) by extensions ['ignore', 'ignore_ament_install']
[0.181s] Level 1:colcon.colcon_core.package_identification:_identify(build) by extension 'ignore'
[0.181s] Level 1:colcon.colcon_core.package_identification:_identify(build) ignored
[0.181s] Level 1:colcon.colcon_core.package_identification:_identify(install) by extensions ['ignore', 'ignore_ament_install']
[0.181s] Level 1:colcon.colcon_core.package_identification:_identify(install) by extension 'ignore'
[0.181s] Level 1:colcon.colcon_core.package_identification:_identify(install) ignored
[0.181s] Level 1:colcon.colcon_core.package_identification:_identify(log) by extensions ['ignore', 'ignore_ament_install']
[0.181s] Level 1:colcon.colcon_core.package_identification:_identify(log) by extension 'ignore'
[0.181s] Level 1:colcon.colcon_core.package_identification:_identify(log) ignored
[0.181s] Level 1:colcon.colcon_core.package_identification:_identify(src) by extensions ['ignore', 'ignore_ament_install']
[0.181s] Level 1:colcon.colcon_core.package_identification:_identify(src) by extension 'ignore'
[0.181s] Level 1:colcon.colcon_core.package_identification:_identify(src) by extension 'ignore_ament_install'
[0.181s] Level 1:colcon.colcon_core.package_identification:_identify(src) by extensions ['colcon_pkg']
[0.181s] Level 1:colcon.colcon_core.package_identification:_identify(src) by extension 'colcon_pkg'
[0.181s] Level 1:colcon.colcon_core.package_identification:_identify(src) by extensions ['colcon_meta']
[0.181s] Level 1:colcon.colcon_core.package_identification:_identify(src) by extension 'colcon_meta'
[0.181s] Level 1:colcon.colcon_core.package_identification:_identify(src) by extensions ['ros']
[0.181s] Level 1:colcon.colcon_core.package_identification:_identify(src) by extension 'ros'
[0.182s] Level 1:colcon.colcon_core.package_identification:_identify(src) by extensions ['cmake', 'python']
[0.182s] Level 1:colcon.colcon_core.package_identification:_identify(src) by extension 'cmake'
[0.182s] Level 1:colcon.colcon_core.package_identification:_identify(src) by extension 'python'
[0.182s] Level 1:colcon.colcon_core.package_identification:_identify(src) by extensions ['python_setup_py']
[0.182s] Level 1:colcon.colcon_core.package_identification:_identify(src) by extension 'python_setup_py'
[0.182s] Level 1:colcon.colcon_core.package_identification:_identify(src/black_donut) by extensions ['ignore', 'ignore_ament_install']
[0.182s] Level 1:colcon.colcon_core.package_identification:_identify(src/black_donut) by extension 'ignore'
[0.182s] Level 1:colcon.colcon_core.package_identification:_identify(src/black_donut) by extension 'ignore_ament_install'
[0.182s] Level 1:colcon.colcon_core.package_identification:_identify(src/black_donut) by extensions ['colcon_pkg']
[0.182s] Level 1:colcon.colcon_core.package_identification:_identify(src/black_donut) by extension 'colcon_pkg'
[0.182s] Level 1:colcon.colcon_core.package_identification:_identify(src/black_donut) by extensions ['colcon_meta']
[0.182s] Level 1:colcon.colcon_core.package_identification:_identify(src/black_donut) by extension 'colcon_meta'
[0.182s] Level 1:colcon.colcon_core.package_identification:_identify(src/black_donut) by extensions ['ros']
[0.182s] Level 1:colcon.colcon_core.package_identification:_identify(src/black_donut) by extension 'ros'
[0.182s] Level 1:colcon.colcon_core.package_identification:_identify(src/black_donut) by extensions ['cmake', 'python']
[0.182s] Level 1:colcon.colcon_core.package_identification:_identify(src/black_donut) by extension 'cmake'
[0.182s] Level 1:colcon.colcon_core.package_identification:_identify(src/black_donut) by extension 'python'
[0.182s] Level 1:colcon.colcon_core.package_identification:_identify(src/black_donut) by extensions ['python_setup_py']
[0.182s] Level 1:colcon.colcon_core.package_identification:_identify(src/black_donut) by extension 'python_setup_py'
[0.182s] Level 1:colcon.colcon_core.package_identification:_identify(src/black_donut/black_donut_description) by extensions ['ignore', 'ignore_ament_install']
[0.182s] Level 1:colcon.colcon_core.package_identification:_identify(src/black_donut/black_donut_description) by extension 'ignore'
[0.182s] Level 1:colcon.colcon_core.package_identification:_identify(src/black_donut/black_donut_description) by extension 'ignore_ament_install'
[0.182s] Level 1:colcon.colcon_core.package_identification:_identify(src/black_donut/black_donut_description) by extensions ['colcon_pkg']
[0.182s] Level 1:colcon.colcon_core.package_identification:_identify(src/black_donut/black_donut_description) by extension 'colcon_pkg'
[0.182s] Level 1:colcon.colcon_core.package_identification:_identify(src/black_donut/black_donut_description) by extensions ['colcon_meta']
[0.182s] Level 1:colcon.colcon_core.package_identification:_identify(src/black_donut/black_donut_description) by extension 'colcon_meta'
[0.182s] Level 1:colcon.colcon_core.package_identification:_identify(src/black_donut/black_donut_description) by extensions ['ros']
[0.182s] Level 1:colcon.colcon_core.package_identification:_identify(src/black_donut/black_donut_description) by extension 'ros'
[0.184s] DEBUG:colcon.colcon_core.package_identification:Package 'src/black_donut/black_donut_description' with type 'ros.ament_cmake' and name 'black_donut_description'
[0.184s] Level 1:colcon.colcon_core.package_identification:_identify(src/black_donut/black_donut_gazebo) by extensions ['ignore', 'ignore_ament_install']
[0.184s] Level 1:colcon.colcon_core.package_identification:_identify(src/black_donut/black_donut_gazebo) by extension 'ignore'
[0.184s] Level 1:colcon.colcon_core.package_identification:_identify(src/black_donut/black_donut_gazebo) by extension 'ignore_ament_install'
[0.184s] Level 1:colcon.colcon_core.package_identification:_identify(src/black_donut/black_donut_gazebo) by extensions ['colcon_pkg']
[0.184s] Level 1:colcon.colcon_core.package_identification:_identify(src/black_donut/black_donut_gazebo) by extension 'colcon_pkg'
[0.184s] Level 1:colcon.colcon_core.package_identification:_identify(src/black_donut/black_donut_gazebo) by extensions ['colcon_meta']
[0.184s] Level 1:colcon.colcon_core.package_identification:_identify(src/black_donut/black_donut_gazebo) by extension 'colcon_meta'
[0.184s] Level 1:colcon.colcon_core.package_identification:_identify(src/black_donut/black_donut_gazebo) by extensions ['ros']
[0.184s] Level 1:colcon.colcon_core.package_identification:_identify(src/black_donut/black_donut_gazebo) by extension 'ros'
[0.185s] DEBUG:colcon.colcon_core.package_identification:Package 'src/black_donut/black_donut_gazebo' with type 'ros.ament_cmake' and name 'black_donut_gazebo'
[0.185s] Level 1:colcon.colcon_core.package_identification:_identify(src/dshape_description) by extensions ['ignore', 'ignore_ament_install']
[0.185s] Level 1:colcon.colcon_core.package_identification:_identify(src/dshape_description) by extension 'ignore'
[0.185s] Level 1:colcon.colcon_core.package_identification:_identify(src/dshape_description) by extension 'ignore_ament_install'
[0.185s] Level 1:colcon.colcon_core.package_identification:_identify(src/dshape_description) by extensions ['colcon_pkg']
[0.185s] Level 1:colcon.colcon_core.package_identification:_identify(src/dshape_description) by extension 'colcon_pkg'
[0.185s] Level 1:colcon.colcon_core.package_identification:_identify(src/dshape_description) by extensions ['colcon_meta']
[0.185s] Level 1:colcon.colcon_core.package_identification:_identify(src/dshape_description) by extension 'colcon_meta'
[0.185s] Level 1:colcon.colcon_core.package_identification:_identify(src/dshape_description) by extensions ['ros']
[0.185s] Level 1:colcon.colcon_core.package_identification:_identify(src/dshape_description) by extension 'ros'
[0.185s] DEBUG:colcon.colcon_core.package_identification:Package 'src/dshape_description' with type 'ros.ament_cmake' and name 'dshape_description'
[0.185s] Level 1:colcon.colcon_core.package_identification:_identify(src/dshape_gazebo) by extensions ['ignore', 'ignore_ament_install']
[0.185s] Level 1:colcon.colcon_core.package_identification:_identify(src/dshape_gazebo) by extension 'ignore'
[0.185s] Level 1:colcon.colcon_core.package_identification:_identify(src/dshape_gazebo) by extension 'ignore_ament_install'
[0.185s] Level 1:colcon.colcon_core.package_identification:_identify(src/dshape_gazebo) by extensions ['colcon_pkg']
[0.185s] Level 1:colcon.colcon_core.package_identification:_identify(src/dshape_gazebo) by extension 'colcon_pkg'
[0.185s] Level 1:colcon.colcon_core.package_identification:_identify(src/dshape_gazebo) by extensions ['colcon_meta']
[0.185s] Level 1:colcon.colcon_core.package_identification:_identify(src/dshape_gazebo) by extension 'colcon_meta'
[0.185s] Level 1:colcon.colcon_core.package_identification:_identify(src/dshape_gazebo) by extensions ['ros']
[0.185s] Level 1:colcon.colcon_core.package_identification:_identify(src/dshape_gazebo) by extension 'ros'
[0.186s] DEBUG:colcon.colcon_core.package_identification:Package 'src/dshape_gazebo' with type 'ros.ament_cmake' and name 'dshape_gazebo'
[0.186s] Level 1:colcon.colcon_core.package_discovery:discover_packages(recursive) using defaults
[0.186s] Level 1:colcon.colcon_core.package_discovery:discover_packages(ignore) discover
[0.186s] Level 1:colcon.colcon_core.package_discovery:discover_packages(ignore) using defaults
[0.186s] Level 1:colcon.colcon_core.package_discovery:discover_packages(path) discover
[0.186s] Level 1:colcon.colcon_core.package_discovery:discover_packages(path) using defaults
[0.199s] Level 1:colcon.colcon_core.package_discovery:discover_packages(prefix_path) check parameters
[0.199s] Level 1:colcon.colcon_core.package_discovery:discover_packages(prefix_path) discover
[0.201s] DEBUG:colcon.colcon_installed_package_information.package_discovery:Found 2 installed packages in /home/drmid/silmulation/ROS2_WS/install
[0.201s] DEBUG:colcon.colcon_installed_package_information.package_discovery:Found 1 installed packages in /home/drmid/ROS/urdf_ws/install
[0.201s] DEBUG:colcon.colcon_installed_package_information.package_discovery:Found 2 installed packages in /home/drmid/exam/ros_ws/install
[0.202s] DEBUG:colcon.colcon_installed_package_information.package_discovery:Found 0 installed packages in /home/drmid/Project/workspace/install
[0.202s] DEBUG:colcon.colcon_installed_package_information.package_discovery:Found 5 installed packages in /home/drmid/Test/workspace/install
[0.203s] DEBUG:colcon.colcon_installed_package_information.package_discovery:Found 350 installed packages in /opt/ros/humble
[0.214s] Level 1:colcon.colcon_core.package_discovery:discover_packages(prefix_path) using defaults
[0.242s] Level 5:colcon.colcon_core.verb:set package 'black_donut_description' build argument 'cmake_args' from command line to 'None'
[0.242s] Level 5:colcon.colcon_core.verb:set package 'black_donut_description' build argument 'cmake_target' from command line to 'None'
[0.242s] Level 5:colcon.colcon_core.verb:set package 'black_donut_description' build argument 'cmake_target_skip_unavailable' from command line to 'False'
[0.242s] Level 5:colcon.colcon_core.verb:set package 'black_donut_description' build argument 'cmake_clean_cache' from command line to 'False'
[0.242s] Level 5:colcon.colcon_core.verb:set package 'black_donut_description' build argument 'cmake_clean_first' from command line to 'False'
[0.242s] Level 5:colcon.colcon_core.verb:set package 'black_donut_description' build argument 'cmake_force_configure' from command line to 'False'
[0.242s] Level 5:colcon.colcon_core.verb:set package 'black_donut_description' build argument 'ament_cmake_args' from command line to 'None'
[0.242s] Level 5:colcon.colcon_core.verb:set package 'black_donut_description' build argument 'catkin_cmake_args' from command line to 'None'
[0.242s] Level 5:colcon.colcon_core.verb:set package 'black_donut_description' build argument 'catkin_skip_building_tests' from command line to 'False'
[0.242s] DEBUG:colcon.colcon_core.verb:Building package 'black_donut_description' with the following arguments: {'ament_cmake_args': None, 'build_base': '/home/drmid/silmulation/ROS2_WS/build/black_donut_description', 'catkin_cmake_args': None, 'catkin_skip_building_tests': False, 'cmake_args': None, 'cmake_clean_cache': False, 'cmake_clean_first': False, 'cmake_force_configure': False, 'cmake_target': None, 'cmake_target_skip_unavailable': False, 'install_base': '/home/drmid/silmulation/ROS2_WS/install/black_donut_description', 'merge_install': False, 'path': '/home/drmid/silmulation/ROS2_WS/src/black_donut/black_donut_description', 'symlink_install': False, 'test_result_base': None}
[0.242s] Level 5:colcon.colcon_core.verb:set package 'black_donut_gazebo' build argument 'cmake_args' from command line to 'None'
[0.242s] Level 5:colcon.colcon_core.verb:set package 'black_donut_gazebo' build argument 'cmake_target' from command line to 'None'
[0.242s] Level 5:colcon.colcon_core.verb:set package 'black_donut_gazebo' build argument 'cmake_target_skip_unavailable' from command line to 'False'
[0.242s] Level 5:colcon.colcon_core.verb:set package 'black_donut_gazebo' build argument 'cmake_clean_cache' from command line to 'False'
[0.242s] Level 5:colcon.colcon_core.verb:set package 'black_donut_gazebo' build argument 'cmake_clean_first' from command line to 'False'
[0.242s] Level 5:colcon.colcon_core.verb:set package 'black_donut_gazebo' build argument 'cmake_force_configure' from command line to 'False'
[0.242s] Level 5:colcon.colcon_core.verb:set package 'black_donut_gazebo' build argument 'ament_cmake_args' from command line to 'None'
[0.242s] Level 5:colcon.colcon_core.verb:set package 'black_donut_gazebo' build argument 'catkin_cmake_args' from command line to 'None'
[0.242s] Level 5:colcon.colcon_core.verb:set package 'black_donut_gazebo' build argument 'catkin_skip_building_tests' from command line to 'False'
[0.242s] DEBUG:colcon.colcon_core.verb:Building package 'black_donut_gazebo' with the following arguments: {'ament_cmake_args': None, 'build_base': '/home/drmid/silmulation/ROS2_WS/build/black_donut_gazebo', 'catkin_cmake_args': None, 'catkin_skip_building_tests': False, 'cmake_args': None, 'cmake_clean_cache': False, 'cmake_clean_first': False, 'cmake_force_configure': False, 'cmake_target': None, 'cmake_target_skip_unavailable': False, 'install_base': '/home/drmid/silmulation/ROS2_WS/install/black_donut_gazebo', 'merge_install': False, 'path': '/home/drmid/silmulation/ROS2_WS/src/black_donut/black_donut_gazebo', 'symlink_install': False, 'test_result_base': None}
[0.243s] Level 5:colcon.colcon_core.verb:set package 'dshape_description' build argument 'cmake_args' from command line to 'None'
[0.243s] Level 5:colcon.colcon_core.verb:set package 'dshape_description' build argument 'cmake_target' from command line to 'None'
[0.243s] Level 5:colcon.colcon_core.verb:set package 'dshape_description' build argument 'cmake_target_skip_unavailable' from command line to 'False'
[0.243s] Level 5:colcon.colcon_core.verb:set package 'dshape_description' build argument 'cmake_clean_cache' from command line to 'False'
[0.243s] Level 5:colcon.colcon_core.verb:set package 'dshape_description' build argument 'cmake_clean_first' from command line to 'False'
[0.243s] Level 5:colcon.colcon_core.verb:set package 'dshape_description' build argument 'cmake_force_configure' from command line to 'False'
[0.243s] Level 5:colcon.colcon_core.verb:set package 'dshape_description' build argument 'ament_cmake_args' from command line to 'None'
[0.243s] Level 5:colcon.colcon_core.verb:set package 'dshape_description' build argument 'catkin_cmake_args' from command line to 'None'
[0.243s] Level 5:colcon.colcon_core.verb:set package 'dshape_description' build argument 'catkin_skip_building_tests' from command line to 'False'
[0.243s] DEBUG:colcon.colcon_core.verb:Building package 'dshape_description' with the following arguments: {'ament_cmake_args': None, 'build_base': '/home/drmid/silmulation/ROS2_WS/build/dshape_description', 'catkin_cmake_args': None, 'catkin_skip_building_tests': False, 'cmake_args': None, 'cmake_clean_cache': False, 'cmake_clean_first': False, 'cmake_force_configure': False, 'cmake_target': None, 'cmake_target_skip_unavailable': False, 'install_base': '/home/drmid/silmulation/ROS2_WS/install/dshape_description', 'merge_install': False, 'path': '/home/drmid/silmulation/ROS2_WS/src/dshape_description', 'symlink_install': False, 'test_result_base': None}
[0.243s] Level 5:colcon.colcon_core.verb:set package 'dshape_gazebo' build argument 'cmake_args' from command line to 'None'
[0.243s] Level 5:colcon.colcon_core.verb:set package 'dshape_gazebo' build argument 'cmake_target' from command line to 'None'
[0.243s] Level 5:colcon.colcon_core.verb:set package 'dshape_gazebo' build argument 'cmake_target_skip_unavailable' from command line to 'False'
[0.243s] Level 5:colcon.colcon_core.verb:set package 'dshape_gazebo' build argument 'cmake_clean_cache' from command line to 'False'
[0.243s] Level 5:colcon.colcon_core.verb:set package 'dshape_gazebo' build argument 'cmake_clean_first' from command line to 'False'
[0.243s] Level 5:colcon.colcon_core.verb:set package 'dshape_gazebo' build argument 'cmake_force_configure' from command line to 'False'
[0.243s] Level 5:colcon.colcon_core.verb:set package 'dshape_gazebo' build argument 'ament_cmake_args' from command line to 'None'
[0.243s] Level 5:colcon.colcon_core.verb:set package 'dshape_gazebo' build argument 'catkin_cmake_args' from command line to 'None'
[0.243s] Level 5:colcon.colcon_core.verb:set package 'dshape_gazebo' build argument 'catkin_skip_building_tests' from command line to 'False'
[0.243s] DEBUG:colcon.colcon_core.verb:Building package 'dshape_gazebo' with the following arguments: {'ament_cmake_args': None, 'build_base': '/home/drmid/silmulation/ROS2_WS/build/dshape_gazebo', 'catkin_cmake_args': None, 'catkin_skip_building_tests': False, 'cmake_args': None, 'cmake_clean_cache': False, 'cmake_clean_first': False, 'cmake_force_configure': False, 'cmake_target': None, 'cmake_target_skip_unavailable': False, 'install_base': '/home/drmid/silmulation/ROS2_WS/install/dshape_gazebo', 'merge_install': False, 'path': '/home/drmid/silmulation/ROS2_WS/src/dshape_gazebo', 'symlink_install': False, 'test_result_base': None}
[0.243s] INFO:colcon.colcon_core.executor:Executing jobs using 'parallel' executor
[0.244s] DEBUG:colcon.colcon_parallel_executor.executor.parallel:run_until_complete
[0.244s] INFO:colcon.colcon_ros.task.ament_cmake.build:Building ROS package in '/home/drmid/silmulation/ROS2_WS/src/black_donut/black_donut_description' with build type 'ament_cmake'
[0.244s] INFO:colcon.colcon_cmake.task.cmake.build:Building CMake package in '/home/drmid/silmulation/ROS2_WS/src/black_donut/black_donut_description'
[0.246s] INFO:colcon.colcon_core.plugin_system:Skipping extension 'colcon_core.shell.bat': Not used on non-Windows systems
[0.246s] INFO:colcon.colcon_core.shell:Skip shell extension 'powershell' for command environment: Not usable outside of PowerShell
[0.246s] DEBUG:colcon.colcon_core.shell:Skip shell extension 'dsv' for command environment
[0.249s] INFO:colcon.colcon_ros.task.ament_cmake.build:Building ROS package in '/home/drmid/silmulation/ROS2_WS/src/black_donut/black_donut_gazebo' with build type 'ament_cmake'
[0.249s] INFO:colcon.colcon_cmake.task.cmake.build:Building CMake package in '/home/drmid/silmulation/ROS2_WS/src/black_donut/black_donut_gazebo'
[0.249s] INFO:colcon.colcon_core.shell:Skip shell extension 'powershell' for command environment: Not usable outside of PowerShell
[0.249s] DEBUG:colcon.colcon_core.shell:Skip shell extension 'dsv' for command environment
[0.252s] INFO:colcon.colcon_ros.task.ament_cmake.build:Building ROS package in '/home/drmid/silmulation/ROS2_WS/src/dshape_description' with build type 'ament_cmake'
[0.252s] INFO:colcon.colcon_cmake.task.cmake.build:Building CMake package in '/home/drmid/silmulation/ROS2_WS/src/dshape_description'
[0.253s] INFO:colcon.colcon_core.shell:Skip shell extension 'powershell' for command environment: Not usable outside of PowerShell
[0.253s] DEBUG:colcon.colcon_core.shell:Skip shell extension 'dsv' for command environment
[0.256s] INFO:colcon.colcon_ros.task.ament_cmake.build:Building ROS package in '/home/drmid/silmulation/ROS2_WS/src/dshape_gazebo' with build type 'ament_cmake'
[0.256s] INFO:colcon.colcon_cmake.task.cmake.build:Building CMake package in '/home/drmid/silmulation/ROS2_WS/src/dshape_gazebo'
[0.256s] INFO:colcon.colcon_core.shell:Skip shell extension 'powershell' for command environment: Not usable outside of PowerShell
[0.256s] DEBUG:colcon.colcon_core.shell:Skip shell extension 'dsv' for command environment
[0.263s] DEBUG:colcon.colcon_core.event_handler.log_command:Invoking command in '/home/drmid/silmulation/ROS2_WS/build/black_donut_description': CMAKE_PREFIX_PATH=${CMAKE_PREFIX_PATH}:/opt/ros/humble /usr/bin/cmake --build /home/drmid/silmulation/ROS2_WS/build/black_donut_description -- -j4 -l4
[0.266s] DEBUG:colcon.colcon_core.event_handler.log_command:Invoking command in '/home/drmid/silmulation/ROS2_WS/build/black_donut_gazebo': CMAKE_PREFIX_PATH=${CMAKE_PREFIX_PATH}:/opt/ros/humble /usr/bin/cmake --build /home/drmid/silmulation/ROS2_WS/build/black_donut_gazebo -- -j4 -l4
[0.268s] DEBUG:colcon.colcon_core.event_handler.log_command:Invoking command in '/home/drmid/silmulation/ROS2_WS/build/dshape_description': CMAKE_PREFIX_PATH=${CMAKE_PREFIX_PATH}:/opt/ros/humble /usr/bin/cmake --build /home/drmid/silmulation/ROS2_WS/build/dshape_description -- -j4 -l4
[0.275s] DEBUG:colcon.colcon_core.event_handler.log_command:Invoking command in '/home/drmid/silmulation/ROS2_WS/build/dshape_gazebo': CMAKE_PREFIX_PATH=${CMAKE_PREFIX_PATH}:/opt/ros/humble /usr/bin/cmake --build /home/drmid/silmulation/ROS2_WS/build/dshape_gazebo -- -j4 -l4
[0.287s] DEBUG:colcon.colcon_core.event_handler.log_command:Invoked command in '/home/drmid/silmulation/ROS2_WS/build/black_donut_description' returned '2': CMAKE_PREFIX_PATH=${CMAKE_PREFIX_PATH}:/opt/ros/humble /usr/bin/cmake --build /home/drmid/silmulation/ROS2_WS/build/black_donut_description -- -j4 -l4
[0.290s] DEBUG:colcon.colcon_core.event_handler.log_command:Invoked command in '/home/drmid/silmulation/ROS2_WS/build/black_donut_gazebo' returned '2': CMAKE_PREFIX_PATH=${CMAKE_PREFIX_PATH}:/opt/ros/humble /usr/bin/cmake --build /home/drmid/silmulation/ROS2_WS/build/black_donut_gazebo -- -j4 -l4
[0.307s] Level 1:colcon.colcon_core.environment:create_environment_scripts_only(black_donut_description)
[0.309s] Level 1:colcon.colcon_core.environment:checking '/home/drmid/silmulation/ROS2_WS/install/black_donut_description' for CMake module files
[0.310s] Level 1:colcon.colcon_core.environment:checking '/home/drmid/silmulation/ROS2_WS/install/black_donut_description' for CMake config files
[0.310s] Level 1:colcon.colcon_core.shell:create_environment_hook('black_donut_description', 'cmake_prefix_path')
[0.311s] INFO:colcon.colcon_core.shell:Creating environment hook '/home/drmid/silmulation/ROS2_WS/install/black_donut_description/share/black_donut_description/hook/cmake_prefix_path.ps1'
[0.311s] INFO:colcon.colcon_core.shell:Creating environment descriptor '/home/drmid/silmulation/ROS2_WS/install/black_donut_description/share/black_donut_description/hook/cmake_prefix_path.dsv'
[0.311s] INFO:colcon.colcon_core.shell:Creating environment hook '/home/drmid/silmulation/ROS2_WS/install/black_donut_description/share/black_donut_description/hook/cmake_prefix_path.sh'
[0.312s] Level 1:colcon.colcon_core.environment:checking '/home/drmid/silmulation/ROS2_WS/install/black_donut_description/bin'
[0.312s] Level 1:colcon.colcon_core.environment:checking '/home/drmid/silmulation/ROS2_WS/install/black_donut_description/lib/pkgconfig/black_donut_description.pc'
[0.312s] Level 1:colcon.colcon_core.environment:checking '/home/drmid/silmulation/ROS2_WS/install/black_donut_description/lib/python3.10/site-packages'
[0.313s] Level 1:colcon.colcon_core.environment:checking '/home/drmid/silmulation/ROS2_WS/install/black_donut_description/bin'
[0.313s] INFO:colcon.colcon_core.shell:Creating package script '/home/drmid/silmulation/ROS2_WS/install/black_donut_description/share/black_donut_description/package.ps1'
[0.313s] INFO:colcon.colcon_core.shell:Creating package descriptor '/home/drmid/silmulation/ROS2_WS/install/black_donut_description/share/black_donut_description/package.dsv'
[0.314s] INFO:colcon.colcon_core.shell:Creating package script '/home/drmid/silmulation/ROS2_WS/install/black_donut_description/share/black_donut_description/package.sh'
[0.314s] INFO:colcon.colcon_core.shell:Creating package script '/home/drmid/silmulation/ROS2_WS/install/black_donut_description/share/black_donut_description/package.bash'
[0.315s] INFO:colcon.colcon_core.shell:Creating package script '/home/drmid/silmulation/ROS2_WS/install/black_donut_description/share/black_donut_description/package.zsh'
[0.315s] Level 1:colcon.colcon_core.environment:create_file_with_runtime_dependencies(/home/drmid/silmulation/ROS2_WS/install/black_donut_description/share/colcon-core/packages/black_donut_description)
[0.327s] DEBUG:colcon.colcon_parallel_executor.executor.parallel:closing loop
[0.327s] DEBUG:colcon.colcon_parallel_executor.executor.parallel:loop closed
[0.327s] DEBUG:colcon.colcon_parallel_executor.executor.parallel:run_until_complete finished with '2'
[0.327s] DEBUG:colcon.colcon_core.event_reactor:joining thread
[0.330s] INFO:colcon.colcon_core.plugin_system:Skipping extension 'colcon_notification.desktop_notification.terminal_notifier': Not used on non-Darwin systems
[0.331s] INFO:colcon.colcon_core.plugin_system:Skipping extension 'colcon_notification.desktop_notification.win32': Not used on non-Windows systems
[0.331s] INFO:colcon.colcon_notification.desktop_notification:Sending desktop notification using 'notify2'
[0.338s] DEBUG:colcon.colcon_core.event_reactor:joined thread
[0.339s] INFO:colcon.colcon_core.shell:Creating prefix script '/home/drmid/silmulation/ROS2_WS/install/local_setup.ps1'
[0.340s] INFO:colcon.colcon_core.shell:Creating prefix util module '/home/drmid/silmulation/ROS2_WS/install/_local_setup_util_ps1.py'
[0.341s] INFO:colcon.colcon_core.shell:Creating prefix chain script '/home/drmid/silmulation/ROS2_WS/install/setup.ps1'
[0.343s] INFO:colcon.colcon_core.shell:Creating prefix script '/home/drmid/silmulation/ROS2_WS/install/local_setup.sh'
[0.343s] INFO:colcon.colcon_core.shell:Creating prefix util module '/home/drmid/silmulation/ROS2_WS/install/_local_setup_util_sh.py'
[0.343s] INFO:colcon.colcon_core.shell:Creating prefix chain script '/home/drmid/silmulation/ROS2_WS/install/setup.sh'
[0.344s] INFO:colcon.colcon_core.shell:Creating prefix script '/home/drmid/silmulation/ROS2_WS/install/local_setup.bash'
[0.345s] INFO:colcon.colcon_core.shell:Creating prefix chain script '/home/drmid/silmulation/ROS2_WS/install/setup.bash'
[0.346s] INFO:colcon.colcon_core.shell:Creating prefix script '/home/drmid/silmulation/ROS2_WS/install/local_setup.zsh'
[0.346s] INFO:colcon.colcon_core.shell:Creating prefix chain script '/home/drmid/silmulation/ROS2_WS/install/setup.zsh'
