-- Install configuration: ""
-- Up-to-date: /home/drmid/silmulation/ROS2_WS/install/black_donut_description/share/black_donut_description/config
-- Up-to-date: /home/drmid/silmulation/ROS2_WS/install/black_donut_description/share/black_donut_description/config/sim_controllers.yaml
-- Up-to-date: /home/drmid/silmulation/ROS2_WS/install/black_donut_description/share/black_donut_description/config/hw_controllers.yaml
-- Up-to-date: /home/drmid/silmulation/ROS2_WS/install/black_donut_description/share/black_donut_description/launch
-- Up-to-date: /home/drmid/silmulation/ROS2_WS/install/black_donut_description/share/black_donut_description/launch/description_sim.launch.py
-- Up-to-date: /home/drmid/silmulation/ROS2_WS/install/black_donut_description/share/black_donut_description/urdf
-- Up-to-date: /home/drmid/silmulation/ROS2_WS/install/black_donut_description/share/black_donut_description/urdf/inertial_macros.xacro
-- Up-to-date: /home/drmid/silmulation/ROS2_WS/install/black_donut_description/share/black_donut_description/urdf/ros2_sim_control.xacro
-- Up-to-date: /home/drmid/silmulation/ROS2_WS/install/black_donut_description/share/black_donut_description/urdf/urdf.urdf
-- Up-to-date: /home/drmid/silmulation/ROS2_WS/install/black_donut_description/share/black_donut_description/urdf/robot_core.xacro
-- Up-to-date: /home/drmid/silmulation/ROS2_WS/install/black_donut_description/share/black_donut_description/urdf/lidar.xacro
-- Up-to-date: /home/drmid/silmulation/ROS2_WS/install/black_donut_description/share/black_donut_description/urdf/donut_sim_robot.urdf.xacro
-- Up-to-date: /home/drmid/silmulation/ROS2_WS/install/black_donut_description/share/ament_index/resource_index/package_run_dependencies/black_donut_description
-- Up-to-date: /home/drmid/silmulation/ROS2_WS/install/black_donut_description/share/ament_index/resource_index/parent_prefix_path/black_donut_description
-- Up-to-date: /home/drmid/silmulation/ROS2_WS/install/black_donut_description/share/black_donut_description/environment/ament_prefix_path.sh
-- Up-to-date: /home/drmid/silmulation/ROS2_WS/install/black_donut_description/share/black_donut_description/environment/ament_prefix_path.dsv
-- Up-to-date: /home/drmid/silmulation/ROS2_WS/install/black_donut_description/share/black_donut_description/environment/path.sh
-- Up-to-date: /home/drmid/silmulation/ROS2_WS/install/black_donut_description/share/black_donut_description/environment/path.dsv
-- Up-to-date: /home/drmid/silmulation/ROS2_WS/install/black_donut_description/share/black_donut_description/local_setup.bash
-- Up-to-date: /home/drmid/silmulation/ROS2_WS/install/black_donut_description/share/black_donut_description/local_setup.sh
-- Up-to-date: /home/drmid/silmulation/ROS2_WS/install/black_donut_description/share/black_donut_description/local_setup.zsh
-- Up-to-date: /home/drmid/silmulation/ROS2_WS/install/black_donut_description/share/black_donut_description/local_setup.dsv
-- Up-to-date: /home/drmid/silmulation/ROS2_WS/install/black_donut_description/share/black_donut_description/package.dsv
-- Up-to-date: /home/drmid/silmulation/ROS2_WS/install/black_donut_description/share/ament_index/resource_index/packages/black_donut_description
-- Up-to-date: /home/drmid/silmulation/ROS2_WS/install/black_donut_description/share/black_donut_description/cmake/black_donut_descriptionConfig.cmake
-- Up-to-date: /home/drmid/silmulation/ROS2_WS/install/black_donut_description/share/black_donut_description/cmake/black_donut_descriptionConfig-version.cmake
-- Up-to-date: /home/drmid/silmulation/ROS2_WS/install/black_donut_description/share/black_donut_description/package.xml
