[0.014s] Invoking command in '/home/drmid/silmulation/ROS2_WS/build/black_donut_description': CMAKE_PREFIX_PATH=${CMAKE_PREFIX_PATH}:/opt/ros/humble /usr/bin/cmake --build /home/drmid/silmulation/ROS2_WS/build/black_donut_description -- -j4 -l4
[0.051s] Invoked command in '/home/drmid/silmulation/ROS2_WS/build/black_donut_description' returned '0': CMAKE_PREFIX_PATH=${CMAKE_PREFIX_PATH}:/opt/ros/humble /usr/bin/cmake --build /home/drmid/silmulation/ROS2_WS/build/black_donut_description -- -j4 -l4
[0.083s] Invoking command in '/home/drmid/silmulation/ROS2_WS/build/black_donut_description': CMAKE_PREFIX_PATH=${CMAKE_PREFIX_PATH}:/opt/ros/humble /usr/bin/cmake --install /home/drmid/silmulation/ROS2_WS/build/black_donut_description
[0.092s] -- Install configuration: ""
[0.092s] -- Up-to-date: /home/drmid/silmulation/ROS2_WS/install/black_donut_description/share/black_donut_description/config
[0.092s] -- Up-to-date: /home/drmid/silmulation/ROS2_WS/install/black_donut_description/share/black_donut_description/config/sim_controllers.yaml
[0.092s] -- Up-to-date: /home/drmid/silmulation/ROS2_WS/install/black_donut_description/share/black_donut_description/config/hw_controllers.yaml
[0.093s] -- Up-to-date: /home/drmid/silmulation/ROS2_WS/install/black_donut_description/share/black_donut_description/launch
[0.093s] -- Up-to-date: /home/drmid/silmulation/ROS2_WS/install/black_donut_description/share/black_donut_description/launch/description_sim.launch.py
[0.093s] -- Up-to-date: /home/drmid/silmulation/ROS2_WS/install/black_donut_description/share/black_donut_description/urdf
[0.093s] -- Up-to-date: /home/drmid/silmulation/ROS2_WS/install/black_donut_description/share/black_donut_description/urdf/inertial_macros.xacro
[0.093s] -- Up-to-date: /home/drmid/silmulation/ROS2_WS/install/black_donut_description/share/black_donut_description/urdf/ros2_sim_control.xacro
[0.093s] -- Up-to-date: /home/drmid/silmulation/ROS2_WS/install/black_donut_description/share/black_donut_description/urdf/urdf.urdf
[0.093s] -- Up-to-date: /home/drmid/silmulation/ROS2_WS/install/black_donut_description/share/black_donut_description/urdf/robot_core.xacro
[0.093s] -- Up-to-date: /home/drmid/silmulation/ROS2_WS/install/black_donut_description/share/black_donut_description/urdf/lidar.xacro
[0.094s] -- Up-to-date: /home/drmid/silmulation/ROS2_WS/install/black_donut_description/share/black_donut_description/urdf/donut_sim_robot.urdf.xacro
[0.094s] -- Up-to-date: /home/drmid/silmulation/ROS2_WS/install/black_donut_description/share/ament_index/resource_index/package_run_dependencies/black_donut_description
[0.094s] -- Up-to-date: /home/drmid/silmulation/ROS2_WS/install/black_donut_description/share/ament_index/resource_index/parent_prefix_path/black_donut_description
[0.094s] -- Up-to-date: /home/drmid/silmulation/ROS2_WS/install/black_donut_description/share/black_donut_description/environment/ament_prefix_path.sh
[0.095s] -- Up-to-date: /home/drmid/silmulation/ROS2_WS/install/black_donut_description/share/black_donut_description/environment/ament_prefix_path.dsv
[0.097s] -- Up-to-date: /home/drmid/silmulation/ROS2_WS/install/black_donut_description/share/black_donut_description/environment/path.sh
[0.097s] -- Up-to-date: /home/drmid/silmulation/ROS2_WS/install/black_donut_description/share/black_donut_description/environment/path.dsv
[0.098s] -- Up-to-date: /home/drmid/silmulation/ROS2_WS/install/black_donut_description/share/black_donut_description/local_setup.bash
[0.099s] -- Up-to-date: /home/drmid/silmulation/ROS2_WS/install/black_donut_description/share/black_donut_description/local_setup.sh
[0.099s] -- Up-to-date: /home/drmid/silmulation/ROS2_WS/install/black_donut_description/share/black_donut_description/local_setup.zsh
[0.099s] -- Up-to-date: /home/drmid/silmulation/ROS2_WS/install/black_donut_description/share/black_donut_description/local_setup.dsv
[0.099s] -- Up-to-date: /home/drmid/silmulation/ROS2_WS/install/black_donut_description/share/black_donut_description/package.dsv
[0.099s] -- Up-to-date: /home/drmid/silmulation/ROS2_WS/install/black_donut_description/share/ament_index/resource_index/packages/black_donut_description
[0.099s] -- Up-to-date: /home/drmid/silmulation/ROS2_WS/install/black_donut_description/share/black_donut_description/cmake/black_donut_descriptionConfig.cmake
[0.099s] -- Up-to-date: /home/drmid/silmulation/ROS2_WS/install/black_donut_description/share/black_donut_description/cmake/black_donut_descriptionConfig-version.cmake
[0.099s] -- Up-to-date: /home/drmid/silmulation/ROS2_WS/install/black_donut_description/share/black_donut_description/package.xml
[0.100s] Invoked command in '/home/drmid/silmulation/ROS2_WS/build/black_donut_description' returned '0': CMAKE_PREFIX_PATH=${CMAKE_PREFIX_PATH}:/opt/ros/humble /usr/bin/cmake --install /home/drmid/silmulation/ROS2_WS/build/black_donut_description
