[0.020s] Invoking command in '/home/drmid/silmulation/ROS2_WS/build/dshape_gazebo': CMAKE_PREFIX_PATH=${CMAKE_PREFIX_PATH}:/opt/ros/humble /usr/bin/cmake --build /home/drmid/silmulation/ROS2_WS/build/dshape_gazebo -- -j4 -l4
[0.039s] -- Found ament_cmake: 1.3.8 (/opt/ros/humble/share/ament_cmake/cmake)
[0.168s] -- Found ament_lint_auto: 0.12.10 (/opt/ros/humble/share/ament_lint_auto/cmake)
[0.220s] -- Added test 'flake8' to check Python code syntax and style conventions
[0.220s] -- Added test 'lint_cmake' to check CMake code style
[0.220s] -- Added test 'pep257' to check Python code against some of the docstring style conventions in PEP 257
[0.221s] -- Added test 'xmllint' to check XML markup files
[0.222s] -- Configuring done
[0.224s] -- Generating done
[0.225s] -- Build files have been written to: /home/drmid/silmulation/ROS2_WS/build/dshape_gazebo
[0.239s] Invoked command in '/home/drmid/silmulation/ROS2_WS/build/dshape_gazebo' returned '0': CMAKE_PREFIX_PATH=${CMAKE_PREFIX_PATH}:/opt/ros/humble /usr/bin/cmake --build /home/drmid/silmulation/ROS2_WS/build/dshape_gazebo -- -j4 -l4
[0.254s] Invoking command in '/home/drmid/silmulation/ROS2_WS/build/dshape_gazebo': CMAKE_PREFIX_PATH=${CMAKE_PREFIX_PATH}:/opt/ros/humble /usr/bin/cmake --install /home/drmid/silmulation/ROS2_WS/build/dshape_gazebo
[0.260s] -- Install configuration: ""
[0.260s] -- Installing: /home/drmid/silmulation/ROS2_WS/install/dshape_gazebo/share/dshape_gazebo//config
[0.260s] -- Installing: /home/drmid/silmulation/ROS2_WS/install/dshape_gazebo/share/dshape_gazebo//config/gazebo_params.yaml
[0.260s] -- Installing: /home/drmid/silmulation/ROS2_WS/install/dshape_gazebo/share/dshape_gazebo//config/twist_mux.yaml
[0.260s] -- Installing: /home/drmid/silmulation/ROS2_WS/install/dshape_gazebo/share/dshape_gazebo//launch
[0.260s] -- Installing: /home/drmid/silmulation/ROS2_WS/install/dshape_gazebo/share/dshape_gazebo//launch/dshape.launch.py
[0.260s] -- Installing: /home/drmid/silmulation/ROS2_WS/install/dshape_gazebo/share/dshape_gazebo//launch/controller_spawner.launch.py
[0.260s] -- Installing: /home/drmid/silmulation/ROS2_WS/install/dshape_gazebo/share/dshape_gazebo//rviz2
[0.260s] -- Installing: /home/drmid/silmulation/ROS2_WS/install/dshape_gazebo/share/dshape_gazebo//rviz2/default.rviz
[0.260s] -- Installing: /home/drmid/silmulation/ROS2_WS/install/dshape_gazebo/share/dshape_gazebo//rviz2/display.rviz
[0.261s] -- Installing: /home/drmid/silmulation/ROS2_WS/install/dshape_gazebo/share/dshape_gazebo//maps
[0.261s] -- Installing: /home/drmid/silmulation/ROS2_WS/install/dshape_gazebo/share/dshape_gazebo//maps/gz_ros2_control.png
[0.261s] -- Up-to-date: /home/drmid/silmulation/ROS2_WS/install/dshape_gazebo/share/ament_index/resource_index/package_run_dependencies/dshape_gazebo
[0.261s] -- Installing: /home/drmid/silmulation/ROS2_WS/install/dshape_gazebo/share/ament_index/resource_index/parent_prefix_path/dshape_gazebo
[0.261s] -- Up-to-date: /home/drmid/silmulation/ROS2_WS/install/dshape_gazebo/share/dshape_gazebo/environment/ament_prefix_path.sh
[0.262s] -- Installing: /home/drmid/silmulation/ROS2_WS/install/dshape_gazebo/share/dshape_gazebo/environment/ament_prefix_path.dsv
[0.262s] -- Up-to-date: /home/drmid/silmulation/ROS2_WS/install/dshape_gazebo/share/dshape_gazebo/environment/path.sh
[0.262s] -- Installing: /home/drmid/silmulation/ROS2_WS/install/dshape_gazebo/share/dshape_gazebo/environment/path.dsv
[0.262s] -- Up-to-date: /home/drmid/silmulation/ROS2_WS/install/dshape_gazebo/share/dshape_gazebo/local_setup.bash
[0.262s] -- Up-to-date: /home/drmid/silmulation/ROS2_WS/install/dshape_gazebo/share/dshape_gazebo/local_setup.sh
[0.262s] -- Up-to-date: /home/drmid/silmulation/ROS2_WS/install/dshape_gazebo/share/dshape_gazebo/local_setup.zsh
[0.262s] -- Installing: /home/drmid/silmulation/ROS2_WS/install/dshape_gazebo/share/dshape_gazebo/local_setup.dsv
[0.262s] -- Installing: /home/drmid/silmulation/ROS2_WS/install/dshape_gazebo/share/dshape_gazebo/package.dsv
[0.262s] -- Up-to-date: /home/drmid/silmulation/ROS2_WS/install/dshape_gazebo/share/ament_index/resource_index/packages/dshape_gazebo
[0.262s] -- Up-to-date: /home/drmid/silmulation/ROS2_WS/install/dshape_gazebo/share/dshape_gazebo/cmake/dshape_gazeboConfig.cmake
[0.263s] -- Up-to-date: /home/drmid/silmulation/ROS2_WS/install/dshape_gazebo/share/dshape_gazebo/cmake/dshape_gazeboConfig-version.cmake
[0.263s] -- Up-to-date: /home/drmid/silmulation/ROS2_WS/install/dshape_gazebo/share/dshape_gazebo/package.xml
[0.267s] Invoked command in '/home/drmid/silmulation/ROS2_WS/build/dshape_gazebo' returned '0': CMAKE_PREFIX_PATH=${CMAKE_PREFIX_PATH}:/opt/ros/humble /usr/bin/cmake --install /home/drmid/silmulation/ROS2_WS/build/dshape_gazebo
