[0.014s] Invoking command in '/home/drmid/silmulation/ROS2_WS/build/black_donut_description': CMAKE_PREFIX_PATH=${CMAKE_PREFIX_PATH}:/opt/ros/humble /usr/bin/cmake /home/drmid/silmulation/ROS2_WS/src/black_donut_description -DCMAKE_INSTALL_PREFIX=/home/drmid/silmulation/ROS2_WS/install/black_donut_description
[0.083s] -- The C compiler identification is GNU 11.4.0
[0.145s] -- The CXX compiler identification is GNU 11.4.0
[0.150s] -- Detecting C compiler ABI info
[0.208s] -- Detecting C compiler ABI info - done
[0.214s] -- Check for working C compiler: /usr/bin/cc - skipped
[0.214s] -- Detecting C compile features
[0.215s] -- Detecting C compile features - done
[0.217s] -- Detecting CXX compiler ABI info
[0.281s] -- Detecting CXX compiler ABI info - done
[0.291s] -- Check for working CXX compiler: /usr/bin/c++ - skipped
[0.291s] -- Detecting CXX compile features
[0.291s] -- Detecting CXX compile features - done
[0.295s] -- Found ament_cmake: 1.3.8 (/opt/ros/humble/share/ament_cmake/cmake)
[0.419s] -- Found Python3: /usr/bin/python3 (found version "3.10.12") found components: Interpreter 
[0.492s] -- Found ament_lint_auto: 0.12.10 (/opt/ros/humble/share/ament_lint_auto/cmake)
[0.557s] -- Added test 'cppcheck' to perform static code analysis on C / C++ code
[0.557s] -- Configured cppcheck include dirs: 
[0.557s] -- Configured cppcheck exclude dirs and/or files: 
[0.559s] -- Added test 'flake8' to check Python code syntax and style conventions
[0.561s] -- Added test 'lint_cmake' to check CMake code style
[0.562s] -- Added test 'pep257' to check Python code against some of the docstring style conventions in PEP 257
[0.568s] -- Added test 'uncrustify' to check C / C++ code style
[0.568s] -- Configured uncrustify additional arguments: 
[0.569s] -- Added test 'xmllint' to check XML markup files
[0.571s] -- Configuring done
[0.573s] -- Generating done
[0.574s] -- Build files have been written to: /home/drmid/silmulation/ROS2_WS/build/black_donut_description
[0.579s] Invoked command in '/home/drmid/silmulation/ROS2_WS/build/black_donut_description' returned '0': CMAKE_PREFIX_PATH=${CMAKE_PREFIX_PATH}:/opt/ros/humble /usr/bin/cmake /home/drmid/silmulation/ROS2_WS/src/black_donut_description -DCMAKE_INSTALL_PREFIX=/home/drmid/silmulation/ROS2_WS/install/black_donut_description
[0.580s] Invoking command in '/home/drmid/silmulation/ROS2_WS/build/black_donut_description': CMAKE_PREFIX_PATH=${CMAKE_PREFIX_PATH}:/opt/ros/humble /usr/bin/cmake --build /home/drmid/silmulation/ROS2_WS/build/black_donut_description -- -j4 -l4
[0.614s] Invoked command in '/home/drmid/silmulation/ROS2_WS/build/black_donut_description' returned '0': CMAKE_PREFIX_PATH=${CMAKE_PREFIX_PATH}:/opt/ros/humble /usr/bin/cmake --build /home/drmid/silmulation/ROS2_WS/build/black_donut_description -- -j4 -l4
[0.635s] Invoking command in '/home/drmid/silmulation/ROS2_WS/build/black_donut_description': CMAKE_PREFIX_PATH=${CMAKE_PREFIX_PATH}:/opt/ros/humble /usr/bin/cmake --install /home/drmid/silmulation/ROS2_WS/build/black_donut_description
[0.642s] -- Install configuration: ""
[0.642s] -- Installing: /home/drmid/silmulation/ROS2_WS/install/black_donut_description/share/black_donut_description/config
[0.642s] -- Installing: /home/drmid/silmulation/ROS2_WS/install/black_donut_description/share/black_donut_description/config/sim_controllers.yaml
[0.642s] -- Installing: /home/drmid/silmulation/ROS2_WS/install/black_donut_description/share/black_donut_description/config/hw_controllers.yaml
[0.642s] -- Installing: /home/drmid/silmulation/ROS2_WS/install/black_donut_description/share/black_donut_description/launch
[0.642s] -- Installing: /home/drmid/silmulation/ROS2_WS/install/black_donut_description/share/black_donut_description/launch/description_sim.launch.py
[0.642s] -- Installing: /home/drmid/silmulation/ROS2_WS/install/black_donut_description/share/black_donut_description/urdf
[0.642s] -- Installing: /home/drmid/silmulation/ROS2_WS/install/black_donut_description/share/black_donut_description/urdf/inertial_macros.xacro
[0.642s] -- Installing: /home/drmid/silmulation/ROS2_WS/install/black_donut_description/share/black_donut_description/urdf/ros2_sim_control.xacro
[0.642s] -- Installing: /home/drmid/silmulation/ROS2_WS/install/black_donut_description/share/black_donut_description/urdf/urdf.urdf
[0.643s] -- Installing: /home/drmid/silmulation/ROS2_WS/install/black_donut_description/share/black_donut_description/urdf/robot_core.xacro
[0.643s] -- Installing: /home/drmid/silmulation/ROS2_WS/install/black_donut_description/share/black_donut_description/urdf/lidar.xacro
[0.643s] -- Installing: /home/drmid/silmulation/ROS2_WS/install/black_donut_description/share/black_donut_description/urdf/donut_sim_robot.urdf.xacro
[0.644s] -- Installing: /home/drmid/silmulation/ROS2_WS/install/black_donut_description/share/ament_index/resource_index/package_run_dependencies/black_donut_description
[0.645s] -- Installing: /home/drmid/silmulation/ROS2_WS/install/black_donut_description/share/ament_index/resource_index/parent_prefix_path/black_donut_description
[0.645s] -- Installing: /home/drmid/silmulation/ROS2_WS/install/black_donut_description/share/black_donut_description/environment/ament_prefix_path.sh
[0.645s] -- Installing: /home/drmid/silmulation/ROS2_WS/install/black_donut_description/share/black_donut_description/environment/ament_prefix_path.dsv
[0.645s] -- Installing: /home/drmid/silmulation/ROS2_WS/install/black_donut_description/share/black_donut_description/environment/path.sh
[0.645s] -- Installing: /home/drmid/silmulation/ROS2_WS/install/black_donut_description/share/black_donut_description/environment/path.dsv
[0.645s] -- Installing: /home/drmid/silmulation/ROS2_WS/install/black_donut_description/share/black_donut_description/local_setup.bash
[0.646s] -- Installing: /home/drmid/silmulation/ROS2_WS/install/black_donut_description/share/black_donut_description/local_setup.sh
[0.646s] -- Installing: /home/drmid/silmulation/ROS2_WS/install/black_donut_description/share/black_donut_description/local_setup.zsh
[0.646s] -- Installing: /home/drmid/silmulation/ROS2_WS/install/black_donut_description/share/black_donut_description/local_setup.dsv
[0.646s] -- Installing: /home/drmid/silmulation/ROS2_WS/install/black_donut_description/share/black_donut_description/package.dsv
[0.646s] -- Installing: /home/drmid/silmulation/ROS2_WS/install/black_donut_description/share/ament_index/resource_index/packages/black_donut_description
[0.646s] -- Installing: /home/drmid/silmulation/ROS2_WS/install/black_donut_description/share/black_donut_description/cmake/black_donut_descriptionConfig.cmake
[0.646s] -- Installing: /home/drmid/silmulation/ROS2_WS/install/black_donut_description/share/black_donut_description/cmake/black_donut_descriptionConfig-version.cmake
[0.646s] -- Installing: /home/drmid/silmulation/ROS2_WS/install/black_donut_description/share/black_donut_description/package.xml
[0.648s] Invoked command in '/home/drmid/silmulation/ROS2_WS/build/black_donut_description' returned '0': CMAKE_PREFIX_PATH=${CMAKE_PREFIX_PATH}:/opt/ros/humble /usr/bin/cmake --install /home/drmid/silmulation/ROS2_WS/build/black_donut_description
