-- Install configuration: ""
-- Up-to-date: /home/drmid/silmulation/ROS2_WS/install/rom2109_gazebo/share/rom2109_gazebo//config
-- Up-to-date: /home/drmid/silmulation/ROS2_WS/install/rom2109_gazebo/share/rom2109_gazebo//config/gazebo_params.yaml
-- Up-to-date: /home/drmid/silmulation/ROS2_WS/install/rom2109_gazebo/share/rom2109_gazebo//config/twist_mux.yaml
-- Up-to-date: /home/drmid/silmulation/ROS2_WS/install/rom2109_gazebo/share/rom2109_gazebo//launch
-- Installing: /home/drmid/silmulation/ROS2_WS/install/rom2109_gazebo/share/rom2109_gazebo//launch/rom2109_sim_ros2_control.launch.py
-- Up-to-date: /home/drmid/silmulation/ROS2_WS/install/rom2109_gazebo/share/rom2109_gazebo//launch/controller_spawner.launch.py
-- Up-to-date: /home/drmid/silmulation/ROS2_WS/install/rom2109_gazebo/share/rom2109_gazebo//launch/test_rom2109_bot_gazebo.launch.py
-- Up-to-date: /home/drmid/silmulation/ROS2_WS/install/rom2109_gazebo/share/rom2109_gazebo//launch/test_rom2109_tall_gazebo.launch.py
-- Up-to-date: /home/drmid/silmulation/ROS2_WS/install/rom2109_gazebo/share/rom2109_gazebo//launch/test_rom2109_sim_ros2_control_delayed.launch.py
-- Up-to-date: /home/drmid/silmulation/ROS2_WS/install/rom2109_gazebo/share/rom2109_gazebo//launch/test_code_style.launch.py
-- Up-to-date: /home/drmid/silmulation/ROS2_WS/install/rom2109_gazebo/share/rom2109_gazebo//rviz2
-- Up-to-date: /home/drmid/silmulation/ROS2_WS/install/rom2109_gazebo/share/rom2109_gazebo//rviz2/odom_fix.rviz
-- Up-to-date: /home/drmid/silmulation/ROS2_WS/install/rom2109_gazebo/share/rom2109_gazebo//rviz2/nav2_default_view.rviz
-- Up-to-date: /home/drmid/silmulation/ROS2_WS/install/rom2109_gazebo/share/rom2109_gazebo//rviz2/display.rviz
-- Up-to-date: /home/drmid/silmulation/ROS2_WS/install/rom2109_gazebo/share/rom2109_gazebo//rviz2/nav2_namespaced_view.rviz
-- Up-to-date: /home/drmid/silmulation/ROS2_WS/install/rom2109_gazebo/share/rom2109_gazebo//rviz2/slam.rviz
-- Up-to-date: /home/drmid/silmulation/ROS2_WS/install/rom2109_gazebo/share/rom2109_gazebo//worlds
-- Up-to-date: /home/drmid/silmulation/ROS2_WS/install/rom2109_gazebo/share/rom2109_gazebo//worlds/factory.world
-- Up-to-date: /home/drmid/silmulation/ROS2_WS/install/rom2109_gazebo/share/rom2109_gazebo//worlds/cafe.world
-- Up-to-date: /home/drmid/silmulation/ROS2_WS/install/rom2109_gazebo/share/rom2109_gazebo//worlds/world_only.model
-- Up-to-date: /home/drmid/silmulation/ROS2_WS/install/rom2109_gazebo/share/rom2109_gazebo//worlds/neighborhood.world
-- Up-to-date: /home/drmid/silmulation/ROS2_WS/install/rom2109_gazebo/share/rom2109_gazebo//worlds/distribution_center.world
-- Up-to-date: /home/drmid/silmulation/ROS2_WS/install/rom2109_gazebo/share/rom2109_gazebo//worlds/lawn.world
-- Up-to-date: /home/drmid/silmulation/ROS2_WS/install/rom2109_gazebo/share/rom2109_gazebo//worlds/basic.world
-- Up-to-date: /home/drmid/silmulation/ROS2_WS/install/rom2109_gazebo/share/rom2109_gazebo//worlds/house.world
-- Up-to-date: /home/drmid/silmulation/ROS2_WS/install/rom2109_gazebo/share/rom2109_gazebo//worlds/office.world
-- Up-to-date: /home/drmid/silmulation/ROS2_WS/install/rom2109_gazebo/share/rom2109_gazebo//worlds/hospital.world
-- Up-to-date: /home/drmid/silmulation/ROS2_WS/install/rom2109_gazebo/share/rom2109_gazebo//worlds/hospital_2_floors.world
-- Up-to-date: /home/drmid/silmulation/ROS2_WS/install/rom2109_gazebo/share/rom2109_gazebo//worlds/car.world
-- Up-to-date: /home/drmid/silmulation/ROS2_WS/install/rom2109_gazebo/share/rom2109_gazebo//worlds/farm.world
-- Up-to-date: /home/drmid/silmulation/ROS2_WS/install/rom2109_gazebo/share/rom2109_gazebo//worlds/hospital_3_floors.world
-- Up-to-date: /home/drmid/silmulation/ROS2_WS/install/rom2109_gazebo/share/rom2109_gazebo//worlds/inventory.world
-- Up-to-date: /home/drmid/silmulation/ROS2_WS/install/rom2109_gazebo/share/rom2109_gazebo//worlds/warehouse.world
-- Up-to-date: /home/drmid/silmulation/ROS2_WS/install/rom2109_gazebo/share/ament_index/resource_index/package_run_dependencies/rom2109_gazebo
-- Up-to-date: /home/drmid/silmulation/ROS2_WS/install/rom2109_gazebo/share/ament_index/resource_index/parent_prefix_path/rom2109_gazebo
-- Up-to-date: /home/drmid/silmulation/ROS2_WS/install/rom2109_gazebo/share/rom2109_gazebo/environment/ament_prefix_path.sh
-- Up-to-date: /home/drmid/silmulation/ROS2_WS/install/rom2109_gazebo/share/rom2109_gazebo/environment/ament_prefix_path.dsv
-- Up-to-date: /home/drmid/silmulation/ROS2_WS/install/rom2109_gazebo/share/rom2109_gazebo/environment/path.sh
-- Up-to-date: /home/drmid/silmulation/ROS2_WS/install/rom2109_gazebo/share/rom2109_gazebo/environment/path.dsv
-- Up-to-date: /home/drmid/silmulation/ROS2_WS/install/rom2109_gazebo/share/rom2109_gazebo/local_setup.bash
-- Up-to-date: /home/drmid/silmulation/ROS2_WS/install/rom2109_gazebo/share/rom2109_gazebo/local_setup.sh
-- Up-to-date: /home/drmid/silmulation/ROS2_WS/install/rom2109_gazebo/share/rom2109_gazebo/local_setup.zsh
-- Up-to-date: /home/drmid/silmulation/ROS2_WS/install/rom2109_gazebo/share/rom2109_gazebo/local_setup.dsv
-- Up-to-date: /home/drmid/silmulation/ROS2_WS/install/rom2109_gazebo/share/rom2109_gazebo/package.dsv
-- Up-to-date: /home/drmid/silmulation/ROS2_WS/install/rom2109_gazebo/share/ament_index/resource_index/packages/rom2109_gazebo
-- Up-to-date: /home/drmid/silmulation/ROS2_WS/install/rom2109_gazebo/share/rom2109_gazebo/cmake/rom2109_gazeboConfig.cmake
-- Up-to-date: /home/drmid/silmulation/ROS2_WS/install/rom2109_gazebo/share/rom2109_gazebo/cmake/rom2109_gazeboConfig-version.cmake
-- Up-to-date: /home/drmid/silmulation/ROS2_WS/install/rom2109_gazebo/share/rom2109_gazebo/package.xml
