[0.021s] Invoking command in '/home/drmid/silmulation/ROS2_WS/build/rom2109_gazebo': CMAKE_PREFIX_PATH=${CMAKE_PREFIX_PATH}:/opt/ros/humble /usr/bin/cmake --build /home/drmid/silmulation/ROS2_WS/build/rom2109_gazebo -- -j4 -l4
[0.053s] Invoked command in '/home/drmid/silmulation/ROS2_WS/build/rom2109_gazebo' returned '0': CMAKE_PREFIX_PATH=${CMAKE_PREFIX_PATH}:/opt/ros/humble /usr/bin/cmake --build /home/drmid/silmulation/ROS2_WS/build/rom2109_gazebo -- -j4 -l4
[0.075s] Invoking command in '/home/drmid/silmulation/ROS2_WS/build/rom2109_gazebo': CMAKE_PREFIX_PATH=${CMAKE_PREFIX_PATH}:/opt/ros/humble /usr/bin/cmake --install /home/drmid/silmulation/ROS2_WS/build/rom2109_gazebo
[0.079s] -- Install configuration: ""
[0.079s] -- Up-to-date: /home/drmid/silmulation/ROS2_WS/install/rom2109_gazebo/share/rom2109_gazebo//config
[0.079s] -- Up-to-date: /home/drmid/silmulation/ROS2_WS/install/rom2109_gazebo/share/rom2109_gazebo//config/gazebo_params.yaml
[0.079s] -- Up-to-date: /home/drmid/silmulation/ROS2_WS/install/rom2109_gazebo/share/rom2109_gazebo//config/twist_mux.yaml
[0.079s] -- Up-to-date: /home/drmid/silmulation/ROS2_WS/install/rom2109_gazebo/share/rom2109_gazebo//launch
[0.079s] -- Installing: /home/drmid/silmulation/ROS2_WS/install/rom2109_gazebo/share/rom2109_gazebo//launch/rom2109_sim_ros2_control.launch.py
[0.079s] -- Up-to-date: /home/drmid/silmulation/ROS2_WS/install/rom2109_gazebo/share/rom2109_gazebo//launch/controller_spawner.launch.py
[0.079s] -- Up-to-date: /home/drmid/silmulation/ROS2_WS/install/rom2109_gazebo/share/rom2109_gazebo//launch/test_rom2109_bot_gazebo.launch.py
[0.079s] -- Up-to-date: /home/drmid/silmulation/ROS2_WS/install/rom2109_gazebo/share/rom2109_gazebo//launch/test_rom2109_tall_gazebo.launch.py
[0.079s] -- Up-to-date: /home/drmid/silmulation/ROS2_WS/install/rom2109_gazebo/share/rom2109_gazebo//launch/test_rom2109_sim_ros2_control_delayed.launch.py
[0.079s] -- Up-to-date: /home/drmid/silmulation/ROS2_WS/install/rom2109_gazebo/share/rom2109_gazebo//launch/test_code_style.launch.py
[0.080s] -- Up-to-date: /home/drmid/silmulation/ROS2_WS/install/rom2109_gazebo/share/rom2109_gazebo//rviz2
[0.080s] -- Up-to-date: /home/drmid/silmulation/ROS2_WS/install/rom2109_gazebo/share/rom2109_gazebo//rviz2/odom_fix.rviz
[0.080s] -- Up-to-date: /home/drmid/silmulation/ROS2_WS/install/rom2109_gazebo/share/rom2109_gazebo//rviz2/nav2_default_view.rviz
[0.080s] -- Up-to-date: /home/drmid/silmulation/ROS2_WS/install/rom2109_gazebo/share/rom2109_gazebo//rviz2/display.rviz
[0.080s] -- Up-to-date: /home/drmid/silmulation/ROS2_WS/install/rom2109_gazebo/share/rom2109_gazebo//rviz2/nav2_namespaced_view.rviz
[0.080s] -- Up-to-date: /home/drmid/silmulation/ROS2_WS/install/rom2109_gazebo/share/rom2109_gazebo//rviz2/slam.rviz
[0.080s] -- Up-to-date: /home/drmid/silmulation/ROS2_WS/install/rom2109_gazebo/share/rom2109_gazebo//worlds
[0.080s] -- Up-to-date: /home/drmid/silmulation/ROS2_WS/install/rom2109_gazebo/share/rom2109_gazebo//worlds/factory.world
[0.080s] -- Up-to-date: /home/drmid/silmulation/ROS2_WS/install/rom2109_gazebo/share/rom2109_gazebo//worlds/cafe.world
[0.080s] -- Up-to-date: /home/drmid/silmulation/ROS2_WS/install/rom2109_gazebo/share/rom2109_gazebo//worlds/world_only.model
[0.080s] -- Up-to-date: /home/drmid/silmulation/ROS2_WS/install/rom2109_gazebo/share/rom2109_gazebo//worlds/neighborhood.world
[0.080s] -- Up-to-date: /home/drmid/silmulation/ROS2_WS/install/rom2109_gazebo/share/rom2109_gazebo//worlds/distribution_center.world
[0.080s] -- Up-to-date: /home/drmid/silmulation/ROS2_WS/install/rom2109_gazebo/share/rom2109_gazebo//worlds/lawn.world
[0.080s] -- Up-to-date: /home/drmid/silmulation/ROS2_WS/install/rom2109_gazebo/share/rom2109_gazebo//worlds/basic.world
[0.080s] -- Up-to-date: /home/drmid/silmulation/ROS2_WS/install/rom2109_gazebo/share/rom2109_gazebo//worlds/house.world
[0.080s] -- Up-to-date: /home/drmid/silmulation/ROS2_WS/install/rom2109_gazebo/share/rom2109_gazebo//worlds/office.world
[0.080s] -- Up-to-date: /home/drmid/silmulation/ROS2_WS/install/rom2109_gazebo/share/rom2109_gazebo//worlds/hospital.world
[0.080s] -- Up-to-date: /home/drmid/silmulation/ROS2_WS/install/rom2109_gazebo/share/rom2109_gazebo//worlds/hospital_2_floors.world
[0.080s] -- Up-to-date: /home/drmid/silmulation/ROS2_WS/install/rom2109_gazebo/share/rom2109_gazebo//worlds/car.world
[0.081s] -- Up-to-date: /home/drmid/silmulation/ROS2_WS/install/rom2109_gazebo/share/rom2109_gazebo//worlds/farm.world
[0.081s] -- Up-to-date: /home/drmid/silmulation/ROS2_WS/install/rom2109_gazebo/share/rom2109_gazebo//worlds/hospital_3_floors.world
[0.081s] -- Up-to-date: /home/drmid/silmulation/ROS2_WS/install/rom2109_gazebo/share/rom2109_gazebo//worlds/inventory.world
[0.081s] -- Up-to-date: /home/drmid/silmulation/ROS2_WS/install/rom2109_gazebo/share/rom2109_gazebo//worlds/warehouse.world
[0.081s] -- Up-to-date: /home/drmid/silmulation/ROS2_WS/install/rom2109_gazebo/share/ament_index/resource_index/package_run_dependencies/rom2109_gazebo
[0.081s] -- Up-to-date: /home/drmid/silmulation/ROS2_WS/install/rom2109_gazebo/share/ament_index/resource_index/parent_prefix_path/rom2109_gazebo
[0.081s] -- Up-to-date: /home/drmid/silmulation/ROS2_WS/install/rom2109_gazebo/share/rom2109_gazebo/environment/ament_prefix_path.sh
[0.081s] -- Up-to-date: /home/drmid/silmulation/ROS2_WS/install/rom2109_gazebo/share/rom2109_gazebo/environment/ament_prefix_path.dsv
[0.081s] -- Up-to-date: /home/drmid/silmulation/ROS2_WS/install/rom2109_gazebo/share/rom2109_gazebo/environment/path.sh
[0.081s] -- Up-to-date: /home/drmid/silmulation/ROS2_WS/install/rom2109_gazebo/share/rom2109_gazebo/environment/path.dsv
[0.081s] -- Up-to-date: /home/drmid/silmulation/ROS2_WS/install/rom2109_gazebo/share/rom2109_gazebo/local_setup.bash
[0.081s] -- Up-to-date: /home/drmid/silmulation/ROS2_WS/install/rom2109_gazebo/share/rom2109_gazebo/local_setup.sh
[0.081s] -- Up-to-date: /home/drmid/silmulation/ROS2_WS/install/rom2109_gazebo/share/rom2109_gazebo/local_setup.zsh
[0.081s] -- Up-to-date: /home/drmid/silmulation/ROS2_WS/install/rom2109_gazebo/share/rom2109_gazebo/local_setup.dsv
[0.081s] -- Up-to-date: /home/drmid/silmulation/ROS2_WS/install/rom2109_gazebo/share/rom2109_gazebo/package.dsv
[0.081s] -- Up-to-date: /home/drmid/silmulation/ROS2_WS/install/rom2109_gazebo/share/ament_index/resource_index/packages/rom2109_gazebo
[0.081s] -- Up-to-date: /home/drmid/silmulation/ROS2_WS/install/rom2109_gazebo/share/rom2109_gazebo/cmake/rom2109_gazeboConfig.cmake
[0.081s] -- Up-to-date: /home/drmid/silmulation/ROS2_WS/install/rom2109_gazebo/share/rom2109_gazebo/cmake/rom2109_gazeboConfig-version.cmake
[0.081s] -- Up-to-date: /home/drmid/silmulation/ROS2_WS/install/rom2109_gazebo/share/rom2109_gazebo/package.xml
[0.085s] Invoked command in '/home/drmid/silmulation/ROS2_WS/build/rom2109_gazebo' returned '0': CMAKE_PREFIX_PATH=${CMAKE_PREFIX_PATH}:/opt/ros/humble /usr/bin/cmake --install /home/drmid/silmulation/ROS2_WS/build/rom2109_gazebo
