-- Install configuration: ""
-- Up-to-date: /home/drmid/silmulation/ROS2_WS/install/rom2109_description/share/rom2109_description/config
-- Up-to-date: /home/drmid/silmulation/ROS2_WS/install/rom2109_description/share/rom2109_description/config/my_controllers.yaml
-- Up-to-date: /home/drmid/silmulation/ROS2_WS/install/rom2109_description/share/rom2109_description/launch
-- Up-to-date: /home/drmid/silmulation/ROS2_WS/install/rom2109_description/share/rom2109_description/launch/description_ros2_control.launch.py
-- Up-to-date: /home/drmid/silmulation/ROS2_WS/install/rom2109_description/share/rom2109_description/launch/rviz.launch.py
-- Up-to-date: /home/drmid/silmulation/ROS2_WS/install/rom2109_description/share/rom2109_description/launch/description.launch.py
-- Up-to-date: /home/drmid/silmulation/ROS2_WS/install/rom2109_description/share/rom2109_description/urdf
-- Up-to-date: /home/drmid/silmulation/ROS2_WS/install/rom2109_description/share/rom2109_description/urdf/robot_sim_ros2_control.urdf.xacro
-- Up-to-date: /home/drmid/silmulation/ROS2_WS/install/rom2109_description/share/rom2109_description/urdf/robot_hw_control.urdf.xacro
-- Up-to-date: /home/drmid/silmulation/ROS2_WS/install/rom2109_description/share/rom2109_description/urdf/raw
-- Up-to-date: /home/drmid/silmulation/ROS2_WS/install/rom2109_description/share/rom2109_description/urdf/raw/rom2109_bot_gazebo.urdf
-- Up-to-date: /home/drmid/silmulation/ROS2_WS/install/rom2109_description/share/rom2109_description/urdf/raw/rom2109_tall.sdf
-- Up-to-date: /home/drmid/silmulation/ROS2_WS/install/rom2109_description/share/rom2109_description/urdf/raw/rom2109_short.urdf
-- Up-to-date: /home/drmid/silmulation/ROS2_WS/install/rom2109_description/share/rom2109_description/urdf/raw/rom2109_tall.urdf
-- Up-to-date: /home/drmid/silmulation/ROS2_WS/install/rom2109_description/share/rom2109_description/urdf/raw/rom2109_tall.config
-- Up-to-date: /home/drmid/silmulation/ROS2_WS/install/rom2109_description/share/rom2109_description/urdf/raw/rom2109_short_gazebo.urdf
-- Up-to-date: /home/drmid/silmulation/ROS2_WS/install/rom2109_description/share/rom2109_description/urdf/raw/rom2109_bot_gazebo11.urdf
-- Up-to-date: /home/drmid/silmulation/ROS2_WS/install/rom2109_description/share/rom2109_description/urdf/raw/rom2109_tall_gazebo.urdf
-- Up-to-date: /home/drmid/silmulation/ROS2_WS/install/rom2109_description/share/rom2109_description/urdf/raw/rom2109_bot.urdf
-- Up-to-date: /home/drmid/silmulation/ROS2_WS/install/rom2109_description/share/rom2109_description/urdf/robot_sim_gz_control.urdf.xacro
-- Up-to-date: /home/drmid/silmulation/ROS2_WS/install/rom2109_description/share/rom2109_description/urdf/ros2_control.xacro
-- Up-to-date: /home/drmid/silmulation/ROS2_WS/install/rom2109_description/share/rom2109_description/urdf/hw_ros2_control.xacro
-- Up-to-date: /home/drmid/silmulation/ROS2_WS/install/rom2109_description/share/rom2109_description/urdf/gazebo_control.xacro
-- Up-to-date: /home/drmid/silmulation/ROS2_WS/install/rom2109_description/share/rom2109_description/urdf/urdf.urdf
-- Up-to-date: /home/drmid/silmulation/ROS2_WS/install/rom2109_description/share/rom2109_description/urdf/camera3d.xacro
-- Up-to-date: /home/drmid/silmulation/ROS2_WS/install/rom2109_description/share/rom2109_description/urdf/rom2109_core.xacro
-- Up-to-date: /home/drmid/silmulation/ROS2_WS/install/rom2109_description/share/rom2109_description/urdf/lidar.xacro
-- Up-to-date: /home/drmid/silmulation/ROS2_WS/install/rom2109_description/share/rom2109_description/urdf/camera.xacro
-- Up-to-date: /home/drmid/silmulation/ROS2_WS/install/rom2109_description/share/rom2109_description/meshes
-- Up-to-date: /home/drmid/silmulation/ROS2_WS/install/rom2109_description/share/rom2109_description/meshes/plate2.STL
-- Up-to-date: /home/drmid/silmulation/ROS2_WS/install/rom2109_description/share/rom2109_description/meshes/camera.STL
-- Up-to-date: /home/drmid/silmulation/ROS2_WS/install/rom2109_description/share/rom2109_description/meshes/right_wheel.STL
-- Up-to-date: /home/drmid/silmulation/ROS2_WS/install/rom2109_description/share/rom2109_description/meshes/short
-- Up-to-date: /home/drmid/silmulation/ROS2_WS/install/rom2109_description/share/rom2109_description/meshes/short/camera.STL
-- Up-to-date: /home/drmid/silmulation/ROS2_WS/install/rom2109_description/share/rom2109_description/meshes/short/right_wheel.STL
-- Up-to-date: /home/drmid/silmulation/ROS2_WS/install/rom2109_description/share/rom2109_description/meshes/short/left_wheel.STL
-- Up-to-date: /home/drmid/silmulation/ROS2_WS/install/rom2109_description/share/rom2109_description/meshes/short/plate1.STL
-- Up-to-date: /home/drmid/silmulation/ROS2_WS/install/rom2109_description/share/rom2109_description/meshes/short/lidar.STL
-- Up-to-date: /home/drmid/silmulation/ROS2_WS/install/rom2109_description/share/rom2109_description/meshes/short/base_link.STL
-- Up-to-date: /home/drmid/silmulation/ROS2_WS/install/rom2109_description/share/rom2109_description/meshes/bot
-- Up-to-date: /home/drmid/silmulation/ROS2_WS/install/rom2109_description/share/rom2109_description/meshes/bot/right_wheel.STL
-- Up-to-date: /home/drmid/silmulation/ROS2_WS/install/rom2109_description/share/rom2109_description/meshes/bot/frame_link.STL
-- Up-to-date: /home/drmid/silmulation/ROS2_WS/install/rom2109_description/share/rom2109_description/meshes/bot/left_wheel.STL
-- Up-to-date: /home/drmid/silmulation/ROS2_WS/install/rom2109_description/share/rom2109_description/meshes/bot/wifi.STL
-- Up-to-date: /home/drmid/silmulation/ROS2_WS/install/rom2109_description/share/rom2109_description/meshes/bot/rp_lidar.STL
-- Up-to-date: /home/drmid/silmulation/ROS2_WS/install/rom2109_description/share/rom2109_description/meshes/bot/base_link.STL
-- Up-to-date: /home/drmid/silmulation/ROS2_WS/install/rom2109_description/share/rom2109_description/meshes/left_wheel.STL
-- Up-to-date: /home/drmid/silmulation/ROS2_WS/install/rom2109_description/share/rom2109_description/meshes/plate1.STL
-- Up-to-date: /home/drmid/silmulation/ROS2_WS/install/rom2109_description/share/rom2109_description/meshes/lidar.STL
-- Up-to-date: /home/drmid/silmulation/ROS2_WS/install/rom2109_description/share/rom2109_description/meshes/tall
-- Up-to-date: /home/drmid/silmulation/ROS2_WS/install/rom2109_description/share/rom2109_description/meshes/tall/plate2.STL
-- Up-to-date: /home/drmid/silmulation/ROS2_WS/install/rom2109_description/share/rom2109_description/meshes/tall/camera.STL
-- Up-to-date: /home/drmid/silmulation/ROS2_WS/install/rom2109_description/share/rom2109_description/meshes/tall/right_wheel.STL
-- Up-to-date: /home/drmid/silmulation/ROS2_WS/install/rom2109_description/share/rom2109_description/meshes/tall/left_wheel.STL
-- Up-to-date: /home/drmid/silmulation/ROS2_WS/install/rom2109_description/share/rom2109_description/meshes/tall/plate1.STL
-- Up-to-date: /home/drmid/silmulation/ROS2_WS/install/rom2109_description/share/rom2109_description/meshes/tall/lidar.STL
-- Up-to-date: /home/drmid/silmulation/ROS2_WS/install/rom2109_description/share/rom2109_description/meshes/tall/base_link.STL
-- Up-to-date: /home/drmid/silmulation/ROS2_WS/install/rom2109_description/share/rom2109_description/meshes/tall/plate3.STL
-- Up-to-date: /home/drmid/silmulation/ROS2_WS/install/rom2109_description/share/rom2109_description/meshes/base_link.STL
-- Up-to-date: /home/drmid/silmulation/ROS2_WS/install/rom2109_description/share/rom2109_description/meshes/plate3.STL
-- Up-to-date: /home/drmid/silmulation/ROS2_WS/install/rom2109_description/share/ament_index/resource_index/package_run_dependencies/rom2109_description
-- Up-to-date: /home/drmid/silmulation/ROS2_WS/install/rom2109_description/share/ament_index/resource_index/parent_prefix_path/rom2109_description
-- Up-to-date: /home/drmid/silmulation/ROS2_WS/install/rom2109_description/share/rom2109_description/environment/ament_prefix_path.sh
-- Up-to-date: /home/drmid/silmulation/ROS2_WS/install/rom2109_description/share/rom2109_description/environment/ament_prefix_path.dsv
-- Up-to-date: /home/drmid/silmulation/ROS2_WS/install/rom2109_description/share/rom2109_description/environment/path.sh
-- Up-to-date: /home/drmid/silmulation/ROS2_WS/install/rom2109_description/share/rom2109_description/environment/path.dsv
-- Up-to-date: /home/drmid/silmulation/ROS2_WS/install/rom2109_description/share/rom2109_description/local_setup.bash
-- Up-to-date: /home/drmid/silmulation/ROS2_WS/install/rom2109_description/share/rom2109_description/local_setup.sh
-- Up-to-date: /home/drmid/silmulation/ROS2_WS/install/rom2109_description/share/rom2109_description/local_setup.zsh
-- Up-to-date: /home/drmid/silmulation/ROS2_WS/install/rom2109_description/share/rom2109_description/local_setup.dsv
-- Up-to-date: /home/drmid/silmulation/ROS2_WS/install/rom2109_description/share/rom2109_description/package.dsv
-- Up-to-date: /home/drmid/silmulation/ROS2_WS/install/rom2109_description/share/ament_index/resource_index/packages/rom2109_description
-- Up-to-date: /home/drmid/silmulation/ROS2_WS/install/rom2109_description/share/rom2109_description/cmake/rom2109_descriptionConfig.cmake
-- Up-to-date: /home/drmid/silmulation/ROS2_WS/install/rom2109_description/share/rom2109_description/cmake/rom2109_descriptionConfig-version.cmake
-- Up-to-date: /home/drmid/silmulation/ROS2_WS/install/rom2109_description/share/rom2109_description/package.xml
