[0.026s] Invoking command in '/home/drmid/silmulation/ROS2_WS/build/rom2109_description': CMAKE_PREFIX_PATH=${CMAKE_PREFIX_PATH}:/opt/ros/humble /usr/bin/cmake --build /home/drmid/silmulation/ROS2_WS/build/rom2109_description -- -j4 -l4
[0.059s] Invoked command in '/home/drmid/silmulation/ROS2_WS/build/rom2109_description' returned '0': CMAKE_PREFIX_PATH=${CMAKE_PREFIX_PATH}:/opt/ros/humble /usr/bin/cmake --build /home/drmid/silmulation/ROS2_WS/build/rom2109_description -- -j4 -l4
[0.076s] Invoking command in '/home/drmid/silmulation/ROS2_WS/build/rom2109_description': CMAKE_PREFIX_PATH=${CMAKE_PREFIX_PATH}:/opt/ros/humble /usr/bin/cmake --install /home/drmid/silmulation/ROS2_WS/build/rom2109_description
[0.082s] -- Install configuration: ""
[0.082s] -- Up-to-date: /home/drmid/silmulation/ROS2_WS/install/rom2109_description/share/rom2109_description/config
[0.082s] -- Up-to-date: /home/drmid/silmulation/ROS2_WS/install/rom2109_description/share/rom2109_description/config/my_controllers.yaml
[0.082s] -- Up-to-date: /home/drmid/silmulation/ROS2_WS/install/rom2109_description/share/rom2109_description/launch
[0.082s] -- Up-to-date: /home/drmid/silmulation/ROS2_WS/install/rom2109_description/share/rom2109_description/launch/description_ros2_control.launch.py
[0.082s] -- Up-to-date: /home/drmid/silmulation/ROS2_WS/install/rom2109_description/share/rom2109_description/launch/rviz.launch.py
[0.082s] -- Up-to-date: /home/drmid/silmulation/ROS2_WS/install/rom2109_description/share/rom2109_description/launch/description.launch.py
[0.082s] -- Up-to-date: /home/drmid/silmulation/ROS2_WS/install/rom2109_description/share/rom2109_description/urdf
[0.082s] -- Up-to-date: /home/drmid/silmulation/ROS2_WS/install/rom2109_description/share/rom2109_description/urdf/robot_sim_ros2_control.urdf.xacro
[0.082s] -- Up-to-date: /home/drmid/silmulation/ROS2_WS/install/rom2109_description/share/rom2109_description/urdf/robot_hw_control.urdf.xacro
[0.083s] -- Up-to-date: /home/drmid/silmulation/ROS2_WS/install/rom2109_description/share/rom2109_description/urdf/raw
[0.083s] -- Up-to-date: /home/drmid/silmulation/ROS2_WS/install/rom2109_description/share/rom2109_description/urdf/raw/rom2109_bot_gazebo.urdf
[0.083s] -- Up-to-date: /home/drmid/silmulation/ROS2_WS/install/rom2109_description/share/rom2109_description/urdf/raw/rom2109_tall.sdf
[0.083s] -- Up-to-date: /home/drmid/silmulation/ROS2_WS/install/rom2109_description/share/rom2109_description/urdf/raw/rom2109_short.urdf
[0.083s] -- Up-to-date: /home/drmid/silmulation/ROS2_WS/install/rom2109_description/share/rom2109_description/urdf/raw/rom2109_tall.urdf
[0.083s] -- Up-to-date: /home/drmid/silmulation/ROS2_WS/install/rom2109_description/share/rom2109_description/urdf/raw/rom2109_tall.config
[0.083s] -- Up-to-date: /home/drmid/silmulation/ROS2_WS/install/rom2109_description/share/rom2109_description/urdf/raw/rom2109_short_gazebo.urdf
[0.083s] -- Up-to-date: /home/drmid/silmulation/ROS2_WS/install/rom2109_description/share/rom2109_description/urdf/raw/rom2109_bot_gazebo11.urdf
[0.083s] -- Up-to-date: /home/drmid/silmulation/ROS2_WS/install/rom2109_description/share/rom2109_description/urdf/raw/rom2109_tall_gazebo.urdf
[0.083s] -- Up-to-date: /home/drmid/silmulation/ROS2_WS/install/rom2109_description/share/rom2109_description/urdf/raw/rom2109_bot.urdf
[0.083s] -- Up-to-date: /home/drmid/silmulation/ROS2_WS/install/rom2109_description/share/rom2109_description/urdf/robot_sim_gz_control.urdf.xacro
[0.083s] -- Up-to-date: /home/drmid/silmulation/ROS2_WS/install/rom2109_description/share/rom2109_description/urdf/ros2_control.xacro
[0.083s] -- Up-to-date: /home/drmid/silmulation/ROS2_WS/install/rom2109_description/share/rom2109_description/urdf/hw_ros2_control.xacro
[0.083s] -- Up-to-date: /home/drmid/silmulation/ROS2_WS/install/rom2109_description/share/rom2109_description/urdf/gazebo_control.xacro
[0.083s] -- Up-to-date: /home/drmid/silmulation/ROS2_WS/install/rom2109_description/share/rom2109_description/urdf/urdf.urdf
[0.083s] -- Up-to-date: /home/drmid/silmulation/ROS2_WS/install/rom2109_description/share/rom2109_description/urdf/camera3d.xacro
[0.084s] -- Up-to-date: /home/drmid/silmulation/ROS2_WS/install/rom2109_description/share/rom2109_description/urdf/rom2109_core.xacro
[0.084s] -- Up-to-date: /home/drmid/silmulation/ROS2_WS/install/rom2109_description/share/rom2109_description/urdf/lidar.xacro
[0.084s] -- Up-to-date: /home/drmid/silmulation/ROS2_WS/install/rom2109_description/share/rom2109_description/urdf/camera.xacro
[0.084s] -- Up-to-date: /home/drmid/silmulation/ROS2_WS/install/rom2109_description/share/rom2109_description/meshes
[0.084s] -- Up-to-date: /home/drmid/silmulation/ROS2_WS/install/rom2109_description/share/rom2109_description/meshes/plate2.STL
[0.084s] -- Up-to-date: /home/drmid/silmulation/ROS2_WS/install/rom2109_description/share/rom2109_description/meshes/camera.STL
[0.084s] -- Up-to-date: /home/drmid/silmulation/ROS2_WS/install/rom2109_description/share/rom2109_description/meshes/right_wheel.STL
[0.084s] -- Up-to-date: /home/drmid/silmulation/ROS2_WS/install/rom2109_description/share/rom2109_description/meshes/short
[0.084s] -- Up-to-date: /home/drmid/silmulation/ROS2_WS/install/rom2109_description/share/rom2109_description/meshes/short/camera.STL
[0.084s] -- Up-to-date: /home/drmid/silmulation/ROS2_WS/install/rom2109_description/share/rom2109_description/meshes/short/right_wheel.STL
[0.084s] -- Up-to-date: /home/drmid/silmulation/ROS2_WS/install/rom2109_description/share/rom2109_description/meshes/short/left_wheel.STL
[0.085s] -- Up-to-date: /home/drmid/silmulation/ROS2_WS/install/rom2109_description/share/rom2109_description/meshes/short/plate1.STL
[0.085s] -- Up-to-date: /home/drmid/silmulation/ROS2_WS/install/rom2109_description/share/rom2109_description/meshes/short/lidar.STL
[0.085s] -- Up-to-date: /home/drmid/silmulation/ROS2_WS/install/rom2109_description/share/rom2109_description/meshes/short/base_link.STL
[0.085s] -- Up-to-date: /home/drmid/silmulation/ROS2_WS/install/rom2109_description/share/rom2109_description/meshes/bot
[0.086s] -- Up-to-date: /home/drmid/silmulation/ROS2_WS/install/rom2109_description/share/rom2109_description/meshes/bot/right_wheel.STL
[0.086s] -- Up-to-date: /home/drmid/silmulation/ROS2_WS/install/rom2109_description/share/rom2109_description/meshes/bot/frame_link.STL
[0.086s] -- Up-to-date: /home/drmid/silmulation/ROS2_WS/install/rom2109_description/share/rom2109_description/meshes/bot/left_wheel.STL
[0.086s] -- Up-to-date: /home/drmid/silmulation/ROS2_WS/install/rom2109_description/share/rom2109_description/meshes/bot/wifi.STL
[0.086s] -- Up-to-date: /home/drmid/silmulation/ROS2_WS/install/rom2109_description/share/rom2109_description/meshes/bot/rp_lidar.STL
[0.087s] -- Up-to-date: /home/drmid/silmulation/ROS2_WS/install/rom2109_description/share/rom2109_description/meshes/bot/base_link.STL
[0.087s] -- Up-to-date: /home/drmid/silmulation/ROS2_WS/install/rom2109_description/share/rom2109_description/meshes/left_wheel.STL
[0.087s] -- Up-to-date: /home/drmid/silmulation/ROS2_WS/install/rom2109_description/share/rom2109_description/meshes/plate1.STL
[0.087s] -- Up-to-date: /home/drmid/silmulation/ROS2_WS/install/rom2109_description/share/rom2109_description/meshes/lidar.STL
[0.087s] -- Up-to-date: /home/drmid/silmulation/ROS2_WS/install/rom2109_description/share/rom2109_description/meshes/tall
[0.087s] -- Up-to-date: /home/drmid/silmulation/ROS2_WS/install/rom2109_description/share/rom2109_description/meshes/tall/plate2.STL
[0.087s] -- Up-to-date: /home/drmid/silmulation/ROS2_WS/install/rom2109_description/share/rom2109_description/meshes/tall/camera.STL
[0.087s] -- Up-to-date: /home/drmid/silmulation/ROS2_WS/install/rom2109_description/share/rom2109_description/meshes/tall/right_wheel.STL
[0.087s] -- Up-to-date: /home/drmid/silmulation/ROS2_WS/install/rom2109_description/share/rom2109_description/meshes/tall/left_wheel.STL
[0.087s] -- Up-to-date: /home/drmid/silmulation/ROS2_WS/install/rom2109_description/share/rom2109_description/meshes/tall/plate1.STL
[0.087s] -- Up-to-date: /home/drmid/silmulation/ROS2_WS/install/rom2109_description/share/rom2109_description/meshes/tall/lidar.STL
[0.087s] -- Up-to-date: /home/drmid/silmulation/ROS2_WS/install/rom2109_description/share/rom2109_description/meshes/tall/base_link.STL
[0.087s] -- Up-to-date: /home/drmid/silmulation/ROS2_WS/install/rom2109_description/share/rom2109_description/meshes/tall/plate3.STL
[0.087s] -- Up-to-date: /home/drmid/silmulation/ROS2_WS/install/rom2109_description/share/rom2109_description/meshes/base_link.STL
[0.087s] -- Up-to-date: /home/drmid/silmulation/ROS2_WS/install/rom2109_description/share/rom2109_description/meshes/plate3.STL
[0.087s] -- Up-to-date: /home/drmid/silmulation/ROS2_WS/install/rom2109_description/share/ament_index/resource_index/package_run_dependencies/rom2109_description
[0.087s] -- Up-to-date: /home/drmid/silmulation/ROS2_WS/install/rom2109_description/share/ament_index/resource_index/parent_prefix_path/rom2109_description
[0.088s] -- Up-to-date: /home/drmid/silmulation/ROS2_WS/install/rom2109_description/share/rom2109_description/environment/ament_prefix_path.sh
[0.088s] -- Up-to-date: /home/drmid/silmulation/ROS2_WS/install/rom2109_description/share/rom2109_description/environment/ament_prefix_path.dsv
[0.088s] -- Up-to-date: /home/drmid/silmulation/ROS2_WS/install/rom2109_description/share/rom2109_description/environment/path.sh
[0.088s] -- Up-to-date: /home/drmid/silmulation/ROS2_WS/install/rom2109_description/share/rom2109_description/environment/path.dsv
[0.088s] -- Up-to-date: /home/drmid/silmulation/ROS2_WS/install/rom2109_description/share/rom2109_description/local_setup.bash
[0.088s] -- Up-to-date: /home/drmid/silmulation/ROS2_WS/install/rom2109_description/share/rom2109_description/local_setup.sh
[0.088s] -- Up-to-date: /home/drmid/silmulation/ROS2_WS/install/rom2109_description/share/rom2109_description/local_setup.zsh
[0.088s] -- Up-to-date: /home/drmid/silmulation/ROS2_WS/install/rom2109_description/share/rom2109_description/local_setup.dsv
[0.088s] -- Up-to-date: /home/drmid/silmulation/ROS2_WS/install/rom2109_description/share/rom2109_description/package.dsv
[0.088s] -- Up-to-date: /home/drmid/silmulation/ROS2_WS/install/rom2109_description/share/ament_index/resource_index/packages/rom2109_description
[0.088s] -- Up-to-date: /home/drmid/silmulation/ROS2_WS/install/rom2109_description/share/rom2109_description/cmake/rom2109_descriptionConfig.cmake
[0.088s] -- Up-to-date: /home/drmid/silmulation/ROS2_WS/install/rom2109_description/share/rom2109_description/cmake/rom2109_descriptionConfig-version.cmake
[0.088s] -- Up-to-date: /home/drmid/silmulation/ROS2_WS/install/rom2109_description/share/rom2109_description/package.xml
[0.089s] Invoked command in '/home/drmid/silmulation/ROS2_WS/build/rom2109_description' returned '0': CMAKE_PREFIX_PATH=${CMAKE_PREFIX_PATH}:/opt/ros/humble /usr/bin/cmake --install /home/drmid/silmulation/ROS2_WS/build/rom2109_description
