[0.016s] Invoking command in '/home/drmid/silmulation/ROS2_WS/build/dshape_description': CMAKE_PREFIX_PATH=${CMAKE_PREFIX_PATH}:/opt/ros/humble /usr/bin/cmake --build /home/drmid/silmulation/ROS2_WS/build/dshape_description -- -j4 -l4
[0.044s] -- Found ament_cmake: 1.3.8 (/opt/ros/humble/share/ament_cmake/cmake)
[0.161s] -- Found ament_lint_auto: 0.12.10 (/opt/ros/humble/share/ament_lint_auto/cmake)
[0.209s] -- Added test 'flake8' to check Python code syntax and style conventions
[0.209s] -- Added test 'lint_cmake' to check CMake code style
[0.209s] -- Added test 'pep257' to check Python code against some of the docstring style conventions in PEP 257
[0.210s] -- Added test 'xmllint' to check XML markup files
[0.210s] -- Configuring done
[0.212s] -- Generating done
[0.212s] -- Build files have been written to: /home/drmid/silmulation/ROS2_WS/build/dshape_description
[0.228s] Invoked command in '/home/drmid/silmulation/ROS2_WS/build/dshape_description' returned '0': CMAKE_PREFIX_PATH=${CMAKE_PREFIX_PATH}:/opt/ros/humble /usr/bin/cmake --build /home/drmid/silmulation/ROS2_WS/build/dshape_description -- -j4 -l4
[0.243s] Invoking command in '/home/drmid/silmulation/ROS2_WS/build/dshape_description': CMAKE_PREFIX_PATH=${CMAKE_PREFIX_PATH}:/opt/ros/humble /usr/bin/cmake --install /home/drmid/silmulation/ROS2_WS/build/dshape_description
[0.248s] -- Install configuration: ""
[0.248s] -- Up-to-date: /home/drmid/silmulation/ROS2_WS/install/dshape_description/share/dshape_description/config
[0.248s] -- Up-to-date: /home/drmid/silmulation/ROS2_WS/install/dshape_description/share/dshape_description/config/dshape_controller.yaml
[0.248s] -- Up-to-date: /home/drmid/silmulation/ROS2_WS/install/dshape_description/share/dshape_description/launch
[0.248s] -- Installing: /home/drmid/silmulation/ROS2_WS/install/dshape_description/share/dshape_description/launch/description_ros2_control.launch.py
[0.249s] -- Up-to-date: /home/drmid/silmulation/ROS2_WS/install/dshape_description/share/dshape_description/urdf
[0.249s] -- Installing: /home/drmid/silmulation/ROS2_WS/install/dshape_description/share/dshape_description/urdf/robot.urdf.xacro
[0.249s] -- Installing: /home/drmid/silmulation/ROS2_WS/install/dshape_description/share/dshape_description/urdf/ros2_control.xacro
[0.249s] -- Installing: /home/drmid/silmulation/ROS2_WS/install/dshape_description/share/dshape_description/urdf/urdf.urdf
[0.249s] -- Installing: /home/drmid/silmulation/ROS2_WS/install/dshape_description/share/dshape_description/urdf/dshape_core.xacro
[0.249s] -- Installing: /home/drmid/silmulation/ROS2_WS/install/dshape_description/share/dshape_description/urdf/original.urdf
[0.249s] -- Up-to-date: /home/drmid/silmulation/ROS2_WS/install/dshape_description/share/dshape_description/urdf/lidar.xacro
[0.249s] -- Up-to-date: /home/drmid/silmulation/ROS2_WS/install/dshape_description/share/dshape_description/urdf/camera.xacro
[0.249s] -- Installing: /home/drmid/silmulation/ROS2_WS/install/dshape_description/share/dshape_description/meshes
[0.249s] -- Installing: /home/drmid/silmulation/ROS2_WS/install/dshape_description/share/dshape_description/meshes/right_wheel.STL
[0.249s] -- Installing: /home/drmid/silmulation/ROS2_WS/install/dshape_description/share/dshape_description/meshes/left_wheel.STL
[0.249s] -- Installing: /home/drmid/silmulation/ROS2_WS/install/dshape_description/share/dshape_description/meshes/base_link.STL
[0.250s] -- Up-to-date: /home/drmid/silmulation/ROS2_WS/install/dshape_description/share/ament_index/resource_index/package_run_dependencies/dshape_description
[0.250s] -- Installing: /home/drmid/silmulation/ROS2_WS/install/dshape_description/share/ament_index/resource_index/parent_prefix_path/dshape_description
[0.250s] -- Up-to-date: /home/drmid/silmulation/ROS2_WS/install/dshape_description/share/dshape_description/environment/ament_prefix_path.sh
[0.250s] -- Installing: /home/drmid/silmulation/ROS2_WS/install/dshape_description/share/dshape_description/environment/ament_prefix_path.dsv
[0.250s] -- Up-to-date: /home/drmid/silmulation/ROS2_WS/install/dshape_description/share/dshape_description/environment/path.sh
[0.250s] -- Installing: /home/drmid/silmulation/ROS2_WS/install/dshape_description/share/dshape_description/environment/path.dsv
[0.250s] -- Up-to-date: /home/drmid/silmulation/ROS2_WS/install/dshape_description/share/dshape_description/local_setup.bash
[0.251s] -- Up-to-date: /home/drmid/silmulation/ROS2_WS/install/dshape_description/share/dshape_description/local_setup.sh
[0.251s] -- Up-to-date: /home/drmid/silmulation/ROS2_WS/install/dshape_description/share/dshape_description/local_setup.zsh
[0.251s] -- Installing: /home/drmid/silmulation/ROS2_WS/install/dshape_description/share/dshape_description/local_setup.dsv
[0.251s] -- Installing: /home/drmid/silmulation/ROS2_WS/install/dshape_description/share/dshape_description/package.dsv
[0.251s] -- Up-to-date: /home/drmid/silmulation/ROS2_WS/install/dshape_description/share/ament_index/resource_index/packages/dshape_description
[0.251s] -- Up-to-date: /home/drmid/silmulation/ROS2_WS/install/dshape_description/share/dshape_description/cmake/dshape_descriptionConfig.cmake
[0.251s] -- Up-to-date: /home/drmid/silmulation/ROS2_WS/install/dshape_description/share/dshape_description/cmake/dshape_descriptionConfig-version.cmake
[0.251s] -- Up-to-date: /home/drmid/silmulation/ROS2_WS/install/dshape_description/share/dshape_description/package.xml
[0.252s] Invoked command in '/home/drmid/silmulation/ROS2_WS/build/dshape_description' returned '0': CMAKE_PREFIX_PATH=${CMAKE_PREFIX_PATH}:/opt/ros/humble /usr/bin/cmake --install /home/drmid/silmulation/ROS2_WS/build/dshape_description
