[0.068s] DEBUG:colcon:Command line arguments: ['/usr/bin/colcon', 'build']
[0.069s] DEBUG:colcon:Parsed command line arguments: Namespace(log_base=None, log_level=None, verb_name='build', build_base='build', install_base='install', merge_install=False, symlink_install=False, test_result_base=None, continue_on_error=False, executor='parallel', parallel_workers=4, event_handlers=None, ignore_user_meta=False, metas=['./colcon.meta'], base_paths=['.'], packages_ignore=None, packages_ignore_regex=None, paths=None, packages_up_to=None, packages_up_to_regex=None, packages_above=None, packages_above_and_dependencies=None, packages_above_depth=None, packages_select_by_dep=None, packages_skip_by_dep=None, packages_skip_up_to=None, packages_select_build_failed=False, packages_skip_build_finished=False, packages_select_test_failures=False, packages_skip_test_passed=False, packages_select=None, packages_skip=None, packages_select_regex=None, packages_skip_regex=None, packages_start=None, packages_end=None, allow_overriding=[], cmake_args=None, cmake_target=None, cmake_target_skip_unavailable=False, cmake_clean_cache=False, cmake_clean_first=False, cmake_force_configure=False, ament_cmake_args=None, catkin_cmake_args=None, catkin_skip_building_tests=False, verb_parser=<colcon_defaults.argument_parser.defaults.DefaultArgumentsDecorator object at 0x792ac6a28460>, verb_extension=<colcon_core.verb.build.BuildVerb object at 0x792ac6b38fd0>, main=<bound method BuildVerb.main of <colcon_core.verb.build.BuildVerb object at 0x792ac6b38fd0>>)
[0.172s] Level 1:colcon.colcon_core.package_discovery:discover_packages(colcon_meta) check parameters
[0.172s] Level 1:colcon.colcon_core.package_discovery:discover_packages(recursive) check parameters
[0.172s] Level 1:colcon.colcon_core.package_discovery:discover_packages(ignore) check parameters
[0.172s] Level 1:colcon.colcon_core.package_discovery:discover_packages(path) check parameters
[0.172s] Level 1:colcon.colcon_core.package_discovery:discover_packages(colcon_meta) discover
[0.172s] Level 1:colcon.colcon_core.package_discovery:discover_packages(recursive) discover
[0.172s] INFO:colcon.colcon_core.package_discovery:Crawling recursively for packages in '/home/drmid/silmulation/ROS2_WS'
[0.172s] Level 1:colcon.colcon_core.package_identification:_identify(.) by extensions ['ignore', 'ignore_ament_install']
[0.172s] Level 1:colcon.colcon_core.package_identification:_identify(.) by extension 'ignore'
[0.172s] Level 1:colcon.colcon_core.package_identification:_identify(.) by extension 'ignore_ament_install'
[0.172s] Level 1:colcon.colcon_core.package_identification:_identify(.) by extensions ['colcon_pkg']
[0.172s] Level 1:colcon.colcon_core.package_identification:_identify(.) by extension 'colcon_pkg'
[0.172s] Level 1:colcon.colcon_core.package_identification:_identify(.) by extensions ['colcon_meta']
[0.172s] Level 1:colcon.colcon_core.package_identification:_identify(.) by extension 'colcon_meta'
[0.172s] Level 1:colcon.colcon_core.package_identification:_identify(.) by extensions ['ros']
[0.172s] Level 1:colcon.colcon_core.package_identification:_identify(.) by extension 'ros'
[0.180s] Level 1:colcon.colcon_core.package_identification:_identify(.) by extensions ['cmake', 'python']
[0.180s] Level 1:colcon.colcon_core.package_identification:_identify(.) by extension 'cmake'
[0.180s] Level 1:colcon.colcon_core.package_identification:_identify(.) by extension 'python'
[0.180s] Level 1:colcon.colcon_core.package_identification:_identify(.) by extensions ['python_setup_py']
[0.180s] Level 1:colcon.colcon_core.package_identification:_identify(.) by extension 'python_setup_py'
[0.181s] Level 1:colcon.colcon_core.package_identification:_identify(build) by extensions ['ignore', 'ignore_ament_install']
[0.181s] Level 1:colcon.colcon_core.package_identification:_identify(build) by extension 'ignore'
[0.181s] Level 1:colcon.colcon_core.package_identification:_identify(build) ignored
[0.181s] Level 1:colcon.colcon_core.package_identification:_identify(install) by extensions ['ignore', 'ignore_ament_install']
[0.181s] Level 1:colcon.colcon_core.package_identification:_identify(install) by extension 'ignore'
[0.181s] Level 1:colcon.colcon_core.package_identification:_identify(install) ignored
[0.181s] Level 1:colcon.colcon_core.package_identification:_identify(log) by extensions ['ignore', 'ignore_ament_install']
[0.181s] Level 1:colcon.colcon_core.package_identification:_identify(log) by extension 'ignore'
[0.181s] Level 1:colcon.colcon_core.package_identification:_identify(log) ignored
[0.181s] Level 1:colcon.colcon_core.package_identification:_identify(src) by extensions ['ignore', 'ignore_ament_install']
[0.181s] Level 1:colcon.colcon_core.package_identification:_identify(src) by extension 'ignore'
[0.181s] Level 1:colcon.colcon_core.package_identification:_identify(src) by extension 'ignore_ament_install'
[0.181s] Level 1:colcon.colcon_core.package_identification:_identify(src) by extensions ['colcon_pkg']
[0.181s] Level 1:colcon.colcon_core.package_identification:_identify(src) by extension 'colcon_pkg'
[0.181s] Level 1:colcon.colcon_core.package_identification:_identify(src) by extensions ['colcon_meta']
[0.181s] Level 1:colcon.colcon_core.package_identification:_identify(src) by extension 'colcon_meta'
[0.181s] Level 1:colcon.colcon_core.package_identification:_identify(src) by extensions ['ros']
[0.181s] Level 1:colcon.colcon_core.package_identification:_identify(src) by extension 'ros'
[0.181s] Level 1:colcon.colcon_core.package_identification:_identify(src) by extensions ['cmake', 'python']
[0.181s] Level 1:colcon.colcon_core.package_identification:_identify(src) by extension 'cmake'
[0.181s] Level 1:colcon.colcon_core.package_identification:_identify(src) by extension 'python'
[0.181s] Level 1:colcon.colcon_core.package_identification:_identify(src) by extensions ['python_setup_py']
[0.181s] Level 1:colcon.colcon_core.package_identification:_identify(src) by extension 'python_setup_py'
[0.181s] Level 1:colcon.colcon_core.package_identification:_identify(src/black_donut_description) by extensions ['ignore', 'ignore_ament_install']
[0.181s] Level 1:colcon.colcon_core.package_identification:_identify(src/black_donut_description) by extension 'ignore'
[0.181s] Level 1:colcon.colcon_core.package_identification:_identify(src/black_donut_description) by extension 'ignore_ament_install'
[0.182s] Level 1:colcon.colcon_core.package_identification:_identify(src/black_donut_description) by extensions ['colcon_pkg']
[0.182s] Level 1:colcon.colcon_core.package_identification:_identify(src/black_donut_description) by extension 'colcon_pkg'
[0.182s] Level 1:colcon.colcon_core.package_identification:_identify(src/black_donut_description) by extensions ['colcon_meta']
[0.182s] Level 1:colcon.colcon_core.package_identification:_identify(src/black_donut_description) by extension 'colcon_meta'
[0.182s] Level 1:colcon.colcon_core.package_identification:_identify(src/black_donut_description) by extensions ['ros']
[0.182s] Level 1:colcon.colcon_core.package_identification:_identify(src/black_donut_description) by extension 'ros'
[0.183s] DEBUG:colcon.colcon_core.package_identification:Package 'src/black_donut_description' with type 'ros.ament_cmake' and name 'black_donut_description'
[0.183s] Level 1:colcon.colcon_core.package_identification:_identify(src/black_donut_gazebo) by extensions ['ignore', 'ignore_ament_install']
[0.183s] Level 1:colcon.colcon_core.package_identification:_identify(src/black_donut_gazebo) by extension 'ignore'
[0.183s] Level 1:colcon.colcon_core.package_identification:_identify(src/black_donut_gazebo) by extension 'ignore_ament_install'
[0.183s] Level 1:colcon.colcon_core.package_identification:_identify(src/black_donut_gazebo) by extensions ['colcon_pkg']
[0.183s] Level 1:colcon.colcon_core.package_identification:_identify(src/black_donut_gazebo) by extension 'colcon_pkg'
[0.184s] Level 1:colcon.colcon_core.package_identification:_identify(src/black_donut_gazebo) by extensions ['colcon_meta']
[0.184s] Level 1:colcon.colcon_core.package_identification:_identify(src/black_donut_gazebo) by extension 'colcon_meta'
[0.184s] Level 1:colcon.colcon_core.package_identification:_identify(src/black_donut_gazebo) by extensions ['ros']
[0.184s] Level 1:colcon.colcon_core.package_identification:_identify(src/black_donut_gazebo) by extension 'ros'
[0.184s] DEBUG:colcon.colcon_core.package_identification:Package 'src/black_donut_gazebo' with type 'ros.ament_cmake' and name 'black_donut_gazebo'
[0.184s] Level 1:colcon.colcon_core.package_identification:_identify(src/dshape_description) by extensions ['ignore', 'ignore_ament_install']
[0.184s] Level 1:colcon.colcon_core.package_identification:_identify(src/dshape_description) by extension 'ignore'
[0.184s] Level 1:colcon.colcon_core.package_identification:_identify(src/dshape_description) by extension 'ignore_ament_install'
[0.184s] Level 1:colcon.colcon_core.package_identification:_identify(src/dshape_description) by extensions ['colcon_pkg']
[0.184s] Level 1:colcon.colcon_core.package_identification:_identify(src/dshape_description) by extension 'colcon_pkg'
[0.184s] Level 1:colcon.colcon_core.package_identification:_identify(src/dshape_description) by extensions ['colcon_meta']
[0.184s] Level 1:colcon.colcon_core.package_identification:_identify(src/dshape_description) by extension 'colcon_meta'
[0.184s] Level 1:colcon.colcon_core.package_identification:_identify(src/dshape_description) by extensions ['ros']
[0.184s] Level 1:colcon.colcon_core.package_identification:_identify(src/dshape_description) by extension 'ros'
[0.184s] DEBUG:colcon.colcon_core.package_identification:Package 'src/dshape_description' with type 'ros.ament_cmake' and name 'dshape_description'
[0.185s] Level 1:colcon.colcon_core.package_identification:_identify(src/dshape_gazebo) by extensions ['ignore', 'ignore_ament_install']
[0.185s] Level 1:colcon.colcon_core.package_identification:_identify(src/dshape_gazebo) by extension 'ignore'
[0.185s] Level 1:colcon.colcon_core.package_identification:_identify(src/dshape_gazebo) by extension 'ignore_ament_install'
[0.185s] Level 1:colcon.colcon_core.package_identification:_identify(src/dshape_gazebo) by extensions ['colcon_pkg']
[0.185s] Level 1:colcon.colcon_core.package_identification:_identify(src/dshape_gazebo) by extension 'colcon_pkg'
[0.185s] Level 1:colcon.colcon_core.package_identification:_identify(src/dshape_gazebo) by extensions ['colcon_meta']
[0.185s] Level 1:colcon.colcon_core.package_identification:_identify(src/dshape_gazebo) by extension 'colcon_meta'
[0.185s] Level 1:colcon.colcon_core.package_identification:_identify(src/dshape_gazebo) by extensions ['ros']
[0.185s] Level 1:colcon.colcon_core.package_identification:_identify(src/dshape_gazebo) by extension 'ros'
[0.185s] DEBUG:colcon.colcon_core.package_identification:Package 'src/dshape_gazebo' with type 'ros.ament_cmake' and name 'dshape_gazebo'
[0.185s] Level 1:colcon.colcon_core.package_identification:_identify(src/rom2109_description) by extensions ['ignore', 'ignore_ament_install']
[0.185s] Level 1:colcon.colcon_core.package_identification:_identify(src/rom2109_description) by extension 'ignore'
[0.185s] Level 1:colcon.colcon_core.package_identification:_identify(src/rom2109_description) by extension 'ignore_ament_install'
[0.185s] Level 1:colcon.colcon_core.package_identification:_identify(src/rom2109_description) by extensions ['colcon_pkg']
[0.185s] Level 1:colcon.colcon_core.package_identification:_identify(src/rom2109_description) by extension 'colcon_pkg'
[0.185s] Level 1:colcon.colcon_core.package_identification:_identify(src/rom2109_description) by extensions ['colcon_meta']
[0.185s] Level 1:colcon.colcon_core.package_identification:_identify(src/rom2109_description) by extension 'colcon_meta'
[0.185s] Level 1:colcon.colcon_core.package_identification:_identify(src/rom2109_description) by extensions ['ros']
[0.185s] Level 1:colcon.colcon_core.package_identification:_identify(src/rom2109_description) by extension 'ros'
[0.186s] DEBUG:colcon.colcon_core.package_identification:Package 'src/rom2109_description' with type 'ros.ament_cmake' and name 'rom2109_description'
[0.186s] Level 1:colcon.colcon_core.package_identification:_identify(src/rom2109_gazebo) by extensions ['ignore', 'ignore_ament_install']
[0.186s] Level 1:colcon.colcon_core.package_identification:_identify(src/rom2109_gazebo) by extension 'ignore'
[0.186s] Level 1:colcon.colcon_core.package_identification:_identify(src/rom2109_gazebo) by extension 'ignore_ament_install'
[0.186s] Level 1:colcon.colcon_core.package_identification:_identify(src/rom2109_gazebo) by extensions ['colcon_pkg']
[0.186s] Level 1:colcon.colcon_core.package_identification:_identify(src/rom2109_gazebo) by extension 'colcon_pkg'
[0.186s] Level 1:colcon.colcon_core.package_identification:_identify(src/rom2109_gazebo) by extensions ['colcon_meta']
[0.186s] Level 1:colcon.colcon_core.package_identification:_identify(src/rom2109_gazebo) by extension 'colcon_meta'
[0.186s] Level 1:colcon.colcon_core.package_identification:_identify(src/rom2109_gazebo) by extensions ['ros']
[0.186s] Level 1:colcon.colcon_core.package_identification:_identify(src/rom2109_gazebo) by extension 'ros'
[0.186s] DEBUG:colcon.colcon_core.package_identification:Package 'src/rom2109_gazebo' with type 'ros.ament_cmake' and name 'rom2109_gazebo'
[0.186s] Level 1:colcon.colcon_core.package_discovery:discover_packages(recursive) using defaults
[0.186s] Level 1:colcon.colcon_core.package_discovery:discover_packages(ignore) discover
[0.186s] Level 1:colcon.colcon_core.package_discovery:discover_packages(ignore) using defaults
[0.186s] Level 1:colcon.colcon_core.package_discovery:discover_packages(path) discover
[0.186s] Level 1:colcon.colcon_core.package_discovery:discover_packages(path) using defaults
[0.200s] Level 1:colcon.colcon_core.package_discovery:discover_packages(prefix_path) check parameters
[0.200s] Level 1:colcon.colcon_core.package_discovery:discover_packages(prefix_path) discover
[0.201s] DEBUG:colcon.colcon_installed_package_information.package_discovery:Found 4 installed packages in /home/drmid/silmulation/ROS2_WS/install
[0.201s] DEBUG:colcon.colcon_installed_package_information.package_discovery:Found 1 installed packages in /home/drmid/ROS/urdf_ws/install
[0.202s] DEBUG:colcon.colcon_installed_package_information.package_discovery:Found 2 installed packages in /home/drmid/exam/ros_ws/install
[0.202s] DEBUG:colcon.colcon_installed_package_information.package_discovery:Found 0 installed packages in /home/drmid/Project/workspace/install
[0.202s] DEBUG:colcon.colcon_installed_package_information.package_discovery:Found 5 installed packages in /home/drmid/Test/workspace/install
[0.203s] DEBUG:colcon.colcon_installed_package_information.package_discovery:Found 350 installed packages in /opt/ros/humble
[0.213s] Level 1:colcon.colcon_core.package_discovery:discover_packages(prefix_path) using defaults
[0.241s] Level 5:colcon.colcon_core.verb:set package 'black_donut_description' build argument 'cmake_args' from command line to 'None'
[0.241s] Level 5:colcon.colcon_core.verb:set package 'black_donut_description' build argument 'cmake_target' from command line to 'None'
[0.241s] Level 5:colcon.colcon_core.verb:set package 'black_donut_description' build argument 'cmake_target_skip_unavailable' from command line to 'False'
[0.242s] Level 5:colcon.colcon_core.verb:set package 'black_donut_description' build argument 'cmake_clean_cache' from command line to 'False'
[0.242s] Level 5:colcon.colcon_core.verb:set package 'black_donut_description' build argument 'cmake_clean_first' from command line to 'False'
[0.242s] Level 5:colcon.colcon_core.verb:set package 'black_donut_description' build argument 'cmake_force_configure' from command line to 'False'
[0.242s] Level 5:colcon.colcon_core.verb:set package 'black_donut_description' build argument 'ament_cmake_args' from command line to 'None'
[0.242s] Level 5:colcon.colcon_core.verb:set package 'black_donut_description' build argument 'catkin_cmake_args' from command line to 'None'
[0.242s] Level 5:colcon.colcon_core.verb:set package 'black_donut_description' build argument 'catkin_skip_building_tests' from command line to 'False'
[0.242s] DEBUG:colcon.colcon_core.verb:Building package 'black_donut_description' with the following arguments: {'ament_cmake_args': None, 'build_base': '/home/drmid/silmulation/ROS2_WS/build/black_donut_description', 'catkin_cmake_args': None, 'catkin_skip_building_tests': False, 'cmake_args': None, 'cmake_clean_cache': False, 'cmake_clean_first': False, 'cmake_force_configure': False, 'cmake_target': None, 'cmake_target_skip_unavailable': False, 'install_base': '/home/drmid/silmulation/ROS2_WS/install/black_donut_description', 'merge_install': False, 'path': '/home/drmid/silmulation/ROS2_WS/src/black_donut_description', 'symlink_install': False, 'test_result_base': None}
[0.242s] Level 5:colcon.colcon_core.verb:set package 'black_donut_gazebo' build argument 'cmake_args' from command line to 'None'
[0.242s] Level 5:colcon.colcon_core.verb:set package 'black_donut_gazebo' build argument 'cmake_target' from command line to 'None'
[0.242s] Level 5:colcon.colcon_core.verb:set package 'black_donut_gazebo' build argument 'cmake_target_skip_unavailable' from command line to 'False'
[0.242s] Level 5:colcon.colcon_core.verb:set package 'black_donut_gazebo' build argument 'cmake_clean_cache' from command line to 'False'
[0.242s] Level 5:colcon.colcon_core.verb:set package 'black_donut_gazebo' build argument 'cmake_clean_first' from command line to 'False'
[0.242s] Level 5:colcon.colcon_core.verb:set package 'black_donut_gazebo' build argument 'cmake_force_configure' from command line to 'False'
[0.242s] Level 5:colcon.colcon_core.verb:set package 'black_donut_gazebo' build argument 'ament_cmake_args' from command line to 'None'
[0.242s] Level 5:colcon.colcon_core.verb:set package 'black_donut_gazebo' build argument 'catkin_cmake_args' from command line to 'None'
[0.242s] Level 5:colcon.colcon_core.verb:set package 'black_donut_gazebo' build argument 'catkin_skip_building_tests' from command line to 'False'
[0.242s] DEBUG:colcon.colcon_core.verb:Building package 'black_donut_gazebo' with the following arguments: {'ament_cmake_args': None, 'build_base': '/home/drmid/silmulation/ROS2_WS/build/black_donut_gazebo', 'catkin_cmake_args': None, 'catkin_skip_building_tests': False, 'cmake_args': None, 'cmake_clean_cache': False, 'cmake_clean_first': False, 'cmake_force_configure': False, 'cmake_target': None, 'cmake_target_skip_unavailable': False, 'install_base': '/home/drmid/silmulation/ROS2_WS/install/black_donut_gazebo', 'merge_install': False, 'path': '/home/drmid/silmulation/ROS2_WS/src/black_donut_gazebo', 'symlink_install': False, 'test_result_base': None}
[0.242s] Level 5:colcon.colcon_core.verb:set package 'dshape_description' build argument 'cmake_args' from command line to 'None'
[0.242s] Level 5:colcon.colcon_core.verb:set package 'dshape_description' build argument 'cmake_target' from command line to 'None'
[0.242s] Level 5:colcon.colcon_core.verb:set package 'dshape_description' build argument 'cmake_target_skip_unavailable' from command line to 'False'
[0.242s] Level 5:colcon.colcon_core.verb:set package 'dshape_description' build argument 'cmake_clean_cache' from command line to 'False'
[0.242s] Level 5:colcon.colcon_core.verb:set package 'dshape_description' build argument 'cmake_clean_first' from command line to 'False'
[0.242s] Level 5:colcon.colcon_core.verb:set package 'dshape_description' build argument 'cmake_force_configure' from command line to 'False'
[0.242s] Level 5:colcon.colcon_core.verb:set package 'dshape_description' build argument 'ament_cmake_args' from command line to 'None'
[0.242s] Level 5:colcon.colcon_core.verb:set package 'dshape_description' build argument 'catkin_cmake_args' from command line to 'None'
[0.242s] Level 5:colcon.colcon_core.verb:set package 'dshape_description' build argument 'catkin_skip_building_tests' from command line to 'False'
[0.242s] DEBUG:colcon.colcon_core.verb:Building package 'dshape_description' with the following arguments: {'ament_cmake_args': None, 'build_base': '/home/drmid/silmulation/ROS2_WS/build/dshape_description', 'catkin_cmake_args': None, 'catkin_skip_building_tests': False, 'cmake_args': None, 'cmake_clean_cache': False, 'cmake_clean_first': False, 'cmake_force_configure': False, 'cmake_target': None, 'cmake_target_skip_unavailable': False, 'install_base': '/home/drmid/silmulation/ROS2_WS/install/dshape_description', 'merge_install': False, 'path': '/home/drmid/silmulation/ROS2_WS/src/dshape_description', 'symlink_install': False, 'test_result_base': None}
[0.243s] Level 5:colcon.colcon_core.verb:set package 'dshape_gazebo' build argument 'cmake_args' from command line to 'None'
[0.243s] Level 5:colcon.colcon_core.verb:set package 'dshape_gazebo' build argument 'cmake_target' from command line to 'None'
[0.243s] Level 5:colcon.colcon_core.verb:set package 'dshape_gazebo' build argument 'cmake_target_skip_unavailable' from command line to 'False'
[0.243s] Level 5:colcon.colcon_core.verb:set package 'dshape_gazebo' build argument 'cmake_clean_cache' from command line to 'False'
[0.243s] Level 5:colcon.colcon_core.verb:set package 'dshape_gazebo' build argument 'cmake_clean_first' from command line to 'False'
[0.243s] Level 5:colcon.colcon_core.verb:set package 'dshape_gazebo' build argument 'cmake_force_configure' from command line to 'False'
[0.243s] Level 5:colcon.colcon_core.verb:set package 'dshape_gazebo' build argument 'ament_cmake_args' from command line to 'None'
[0.243s] Level 5:colcon.colcon_core.verb:set package 'dshape_gazebo' build argument 'catkin_cmake_args' from command line to 'None'
[0.243s] Level 5:colcon.colcon_core.verb:set package 'dshape_gazebo' build argument 'catkin_skip_building_tests' from command line to 'False'
[0.243s] DEBUG:colcon.colcon_core.verb:Building package 'dshape_gazebo' with the following arguments: {'ament_cmake_args': None, 'build_base': '/home/drmid/silmulation/ROS2_WS/build/dshape_gazebo', 'catkin_cmake_args': None, 'catkin_skip_building_tests': False, 'cmake_args': None, 'cmake_clean_cache': False, 'cmake_clean_first': False, 'cmake_force_configure': False, 'cmake_target': None, 'cmake_target_skip_unavailable': False, 'install_base': '/home/drmid/silmulation/ROS2_WS/install/dshape_gazebo', 'merge_install': False, 'path': '/home/drmid/silmulation/ROS2_WS/src/dshape_gazebo', 'symlink_install': False, 'test_result_base': None}
[0.243s] Level 5:colcon.colcon_core.verb:set package 'rom2109_description' build argument 'cmake_args' from command line to 'None'
[0.243s] Level 5:colcon.colcon_core.verb:set package 'rom2109_description' build argument 'cmake_target' from command line to 'None'
[0.243s] Level 5:colcon.colcon_core.verb:set package 'rom2109_description' build argument 'cmake_target_skip_unavailable' from command line to 'False'
[0.243s] Level 5:colcon.colcon_core.verb:set package 'rom2109_description' build argument 'cmake_clean_cache' from command line to 'False'
[0.243s] Level 5:colcon.colcon_core.verb:set package 'rom2109_description' build argument 'cmake_clean_first' from command line to 'False'
[0.243s] Level 5:colcon.colcon_core.verb:set package 'rom2109_description' build argument 'cmake_force_configure' from command line to 'False'
[0.243s] Level 5:colcon.colcon_core.verb:set package 'rom2109_description' build argument 'ament_cmake_args' from command line to 'None'
[0.243s] Level 5:colcon.colcon_core.verb:set package 'rom2109_description' build argument 'catkin_cmake_args' from command line to 'None'
[0.243s] Level 5:colcon.colcon_core.verb:set package 'rom2109_description' build argument 'catkin_skip_building_tests' from command line to 'False'
[0.243s] DEBUG:colcon.colcon_core.verb:Building package 'rom2109_description' with the following arguments: {'ament_cmake_args': None, 'build_base': '/home/drmid/silmulation/ROS2_WS/build/rom2109_description', 'catkin_cmake_args': None, 'catkin_skip_building_tests': False, 'cmake_args': None, 'cmake_clean_cache': False, 'cmake_clean_first': False, 'cmake_force_configure': False, 'cmake_target': None, 'cmake_target_skip_unavailable': False, 'install_base': '/home/drmid/silmulation/ROS2_WS/install/rom2109_description', 'merge_install': False, 'path': '/home/drmid/silmulation/ROS2_WS/src/rom2109_description', 'symlink_install': False, 'test_result_base': None}
[0.243s] Level 5:colcon.colcon_core.verb:set package 'rom2109_gazebo' build argument 'cmake_args' from command line to 'None'
[0.243s] Level 5:colcon.colcon_core.verb:set package 'rom2109_gazebo' build argument 'cmake_target' from command line to 'None'
[0.243s] Level 5:colcon.colcon_core.verb:set package 'rom2109_gazebo' build argument 'cmake_target_skip_unavailable' from command line to 'False'
[0.243s] Level 5:colcon.colcon_core.verb:set package 'rom2109_gazebo' build argument 'cmake_clean_cache' from command line to 'False'
[0.243s] Level 5:colcon.colcon_core.verb:set package 'rom2109_gazebo' build argument 'cmake_clean_first' from command line to 'False'
[0.243s] Level 5:colcon.colcon_core.verb:set package 'rom2109_gazebo' build argument 'cmake_force_configure' from command line to 'False'
[0.243s] Level 5:colcon.colcon_core.verb:set package 'rom2109_gazebo' build argument 'ament_cmake_args' from command line to 'None'
[0.243s] Level 5:colcon.colcon_core.verb:set package 'rom2109_gazebo' build argument 'catkin_cmake_args' from command line to 'None'
[0.243s] Level 5:colcon.colcon_core.verb:set package 'rom2109_gazebo' build argument 'catkin_skip_building_tests' from command line to 'False'
[0.243s] DEBUG:colcon.colcon_core.verb:Building package 'rom2109_gazebo' with the following arguments: {'ament_cmake_args': None, 'build_base': '/home/drmid/silmulation/ROS2_WS/build/rom2109_gazebo', 'catkin_cmake_args': None, 'catkin_skip_building_tests': False, 'cmake_args': None, 'cmake_clean_cache': False, 'cmake_clean_first': False, 'cmake_force_configure': False, 'cmake_target': None, 'cmake_target_skip_unavailable': False, 'install_base': '/home/drmid/silmulation/ROS2_WS/install/rom2109_gazebo', 'merge_install': False, 'path': '/home/drmid/silmulation/ROS2_WS/src/rom2109_gazebo', 'symlink_install': False, 'test_result_base': None}
[0.244s] INFO:colcon.colcon_core.executor:Executing jobs using 'parallel' executor
[0.244s] DEBUG:colcon.colcon_parallel_executor.executor.parallel:run_until_complete
[0.244s] INFO:colcon.colcon_ros.task.ament_cmake.build:Building ROS package in '/home/drmid/silmulation/ROS2_WS/src/black_donut_description' with build type 'ament_cmake'
[0.245s] INFO:colcon.colcon_cmake.task.cmake.build:Building CMake package in '/home/drmid/silmulation/ROS2_WS/src/black_donut_description'
[0.246s] INFO:colcon.colcon_core.plugin_system:Skipping extension 'colcon_core.shell.bat': Not used on non-Windows systems
[0.246s] INFO:colcon.colcon_core.shell:Skip shell extension 'powershell' for command environment: Not usable outside of PowerShell
[0.246s] DEBUG:colcon.colcon_core.shell:Skip shell extension 'dsv' for command environment
[0.249s] INFO:colcon.colcon_ros.task.ament_cmake.build:Building ROS package in '/home/drmid/silmulation/ROS2_WS/src/black_donut_gazebo' with build type 'ament_cmake'
[0.250s] INFO:colcon.colcon_cmake.task.cmake.build:Building CMake package in '/home/drmid/silmulation/ROS2_WS/src/black_donut_gazebo'
[0.250s] INFO:colcon.colcon_core.shell:Skip shell extension 'powershell' for command environment: Not usable outside of PowerShell
[0.250s] DEBUG:colcon.colcon_core.shell:Skip shell extension 'dsv' for command environment
[0.253s] INFO:colcon.colcon_ros.task.ament_cmake.build:Building ROS package in '/home/drmid/silmulation/ROS2_WS/src/dshape_description' with build type 'ament_cmake'
[0.253s] INFO:colcon.colcon_cmake.task.cmake.build:Building CMake package in '/home/drmid/silmulation/ROS2_WS/src/dshape_description'
[0.253s] INFO:colcon.colcon_core.shell:Skip shell extension 'powershell' for command environment: Not usable outside of PowerShell
[0.253s] DEBUG:colcon.colcon_core.shell:Skip shell extension 'dsv' for command environment
[0.257s] INFO:colcon.colcon_ros.task.ament_cmake.build:Building ROS package in '/home/drmid/silmulation/ROS2_WS/src/dshape_gazebo' with build type 'ament_cmake'
[0.257s] INFO:colcon.colcon_cmake.task.cmake.build:Building CMake package in '/home/drmid/silmulation/ROS2_WS/src/dshape_gazebo'
[0.257s] INFO:colcon.colcon_core.shell:Skip shell extension 'powershell' for command environment: Not usable outside of PowerShell
[0.258s] DEBUG:colcon.colcon_core.shell:Skip shell extension 'dsv' for command environment
[0.265s] DEBUG:colcon.colcon_core.event_handler.log_command:Invoking command in '/home/drmid/silmulation/ROS2_WS/build/black_donut_description': CMAKE_PREFIX_PATH=${CMAKE_PREFIX_PATH}:/opt/ros/humble /usr/bin/cmake --build /home/drmid/silmulation/ROS2_WS/build/black_donut_description -- -j4 -l4
[0.266s] DEBUG:colcon.colcon_core.event_handler.log_command:Invoking command in '/home/drmid/silmulation/ROS2_WS/build/black_donut_gazebo': CMAKE_PREFIX_PATH=${CMAKE_PREFIX_PATH}:/opt/ros/humble /usr/bin/cmake --build /home/drmid/silmulation/ROS2_WS/build/black_donut_gazebo -- -j4 -l4
[0.268s] DEBUG:colcon.colcon_core.event_handler.log_command:Invoking command in '/home/drmid/silmulation/ROS2_WS/build/dshape_description': CMAKE_PREFIX_PATH=${CMAKE_PREFIX_PATH}:/opt/ros/humble /usr/bin/cmake --build /home/drmid/silmulation/ROS2_WS/build/dshape_description -- -j4 -l4
[0.272s] DEBUG:colcon.colcon_core.event_handler.log_command:Invoking command in '/home/drmid/silmulation/ROS2_WS/build/dshape_gazebo': CMAKE_PREFIX_PATH=${CMAKE_PREFIX_PATH}:/opt/ros/humble /usr/bin/cmake --build /home/drmid/silmulation/ROS2_WS/build/dshape_gazebo -- -j4 -l4
[0.303s] DEBUG:colcon.colcon_core.event_handler.log_command:Invoked command in '/home/drmid/silmulation/ROS2_WS/build/black_donut_description' returned '0': CMAKE_PREFIX_PATH=${CMAKE_PREFIX_PATH}:/opt/ros/humble /usr/bin/cmake --build /home/drmid/silmulation/ROS2_WS/build/black_donut_description -- -j4 -l4
[0.306s] DEBUG:colcon.colcon_core.event_handler.log_command:Invoked command in '/home/drmid/silmulation/ROS2_WS/build/dshape_description' returned '0': CMAKE_PREFIX_PATH=${CMAKE_PREFIX_PATH}:/opt/ros/humble /usr/bin/cmake --build /home/drmid/silmulation/ROS2_WS/build/dshape_description -- -j4 -l4
[0.311s] DEBUG:colcon.colcon_core.event_handler.log_command:Invoked command in '/home/drmid/silmulation/ROS2_WS/build/dshape_gazebo' returned '0': CMAKE_PREFIX_PATH=${CMAKE_PREFIX_PATH}:/opt/ros/humble /usr/bin/cmake --build /home/drmid/silmulation/ROS2_WS/build/dshape_gazebo -- -j4 -l4
[0.313s] DEBUG:colcon.colcon_core.event_handler.log_command:Invoked command in '/home/drmid/silmulation/ROS2_WS/build/black_donut_gazebo' returned '0': CMAKE_PREFIX_PATH=${CMAKE_PREFIX_PATH}:/opt/ros/humble /usr/bin/cmake --build /home/drmid/silmulation/ROS2_WS/build/black_donut_gazebo -- -j4 -l4
[0.333s] DEBUG:colcon.colcon_core.event_handler.log_command:Invoking command in '/home/drmid/silmulation/ROS2_WS/build/black_donut_description': CMAKE_PREFIX_PATH=${CMAKE_PREFIX_PATH}:/opt/ros/humble /usr/bin/cmake --install /home/drmid/silmulation/ROS2_WS/build/black_donut_description
[0.335s] DEBUG:colcon.colcon_core.event_handler.log_command:Invoking command in '/home/drmid/silmulation/ROS2_WS/build/dshape_description': CMAKE_PREFIX_PATH=${CMAKE_PREFIX_PATH}:/opt/ros/humble /usr/bin/cmake --install /home/drmid/silmulation/ROS2_WS/build/dshape_description
[0.335s] DEBUG:colcon.colcon_core.event_handler.log_command:Invoking command in '/home/drmid/silmulation/ROS2_WS/build/dshape_gazebo': CMAKE_PREFIX_PATH=${CMAKE_PREFIX_PATH}:/opt/ros/humble /usr/bin/cmake --install /home/drmid/silmulation/ROS2_WS/build/dshape_gazebo
[0.337s] DEBUG:colcon.colcon_core.event_handler.log_command:Invoking command in '/home/drmid/silmulation/ROS2_WS/build/black_donut_gazebo': CMAKE_PREFIX_PATH=${CMAKE_PREFIX_PATH}:/opt/ros/humble /usr/bin/cmake --install /home/drmid/silmulation/ROS2_WS/build/black_donut_gazebo
[0.346s] Level 1:colcon.colcon_core.environment:create_environment_scripts_only(dshape_description)
[0.350s] DEBUG:colcon.colcon_core.event_handler.log_command:Invoked command in '/home/drmid/silmulation/ROS2_WS/build/dshape_description' returned '0': CMAKE_PREFIX_PATH=${CMAKE_PREFIX_PATH}:/opt/ros/humble /usr/bin/cmake --install /home/drmid/silmulation/ROS2_WS/build/dshape_description
[0.351s] Level 1:colcon.colcon_core.environment:checking '/home/drmid/silmulation/ROS2_WS/install/dshape_description' for CMake module files
[0.351s] Level 1:colcon.colcon_core.environment:checking '/home/drmid/silmulation/ROS2_WS/install/dshape_description' for CMake config files
[0.351s] Level 1:colcon.colcon_core.shell:create_environment_hook('dshape_description', 'cmake_prefix_path')
[0.352s] INFO:colcon.colcon_core.shell:Creating environment hook '/home/drmid/silmulation/ROS2_WS/install/dshape_description/share/dshape_description/hook/cmake_prefix_path.ps1'
[0.352s] INFO:colcon.colcon_core.shell:Creating environment descriptor '/home/drmid/silmulation/ROS2_WS/install/dshape_description/share/dshape_description/hook/cmake_prefix_path.dsv'
[0.352s] INFO:colcon.colcon_core.shell:Creating environment hook '/home/drmid/silmulation/ROS2_WS/install/dshape_description/share/dshape_description/hook/cmake_prefix_path.sh'
[0.353s] Level 1:colcon.colcon_core.environment:checking '/home/drmid/silmulation/ROS2_WS/install/dshape_description/bin'
[0.353s] Level 1:colcon.colcon_core.environment:checking '/home/drmid/silmulation/ROS2_WS/install/dshape_description/lib/pkgconfig/dshape_description.pc'
[0.353s] Level 1:colcon.colcon_core.environment:checking '/home/drmid/silmulation/ROS2_WS/install/dshape_description/lib/python3.10/site-packages'
[0.353s] Level 1:colcon.colcon_core.environment:checking '/home/drmid/silmulation/ROS2_WS/install/dshape_description/bin'
[0.353s] INFO:colcon.colcon_core.shell:Creating package script '/home/drmid/silmulation/ROS2_WS/install/dshape_description/share/dshape_description/package.ps1'
[0.354s] INFO:colcon.colcon_core.shell:Creating package descriptor '/home/drmid/silmulation/ROS2_WS/install/dshape_description/share/dshape_description/package.dsv'
[0.354s] INFO:colcon.colcon_core.shell:Creating package script '/home/drmid/silmulation/ROS2_WS/install/dshape_description/share/dshape_description/package.sh'
[0.354s] INFO:colcon.colcon_core.shell:Creating package script '/home/drmid/silmulation/ROS2_WS/install/dshape_description/share/dshape_description/package.bash'
[0.355s] INFO:colcon.colcon_core.shell:Creating package script '/home/drmid/silmulation/ROS2_WS/install/dshape_description/share/dshape_description/package.zsh'
[0.356s] Level 1:colcon.colcon_core.environment:create_file_with_runtime_dependencies(/home/drmid/silmulation/ROS2_WS/install/dshape_description/share/colcon-core/packages/dshape_description)
[0.356s] Level 1:colcon.colcon_core.environment:create_environment_scripts_only(dshape_gazebo)
[0.356s] Level 1:colcon.colcon_core.environment:checking '/home/drmid/silmulation/ROS2_WS/install/dshape_gazebo' for CMake module files
[0.357s] DEBUG:colcon.colcon_core.event_handler.log_command:Invoked command in '/home/drmid/silmulation/ROS2_WS/build/dshape_gazebo' returned '0': CMAKE_PREFIX_PATH=${CMAKE_PREFIX_PATH}:/opt/ros/humble /usr/bin/cmake --install /home/drmid/silmulation/ROS2_WS/build/dshape_gazebo
[0.357s] Level 1:colcon.colcon_core.environment:checking '/home/drmid/silmulation/ROS2_WS/install/dshape_gazebo' for CMake config files
[0.357s] Level 1:colcon.colcon_core.shell:create_environment_hook('dshape_gazebo', 'cmake_prefix_path')
[0.357s] INFO:colcon.colcon_core.shell:Creating environment hook '/home/drmid/silmulation/ROS2_WS/install/dshape_gazebo/share/dshape_gazebo/hook/cmake_prefix_path.ps1'
[0.358s] INFO:colcon.colcon_core.shell:Creating environment descriptor '/home/drmid/silmulation/ROS2_WS/install/dshape_gazebo/share/dshape_gazebo/hook/cmake_prefix_path.dsv'
[0.358s] INFO:colcon.colcon_core.shell:Creating environment hook '/home/drmid/silmulation/ROS2_WS/install/dshape_gazebo/share/dshape_gazebo/hook/cmake_prefix_path.sh'
[0.358s] Level 1:colcon.colcon_core.environment:checking '/home/drmid/silmulation/ROS2_WS/install/dshape_gazebo/bin'
[0.358s] Level 1:colcon.colcon_core.environment:checking '/home/drmid/silmulation/ROS2_WS/install/dshape_gazebo/lib/pkgconfig/dshape_gazebo.pc'
[0.358s] Level 1:colcon.colcon_core.environment:checking '/home/drmid/silmulation/ROS2_WS/install/dshape_gazebo/lib/python3.10/site-packages'
[0.358s] Level 1:colcon.colcon_core.environment:checking '/home/drmid/silmulation/ROS2_WS/install/dshape_gazebo/bin'
[0.359s] INFO:colcon.colcon_core.shell:Creating package script '/home/drmid/silmulation/ROS2_WS/install/dshape_gazebo/share/dshape_gazebo/package.ps1'
[0.359s] INFO:colcon.colcon_core.shell:Creating package descriptor '/home/drmid/silmulation/ROS2_WS/install/dshape_gazebo/share/dshape_gazebo/package.dsv'
[0.359s] INFO:colcon.colcon_core.shell:Creating package script '/home/drmid/silmulation/ROS2_WS/install/dshape_gazebo/share/dshape_gazebo/package.sh'
[0.359s] INFO:colcon.colcon_core.shell:Creating package script '/home/drmid/silmulation/ROS2_WS/install/dshape_gazebo/share/dshape_gazebo/package.bash'
[0.359s] INFO:colcon.colcon_core.shell:Creating package script '/home/drmid/silmulation/ROS2_WS/install/dshape_gazebo/share/dshape_gazebo/package.zsh'
[0.360s] Level 1:colcon.colcon_core.environment:create_file_with_runtime_dependencies(/home/drmid/silmulation/ROS2_WS/install/dshape_gazebo/share/colcon-core/packages/dshape_gazebo)
[0.361s] Level 1:colcon.colcon_core.environment:create_environment_scripts_only(black_donut_description)
[0.361s] Level 1:colcon.colcon_core.environment:checking '/home/drmid/silmulation/ROS2_WS/install/black_donut_description' for CMake module files
[0.361s] DEBUG:colcon.colcon_core.event_handler.log_command:Invoked command in '/home/drmid/silmulation/ROS2_WS/build/black_donut_description' returned '0': CMAKE_PREFIX_PATH=${CMAKE_PREFIX_PATH}:/opt/ros/humble /usr/bin/cmake --install /home/drmid/silmulation/ROS2_WS/build/black_donut_description
[0.362s] Level 1:colcon.colcon_core.environment:checking '/home/drmid/silmulation/ROS2_WS/install/black_donut_description' for CMake config files
[0.362s] Level 1:colcon.colcon_core.shell:create_environment_hook('black_donut_description', 'cmake_prefix_path')
[0.362s] INFO:colcon.colcon_core.shell:Creating environment hook '/home/drmid/silmulation/ROS2_WS/install/black_donut_description/share/black_donut_description/hook/cmake_prefix_path.ps1'
[0.363s] INFO:colcon.colcon_core.shell:Creating environment descriptor '/home/drmid/silmulation/ROS2_WS/install/black_donut_description/share/black_donut_description/hook/cmake_prefix_path.dsv'
[0.363s] INFO:colcon.colcon_core.shell:Creating environment hook '/home/drmid/silmulation/ROS2_WS/install/black_donut_description/share/black_donut_description/hook/cmake_prefix_path.sh'
[0.364s] Level 1:colcon.colcon_core.environment:checking '/home/drmid/silmulation/ROS2_WS/install/black_donut_description/bin'
[0.364s] Level 1:colcon.colcon_core.environment:checking '/home/drmid/silmulation/ROS2_WS/install/black_donut_description/lib/pkgconfig/black_donut_description.pc'
[0.364s] Level 1:colcon.colcon_core.environment:checking '/home/drmid/silmulation/ROS2_WS/install/black_donut_description/lib/python3.10/site-packages'
[0.364s] Level 1:colcon.colcon_core.environment:checking '/home/drmid/silmulation/ROS2_WS/install/black_donut_description/bin'
[0.364s] INFO:colcon.colcon_core.shell:Creating package script '/home/drmid/silmulation/ROS2_WS/install/black_donut_description/share/black_donut_description/package.ps1'
[0.365s] INFO:colcon.colcon_core.shell:Creating package descriptor '/home/drmid/silmulation/ROS2_WS/install/black_donut_description/share/black_donut_description/package.dsv'
[0.365s] INFO:colcon.colcon_core.shell:Creating package script '/home/drmid/silmulation/ROS2_WS/install/black_donut_description/share/black_donut_description/package.sh'
[0.365s] INFO:colcon.colcon_core.shell:Creating package script '/home/drmid/silmulation/ROS2_WS/install/black_donut_description/share/black_donut_description/package.bash'
[0.366s] INFO:colcon.colcon_core.shell:Creating package script '/home/drmid/silmulation/ROS2_WS/install/black_donut_description/share/black_donut_description/package.zsh'
[0.366s] Level 1:colcon.colcon_core.environment:create_file_with_runtime_dependencies(/home/drmid/silmulation/ROS2_WS/install/black_donut_description/share/colcon-core/packages/black_donut_description)
[0.367s] Level 1:colcon.colcon_core.environment:create_environment_scripts_only(black_donut_gazebo)
[0.368s] Level 1:colcon.colcon_core.environment:checking '/home/drmid/silmulation/ROS2_WS/install/black_donut_gazebo' for CMake module files
[0.368s] Level 1:colcon.colcon_core.environment:checking '/home/drmid/silmulation/ROS2_WS/install/black_donut_gazebo' for CMake config files
[0.369s] Level 1:colcon.colcon_core.shell:create_environment_hook('black_donut_gazebo', 'cmake_prefix_path')
[0.369s] INFO:colcon.colcon_core.shell:Creating environment hook '/home/drmid/silmulation/ROS2_WS/install/black_donut_gazebo/share/black_donut_gazebo/hook/cmake_prefix_path.ps1'
[0.369s] INFO:colcon.colcon_core.shell:Creating environment descriptor '/home/drmid/silmulation/ROS2_WS/install/black_donut_gazebo/share/black_donut_gazebo/hook/cmake_prefix_path.dsv'
[0.370s] INFO:colcon.colcon_core.shell:Creating environment hook '/home/drmid/silmulation/ROS2_WS/install/black_donut_gazebo/share/black_donut_gazebo/hook/cmake_prefix_path.sh'
[0.370s] DEBUG:colcon.colcon_core.event_handler.log_command:Invoked command in '/home/drmid/silmulation/ROS2_WS/build/black_donut_gazebo' returned '0': CMAKE_PREFIX_PATH=${CMAKE_PREFIX_PATH}:/opt/ros/humble /usr/bin/cmake --install /home/drmid/silmulation/ROS2_WS/build/black_donut_gazebo
[0.371s] Level 1:colcon.colcon_core.environment:checking '/home/drmid/silmulation/ROS2_WS/install/black_donut_gazebo/bin'
[0.371s] Level 1:colcon.colcon_core.environment:checking '/home/drmid/silmulation/ROS2_WS/install/black_donut_gazebo/lib/pkgconfig/black_donut_gazebo.pc'
[0.371s] Level 1:colcon.colcon_core.environment:checking '/home/drmid/silmulation/ROS2_WS/install/black_donut_gazebo/lib/python3.10/site-packages'
[0.371s] Level 1:colcon.colcon_core.environment:checking '/home/drmid/silmulation/ROS2_WS/install/black_donut_gazebo/bin'
[0.371s] INFO:colcon.colcon_core.shell:Creating package script '/home/drmid/silmulation/ROS2_WS/install/black_donut_gazebo/share/black_donut_gazebo/package.ps1'
[0.372s] INFO:colcon.colcon_core.shell:Creating package descriptor '/home/drmid/silmulation/ROS2_WS/install/black_donut_gazebo/share/black_donut_gazebo/package.dsv'
[0.372s] INFO:colcon.colcon_core.shell:Creating package script '/home/drmid/silmulation/ROS2_WS/install/black_donut_gazebo/share/black_donut_gazebo/package.sh'
[0.373s] INFO:colcon.colcon_core.shell:Creating package script '/home/drmid/silmulation/ROS2_WS/install/black_donut_gazebo/share/black_donut_gazebo/package.bash'
[0.373s] INFO:colcon.colcon_core.shell:Creating package script '/home/drmid/silmulation/ROS2_WS/install/black_donut_gazebo/share/black_donut_gazebo/package.zsh'
[0.373s] Level 1:colcon.colcon_core.environment:create_file_with_runtime_dependencies(/home/drmid/silmulation/ROS2_WS/install/black_donut_gazebo/share/colcon-core/packages/black_donut_gazebo)
[0.379s] Level 1:colcon.colcon_core.environment:create_environment_scripts_only(dshape_description)
[0.379s] Level 1:colcon.colcon_core.environment:checking '/home/drmid/silmulation/ROS2_WS/install/dshape_description' for CMake module files
[0.380s] Level 1:colcon.colcon_core.environment:checking '/home/drmid/silmulation/ROS2_WS/install/dshape_description' for CMake config files
[0.380s] Level 1:colcon.colcon_core.shell:create_environment_hook('dshape_description', 'cmake_prefix_path')
[0.380s] INFO:colcon.colcon_core.shell:Creating environment hook '/home/drmid/silmulation/ROS2_WS/install/dshape_description/share/dshape_description/hook/cmake_prefix_path.ps1'
[0.381s] INFO:colcon.colcon_core.shell:Creating environment descriptor '/home/drmid/silmulation/ROS2_WS/install/dshape_description/share/dshape_description/hook/cmake_prefix_path.dsv'
[0.381s] INFO:colcon.colcon_core.shell:Creating environment hook '/home/drmid/silmulation/ROS2_WS/install/dshape_description/share/dshape_description/hook/cmake_prefix_path.sh'
[0.381s] Level 1:colcon.colcon_core.environment:checking '/home/drmid/silmulation/ROS2_WS/install/dshape_description/bin'
[0.381s] Level 1:colcon.colcon_core.environment:checking '/home/drmid/silmulation/ROS2_WS/install/dshape_description/lib/pkgconfig/dshape_description.pc'
[0.381s] Level 1:colcon.colcon_core.environment:checking '/home/drmid/silmulation/ROS2_WS/install/dshape_description/lib/python3.10/site-packages'
[0.382s] Level 1:colcon.colcon_core.environment:checking '/home/drmid/silmulation/ROS2_WS/install/dshape_description/bin'
[0.382s] INFO:colcon.colcon_core.shell:Creating package script '/home/drmid/silmulation/ROS2_WS/install/dshape_description/share/dshape_description/package.ps1'
[0.382s] INFO:colcon.colcon_core.shell:Creating package descriptor '/home/drmid/silmulation/ROS2_WS/install/dshape_description/share/dshape_description/package.dsv'
[0.383s] INFO:colcon.colcon_core.shell:Creating package script '/home/drmid/silmulation/ROS2_WS/install/dshape_description/share/dshape_description/package.sh'
[0.383s] INFO:colcon.colcon_core.shell:Creating package script '/home/drmid/silmulation/ROS2_WS/install/dshape_description/share/dshape_description/package.bash'
[0.383s] INFO:colcon.colcon_core.shell:Creating package script '/home/drmid/silmulation/ROS2_WS/install/dshape_description/share/dshape_description/package.zsh'
[0.383s] Level 1:colcon.colcon_core.environment:create_file_with_runtime_dependencies(/home/drmid/silmulation/ROS2_WS/install/dshape_description/share/colcon-core/packages/dshape_description)
[0.384s] Level 1:colcon.colcon_core.environment:create_environment_scripts_only(dshape_gazebo)
[0.384s] Level 1:colcon.colcon_core.environment:checking '/home/drmid/silmulation/ROS2_WS/install/dshape_gazebo' for CMake module files
[0.385s] Level 1:colcon.colcon_core.environment:checking '/home/drmid/silmulation/ROS2_WS/install/dshape_gazebo' for CMake config files
[0.385s] Level 1:colcon.colcon_core.shell:create_environment_hook('dshape_gazebo', 'cmake_prefix_path')
[0.385s] INFO:colcon.colcon_core.shell:Creating environment hook '/home/drmid/silmulation/ROS2_WS/install/dshape_gazebo/share/dshape_gazebo/hook/cmake_prefix_path.ps1'
[0.386s] INFO:colcon.colcon_core.shell:Creating environment descriptor '/home/drmid/silmulation/ROS2_WS/install/dshape_gazebo/share/dshape_gazebo/hook/cmake_prefix_path.dsv'
[0.386s] INFO:colcon.colcon_core.shell:Creating environment hook '/home/drmid/silmulation/ROS2_WS/install/dshape_gazebo/share/dshape_gazebo/hook/cmake_prefix_path.sh'
[0.386s] Level 1:colcon.colcon_core.environment:checking '/home/drmid/silmulation/ROS2_WS/install/dshape_gazebo/bin'
[0.386s] Level 1:colcon.colcon_core.environment:checking '/home/drmid/silmulation/ROS2_WS/install/dshape_gazebo/lib/pkgconfig/dshape_gazebo.pc'
[0.386s] Level 1:colcon.colcon_core.environment:checking '/home/drmid/silmulation/ROS2_WS/install/dshape_gazebo/lib/python3.10/site-packages'
[0.386s] Level 1:colcon.colcon_core.environment:checking '/home/drmid/silmulation/ROS2_WS/install/dshape_gazebo/bin'
[0.387s] INFO:colcon.colcon_core.shell:Creating package script '/home/drmid/silmulation/ROS2_WS/install/dshape_gazebo/share/dshape_gazebo/package.ps1'
[0.387s] INFO:colcon.colcon_core.shell:Creating package descriptor '/home/drmid/silmulation/ROS2_WS/install/dshape_gazebo/share/dshape_gazebo/package.dsv'
[0.387s] INFO:colcon.colcon_core.shell:Creating package script '/home/drmid/silmulation/ROS2_WS/install/dshape_gazebo/share/dshape_gazebo/package.sh'
[0.388s] INFO:colcon.colcon_core.shell:Creating package script '/home/drmid/silmulation/ROS2_WS/install/dshape_gazebo/share/dshape_gazebo/package.bash'
[0.388s] INFO:colcon.colcon_core.shell:Creating package script '/home/drmid/silmulation/ROS2_WS/install/dshape_gazebo/share/dshape_gazebo/package.zsh'
[0.388s] Level 1:colcon.colcon_core.environment:create_file_with_runtime_dependencies(/home/drmid/silmulation/ROS2_WS/install/dshape_gazebo/share/colcon-core/packages/dshape_gazebo)
[0.389s] INFO:colcon.colcon_ros.task.ament_cmake.build:Building ROS package in '/home/drmid/silmulation/ROS2_WS/src/rom2109_description' with build type 'ament_cmake'
[0.389s] INFO:colcon.colcon_cmake.task.cmake.build:Building CMake package in '/home/drmid/silmulation/ROS2_WS/src/rom2109_description'
[0.389s] INFO:colcon.colcon_core.shell:Skip shell extension 'powershell' for command environment: Not usable outside of PowerShell
[0.389s] DEBUG:colcon.colcon_core.shell:Skip shell extension 'dsv' for command environment
[0.393s] INFO:colcon.colcon_ros.task.ament_cmake.build:Building ROS package in '/home/drmid/silmulation/ROS2_WS/src/rom2109_gazebo' with build type 'ament_cmake'
[0.394s] INFO:colcon.colcon_cmake.task.cmake.build:Building CMake package in '/home/drmid/silmulation/ROS2_WS/src/rom2109_gazebo'
[0.394s] INFO:colcon.colcon_core.shell:Skip shell extension 'powershell' for command environment: Not usable outside of PowerShell
[0.394s] DEBUG:colcon.colcon_core.shell:Skip shell extension 'dsv' for command environment
[0.398s] Level 1:colcon.colcon_core.environment:create_environment_scripts_only(black_donut_description)
[0.398s] Level 1:colcon.colcon_core.environment:checking '/home/drmid/silmulation/ROS2_WS/install/black_donut_description' for CMake module files
[0.398s] Level 1:colcon.colcon_core.environment:checking '/home/drmid/silmulation/ROS2_WS/install/black_donut_description' for CMake config files
[0.399s] Level 1:colcon.colcon_core.shell:create_environment_hook('black_donut_description', 'cmake_prefix_path')
[0.399s] INFO:colcon.colcon_core.shell:Creating environment hook '/home/drmid/silmulation/ROS2_WS/install/black_donut_description/share/black_donut_description/hook/cmake_prefix_path.ps1'
[0.399s] INFO:colcon.colcon_core.shell:Creating environment descriptor '/home/drmid/silmulation/ROS2_WS/install/black_donut_description/share/black_donut_description/hook/cmake_prefix_path.dsv'
[0.399s] INFO:colcon.colcon_core.shell:Creating environment hook '/home/drmid/silmulation/ROS2_WS/install/black_donut_description/share/black_donut_description/hook/cmake_prefix_path.sh'
[0.400s] Level 1:colcon.colcon_core.environment:checking '/home/drmid/silmulation/ROS2_WS/install/black_donut_description/bin'
[0.400s] Level 1:colcon.colcon_core.environment:checking '/home/drmid/silmulation/ROS2_WS/install/black_donut_description/lib/pkgconfig/black_donut_description.pc'
[0.400s] Level 1:colcon.colcon_core.environment:checking '/home/drmid/silmulation/ROS2_WS/install/black_donut_description/lib/python3.10/site-packages'
[0.400s] Level 1:colcon.colcon_core.environment:checking '/home/drmid/silmulation/ROS2_WS/install/black_donut_description/bin'
[0.400s] INFO:colcon.colcon_core.shell:Creating package script '/home/drmid/silmulation/ROS2_WS/install/black_donut_description/share/black_donut_description/package.ps1'
[0.400s] INFO:colcon.colcon_core.shell:Creating package descriptor '/home/drmid/silmulation/ROS2_WS/install/black_donut_description/share/black_donut_description/package.dsv'
[0.401s] INFO:colcon.colcon_core.shell:Creating package script '/home/drmid/silmulation/ROS2_WS/install/black_donut_description/share/black_donut_description/package.sh'
[0.401s] INFO:colcon.colcon_core.shell:Creating package script '/home/drmid/silmulation/ROS2_WS/install/black_donut_description/share/black_donut_description/package.bash'
[0.401s] INFO:colcon.colcon_core.shell:Creating package script '/home/drmid/silmulation/ROS2_WS/install/black_donut_description/share/black_donut_description/package.zsh'
[0.401s] Level 1:colcon.colcon_core.environment:create_file_with_runtime_dependencies(/home/drmid/silmulation/ROS2_WS/install/black_donut_description/share/colcon-core/packages/black_donut_description)
[0.403s] Level 1:colcon.colcon_core.environment:create_environment_scripts_only(black_donut_gazebo)
[0.403s] Level 1:colcon.colcon_core.environment:checking '/home/drmid/silmulation/ROS2_WS/install/black_donut_gazebo' for CMake module files
[0.404s] Level 1:colcon.colcon_core.environment:checking '/home/drmid/silmulation/ROS2_WS/install/black_donut_gazebo' for CMake config files
[0.404s] Level 1:colcon.colcon_core.shell:create_environment_hook('black_donut_gazebo', 'cmake_prefix_path')
[0.405s] INFO:colcon.colcon_core.shell:Creating environment hook '/home/drmid/silmulation/ROS2_WS/install/black_donut_gazebo/share/black_donut_gazebo/hook/cmake_prefix_path.ps1'
[0.405s] INFO:colcon.colcon_core.shell:Creating environment descriptor '/home/drmid/silmulation/ROS2_WS/install/black_donut_gazebo/share/black_donut_gazebo/hook/cmake_prefix_path.dsv'
[0.406s] INFO:colcon.colcon_core.shell:Creating environment hook '/home/drmid/silmulation/ROS2_WS/install/black_donut_gazebo/share/black_donut_gazebo/hook/cmake_prefix_path.sh'
[0.406s] Level 1:colcon.colcon_core.environment:checking '/home/drmid/silmulation/ROS2_WS/install/black_donut_gazebo/bin'
[0.406s] Level 1:colcon.colcon_core.environment:checking '/home/drmid/silmulation/ROS2_WS/install/black_donut_gazebo/lib/pkgconfig/black_donut_gazebo.pc'
[0.406s] Level 1:colcon.colcon_core.environment:checking '/home/drmid/silmulation/ROS2_WS/install/black_donut_gazebo/lib/python3.10/site-packages'
[0.407s] Level 1:colcon.colcon_core.environment:checking '/home/drmid/silmulation/ROS2_WS/install/black_donut_gazebo/bin'
[0.407s] INFO:colcon.colcon_core.shell:Creating package script '/home/drmid/silmulation/ROS2_WS/install/black_donut_gazebo/share/black_donut_gazebo/package.ps1'
[0.407s] INFO:colcon.colcon_core.shell:Creating package descriptor '/home/drmid/silmulation/ROS2_WS/install/black_donut_gazebo/share/black_donut_gazebo/package.dsv'
[0.407s] INFO:colcon.colcon_core.shell:Creating package script '/home/drmid/silmulation/ROS2_WS/install/black_donut_gazebo/share/black_donut_gazebo/package.sh'
[0.408s] INFO:colcon.colcon_core.shell:Creating package script '/home/drmid/silmulation/ROS2_WS/install/black_donut_gazebo/share/black_donut_gazebo/package.bash'
[0.408s] INFO:colcon.colcon_core.shell:Creating package script '/home/drmid/silmulation/ROS2_WS/install/black_donut_gazebo/share/black_donut_gazebo/package.zsh'
[0.408s] Level 1:colcon.colcon_core.environment:create_file_with_runtime_dependencies(/home/drmid/silmulation/ROS2_WS/install/black_donut_gazebo/share/colcon-core/packages/black_donut_gazebo)
[0.410s] DEBUG:colcon.colcon_core.event_handler.log_command:Invoking command in '/home/drmid/silmulation/ROS2_WS/build/rom2109_description': CMAKE_PREFIX_PATH=${CMAKE_PREFIX_PATH}:/opt/ros/humble /usr/bin/cmake /home/drmid/silmulation/ROS2_WS/src/rom2109_description -DCMAKE_INSTALL_PREFIX=/home/drmid/silmulation/ROS2_WS/install/rom2109_description
[0.411s] DEBUG:colcon.colcon_core.event_handler.log_command:Invoking command in '/home/drmid/silmulation/ROS2_WS/build/rom2109_gazebo': CMAKE_PREFIX_PATH=${CMAKE_PREFIX_PATH}:/opt/ros/humble /usr/bin/cmake /home/drmid/silmulation/ROS2_WS/src/rom2109_gazebo -DCMAKE_INSTALL_PREFIX=/home/drmid/silmulation/ROS2_WS/install/rom2109_gazebo
[0.909s] DEBUG:colcon.colcon_core.event_handler.log_command:Invoked command in '/home/drmid/silmulation/ROS2_WS/build/rom2109_gazebo' returned '0': CMAKE_PREFIX_PATH=${CMAKE_PREFIX_PATH}:/opt/ros/humble /usr/bin/cmake /home/drmid/silmulation/ROS2_WS/src/rom2109_gazebo -DCMAKE_INSTALL_PREFIX=/home/drmid/silmulation/ROS2_WS/install/rom2109_gazebo
[0.909s] DEBUG:colcon.colcon_core.event_handler.log_command:Invoking command in '/home/drmid/silmulation/ROS2_WS/build/rom2109_gazebo': CMAKE_PREFIX_PATH=${CMAKE_PREFIX_PATH}:/opt/ros/humble /usr/bin/cmake --build /home/drmid/silmulation/ROS2_WS/build/rom2109_gazebo -- -j4 -l4
[0.911s] DEBUG:colcon.colcon_core.event_handler.log_command:Invoked command in '/home/drmid/silmulation/ROS2_WS/build/rom2109_description' returned '0': CMAKE_PREFIX_PATH=${CMAKE_PREFIX_PATH}:/opt/ros/humble /usr/bin/cmake /home/drmid/silmulation/ROS2_WS/src/rom2109_description -DCMAKE_INSTALL_PREFIX=/home/drmid/silmulation/ROS2_WS/install/rom2109_description
[0.912s] DEBUG:colcon.colcon_core.event_handler.log_command:Invoking command in '/home/drmid/silmulation/ROS2_WS/build/rom2109_description': CMAKE_PREFIX_PATH=${CMAKE_PREFIX_PATH}:/opt/ros/humble /usr/bin/cmake --build /home/drmid/silmulation/ROS2_WS/build/rom2109_description -- -j4 -l4
[0.936s] DEBUG:colcon.colcon_core.event_handler.log_command:Invoked command in '/home/drmid/silmulation/ROS2_WS/build/rom2109_gazebo' returned '0': CMAKE_PREFIX_PATH=${CMAKE_PREFIX_PATH}:/opt/ros/humble /usr/bin/cmake --build /home/drmid/silmulation/ROS2_WS/build/rom2109_gazebo -- -j4 -l4
[0.937s] DEBUG:colcon.colcon_core.event_handler.log_command:Invoked command in '/home/drmid/silmulation/ROS2_WS/build/rom2109_description' returned '0': CMAKE_PREFIX_PATH=${CMAKE_PREFIX_PATH}:/opt/ros/humble /usr/bin/cmake --build /home/drmid/silmulation/ROS2_WS/build/rom2109_description -- -j4 -l4
[0.951s] DEBUG:colcon.colcon_core.event_handler.log_command:Invoking command in '/home/drmid/silmulation/ROS2_WS/build/rom2109_gazebo': CMAKE_PREFIX_PATH=${CMAKE_PREFIX_PATH}:/opt/ros/humble /usr/bin/cmake --install /home/drmid/silmulation/ROS2_WS/build/rom2109_gazebo
[0.953s] DEBUG:colcon.colcon_core.event_handler.log_command:Invoking command in '/home/drmid/silmulation/ROS2_WS/build/rom2109_description': CMAKE_PREFIX_PATH=${CMAKE_PREFIX_PATH}:/opt/ros/humble /usr/bin/cmake --install /home/drmid/silmulation/ROS2_WS/build/rom2109_description
[0.963s] Level 1:colcon.colcon_core.environment:create_environment_scripts_only(rom2109_gazebo)
[0.963s] Level 1:colcon.colcon_core.environment:checking '/home/drmid/silmulation/ROS2_WS/install/rom2109_gazebo' for CMake module files
[0.964s] DEBUG:colcon.colcon_core.event_handler.log_command:Invoked command in '/home/drmid/silmulation/ROS2_WS/build/rom2109_gazebo' returned '0': CMAKE_PREFIX_PATH=${CMAKE_PREFIX_PATH}:/opt/ros/humble /usr/bin/cmake --install /home/drmid/silmulation/ROS2_WS/build/rom2109_gazebo
[0.964s] Level 1:colcon.colcon_core.environment:checking '/home/drmid/silmulation/ROS2_WS/install/rom2109_gazebo' for CMake config files
[0.964s] Level 1:colcon.colcon_core.shell:create_environment_hook('rom2109_gazebo', 'cmake_prefix_path')
[0.965s] INFO:colcon.colcon_core.shell:Creating environment hook '/home/drmid/silmulation/ROS2_WS/install/rom2109_gazebo/share/rom2109_gazebo/hook/cmake_prefix_path.ps1'
[0.965s] INFO:colcon.colcon_core.shell:Creating environment descriptor '/home/drmid/silmulation/ROS2_WS/install/rom2109_gazebo/share/rom2109_gazebo/hook/cmake_prefix_path.dsv'
[0.965s] INFO:colcon.colcon_core.shell:Creating environment hook '/home/drmid/silmulation/ROS2_WS/install/rom2109_gazebo/share/rom2109_gazebo/hook/cmake_prefix_path.sh'
[0.966s] Level 1:colcon.colcon_core.environment:checking '/home/drmid/silmulation/ROS2_WS/install/rom2109_gazebo/bin'
[0.966s] Level 1:colcon.colcon_core.environment:checking '/home/drmid/silmulation/ROS2_WS/install/rom2109_gazebo/lib/pkgconfig/rom2109_gazebo.pc'
[0.966s] Level 1:colcon.colcon_core.environment:checking '/home/drmid/silmulation/ROS2_WS/install/rom2109_gazebo/lib/python3.10/site-packages'
[0.966s] Level 1:colcon.colcon_core.environment:checking '/home/drmid/silmulation/ROS2_WS/install/rom2109_gazebo/bin'
[0.967s] INFO:colcon.colcon_core.shell:Creating package script '/home/drmid/silmulation/ROS2_WS/install/rom2109_gazebo/share/rom2109_gazebo/package.ps1'
[0.967s] INFO:colcon.colcon_core.shell:Creating package descriptor '/home/drmid/silmulation/ROS2_WS/install/rom2109_gazebo/share/rom2109_gazebo/package.dsv'
[0.967s] INFO:colcon.colcon_core.shell:Creating package script '/home/drmid/silmulation/ROS2_WS/install/rom2109_gazebo/share/rom2109_gazebo/package.sh'
[0.968s] INFO:colcon.colcon_core.shell:Creating package script '/home/drmid/silmulation/ROS2_WS/install/rom2109_gazebo/share/rom2109_gazebo/package.bash'
[0.968s] INFO:colcon.colcon_core.shell:Creating package script '/home/drmid/silmulation/ROS2_WS/install/rom2109_gazebo/share/rom2109_gazebo/package.zsh'
[0.968s] Level 1:colcon.colcon_core.environment:create_file_with_runtime_dependencies(/home/drmid/silmulation/ROS2_WS/install/rom2109_gazebo/share/colcon-core/packages/rom2109_gazebo)
[0.985s] Level 1:colcon.colcon_core.environment:create_environment_scripts_only(rom2109_gazebo)
[0.985s] Level 1:colcon.colcon_core.environment:checking '/home/drmid/silmulation/ROS2_WS/install/rom2109_gazebo' for CMake module files
[0.986s] Level 1:colcon.colcon_core.environment:checking '/home/drmid/silmulation/ROS2_WS/install/rom2109_gazebo' for CMake config files
[0.986s] Level 1:colcon.colcon_core.shell:create_environment_hook('rom2109_gazebo', 'cmake_prefix_path')
[0.986s] INFO:colcon.colcon_core.shell:Creating environment hook '/home/drmid/silmulation/ROS2_WS/install/rom2109_gazebo/share/rom2109_gazebo/hook/cmake_prefix_path.ps1'
[0.987s] INFO:colcon.colcon_core.shell:Creating environment descriptor '/home/drmid/silmulation/ROS2_WS/install/rom2109_gazebo/share/rom2109_gazebo/hook/cmake_prefix_path.dsv'
[0.987s] INFO:colcon.colcon_core.shell:Creating environment hook '/home/drmid/silmulation/ROS2_WS/install/rom2109_gazebo/share/rom2109_gazebo/hook/cmake_prefix_path.sh'
[0.987s] Level 1:colcon.colcon_core.environment:checking '/home/drmid/silmulation/ROS2_WS/install/rom2109_gazebo/bin'
[0.987s] Level 1:colcon.colcon_core.environment:checking '/home/drmid/silmulation/ROS2_WS/install/rom2109_gazebo/lib/pkgconfig/rom2109_gazebo.pc'
[0.988s] Level 1:colcon.colcon_core.environment:checking '/home/drmid/silmulation/ROS2_WS/install/rom2109_gazebo/lib/python3.10/site-packages'
[0.988s] Level 1:colcon.colcon_core.environment:checking '/home/drmid/silmulation/ROS2_WS/install/rom2109_gazebo/bin'
[0.988s] INFO:colcon.colcon_core.shell:Creating package script '/home/drmid/silmulation/ROS2_WS/install/rom2109_gazebo/share/rom2109_gazebo/package.ps1'
[0.988s] INFO:colcon.colcon_core.shell:Creating package descriptor '/home/drmid/silmulation/ROS2_WS/install/rom2109_gazebo/share/rom2109_gazebo/package.dsv'
[0.988s] INFO:colcon.colcon_core.shell:Creating package script '/home/drmid/silmulation/ROS2_WS/install/rom2109_gazebo/share/rom2109_gazebo/package.sh'
[0.989s] INFO:colcon.colcon_core.shell:Creating package script '/home/drmid/silmulation/ROS2_WS/install/rom2109_gazebo/share/rom2109_gazebo/package.bash'
[0.989s] INFO:colcon.colcon_core.shell:Creating package script '/home/drmid/silmulation/ROS2_WS/install/rom2109_gazebo/share/rom2109_gazebo/package.zsh'
[0.989s] Level 1:colcon.colcon_core.environment:create_file_with_runtime_dependencies(/home/drmid/silmulation/ROS2_WS/install/rom2109_gazebo/share/colcon-core/packages/rom2109_gazebo)
[1.017s] Level 1:colcon.colcon_core.environment:create_environment_scripts_only(rom2109_description)
[1.018s] Level 1:colcon.colcon_core.environment:checking '/home/drmid/silmulation/ROS2_WS/install/rom2109_description' for CMake module files
[1.018s] DEBUG:colcon.colcon_core.event_handler.log_command:Invoked command in '/home/drmid/silmulation/ROS2_WS/build/rom2109_description' returned '0': CMAKE_PREFIX_PATH=${CMAKE_PREFIX_PATH}:/opt/ros/humble /usr/bin/cmake --install /home/drmid/silmulation/ROS2_WS/build/rom2109_description
[1.018s] Level 1:colcon.colcon_core.environment:checking '/home/drmid/silmulation/ROS2_WS/install/rom2109_description' for CMake config files
[1.018s] Level 1:colcon.colcon_core.shell:create_environment_hook('rom2109_description', 'cmake_prefix_path')
[1.018s] INFO:colcon.colcon_core.shell:Creating environment hook '/home/drmid/silmulation/ROS2_WS/install/rom2109_description/share/rom2109_description/hook/cmake_prefix_path.ps1'
[1.019s] INFO:colcon.colcon_core.shell:Creating environment descriptor '/home/drmid/silmulation/ROS2_WS/install/rom2109_description/share/rom2109_description/hook/cmake_prefix_path.dsv'
[1.019s] INFO:colcon.colcon_core.shell:Creating environment hook '/home/drmid/silmulation/ROS2_WS/install/rom2109_description/share/rom2109_description/hook/cmake_prefix_path.sh'
[1.019s] Level 1:colcon.colcon_core.environment:checking '/home/drmid/silmulation/ROS2_WS/install/rom2109_description/bin'
[1.019s] Level 1:colcon.colcon_core.environment:checking '/home/drmid/silmulation/ROS2_WS/install/rom2109_description/lib/pkgconfig/rom2109_description.pc'
[1.019s] Level 1:colcon.colcon_core.environment:checking '/home/drmid/silmulation/ROS2_WS/install/rom2109_description/lib/python3.10/site-packages'
[1.019s] Level 1:colcon.colcon_core.environment:checking '/home/drmid/silmulation/ROS2_WS/install/rom2109_description/bin'
[1.020s] INFO:colcon.colcon_core.shell:Creating package script '/home/drmid/silmulation/ROS2_WS/install/rom2109_description/share/rom2109_description/package.ps1'
[1.020s] INFO:colcon.colcon_core.shell:Creating package descriptor '/home/drmid/silmulation/ROS2_WS/install/rom2109_description/share/rom2109_description/package.dsv'
[1.020s] INFO:colcon.colcon_core.shell:Creating package script '/home/drmid/silmulation/ROS2_WS/install/rom2109_description/share/rom2109_description/package.sh'
[1.020s] INFO:colcon.colcon_core.shell:Creating package script '/home/drmid/silmulation/ROS2_WS/install/rom2109_description/share/rom2109_description/package.bash'
[1.020s] INFO:colcon.colcon_core.shell:Creating package script '/home/drmid/silmulation/ROS2_WS/install/rom2109_description/share/rom2109_description/package.zsh'
[1.021s] Level 1:colcon.colcon_core.environment:create_file_with_runtime_dependencies(/home/drmid/silmulation/ROS2_WS/install/rom2109_description/share/colcon-core/packages/rom2109_description)
[1.034s] Level 1:colcon.colcon_core.environment:create_environment_scripts_only(rom2109_description)
[1.034s] Level 1:colcon.colcon_core.environment:checking '/home/drmid/silmulation/ROS2_WS/install/rom2109_description' for CMake module files
[1.035s] Level 1:colcon.colcon_core.environment:checking '/home/drmid/silmulation/ROS2_WS/install/rom2109_description' for CMake config files
[1.035s] Level 1:colcon.colcon_core.shell:create_environment_hook('rom2109_description', 'cmake_prefix_path')
[1.035s] INFO:colcon.colcon_core.shell:Creating environment hook '/home/drmid/silmulation/ROS2_WS/install/rom2109_description/share/rom2109_description/hook/cmake_prefix_path.ps1'
[1.035s] INFO:colcon.colcon_core.shell:Creating environment descriptor '/home/drmid/silmulation/ROS2_WS/install/rom2109_description/share/rom2109_description/hook/cmake_prefix_path.dsv'
[1.035s] INFO:colcon.colcon_core.shell:Creating environment hook '/home/drmid/silmulation/ROS2_WS/install/rom2109_description/share/rom2109_description/hook/cmake_prefix_path.sh'
[1.036s] Level 1:colcon.colcon_core.environment:checking '/home/drmid/silmulation/ROS2_WS/install/rom2109_description/bin'
[1.036s] Level 1:colcon.colcon_core.environment:checking '/home/drmid/silmulation/ROS2_WS/install/rom2109_description/lib/pkgconfig/rom2109_description.pc'
[1.036s] Level 1:colcon.colcon_core.environment:checking '/home/drmid/silmulation/ROS2_WS/install/rom2109_description/lib/python3.10/site-packages'
[1.036s] Level 1:colcon.colcon_core.environment:checking '/home/drmid/silmulation/ROS2_WS/install/rom2109_description/bin'
[1.036s] INFO:colcon.colcon_core.shell:Creating package script '/home/drmid/silmulation/ROS2_WS/install/rom2109_description/share/rom2109_description/package.ps1'
[1.036s] INFO:colcon.colcon_core.shell:Creating package descriptor '/home/drmid/silmulation/ROS2_WS/install/rom2109_description/share/rom2109_description/package.dsv'
[1.037s] INFO:colcon.colcon_core.shell:Creating package script '/home/drmid/silmulation/ROS2_WS/install/rom2109_description/share/rom2109_description/package.sh'
[1.037s] INFO:colcon.colcon_core.shell:Creating package script '/home/drmid/silmulation/ROS2_WS/install/rom2109_description/share/rom2109_description/package.bash'
[1.037s] INFO:colcon.colcon_core.shell:Creating package script '/home/drmid/silmulation/ROS2_WS/install/rom2109_description/share/rom2109_description/package.zsh'
[1.037s] Level 1:colcon.colcon_core.environment:create_file_with_runtime_dependencies(/home/drmid/silmulation/ROS2_WS/install/rom2109_description/share/colcon-core/packages/rom2109_description)
[1.037s] DEBUG:colcon.colcon_parallel_executor.executor.parallel:closing loop
[1.038s] DEBUG:colcon.colcon_parallel_executor.executor.parallel:loop closed
[1.038s] DEBUG:colcon.colcon_parallel_executor.executor.parallel:run_until_complete finished with '0'
[1.038s] DEBUG:colcon.colcon_core.event_reactor:joining thread
[1.041s] INFO:colcon.colcon_core.plugin_system:Skipping extension 'colcon_notification.desktop_notification.terminal_notifier': Not used on non-Darwin systems
[1.041s] INFO:colcon.colcon_core.plugin_system:Skipping extension 'colcon_notification.desktop_notification.win32': Not used on non-Windows systems
[1.041s] INFO:colcon.colcon_notification.desktop_notification:Sending desktop notification using 'notify2'
[1.060s] DEBUG:colcon.colcon_core.event_reactor:joined thread
[1.060s] INFO:colcon.colcon_core.shell:Creating prefix script '/home/drmid/silmulation/ROS2_WS/install/local_setup.ps1'
[1.061s] INFO:colcon.colcon_core.shell:Creating prefix util module '/home/drmid/silmulation/ROS2_WS/install/_local_setup_util_ps1.py'
[1.063s] INFO:colcon.colcon_core.shell:Creating prefix chain script '/home/drmid/silmulation/ROS2_WS/install/setup.ps1'
[1.064s] INFO:colcon.colcon_core.shell:Creating prefix script '/home/drmid/silmulation/ROS2_WS/install/local_setup.sh'
[1.064s] INFO:colcon.colcon_core.shell:Creating prefix util module '/home/drmid/silmulation/ROS2_WS/install/_local_setup_util_sh.py'
[1.064s] INFO:colcon.colcon_core.shell:Creating prefix chain script '/home/drmid/silmulation/ROS2_WS/install/setup.sh'
[1.066s] INFO:colcon.colcon_core.shell:Creating prefix script '/home/drmid/silmulation/ROS2_WS/install/local_setup.bash'
[1.066s] INFO:colcon.colcon_core.shell:Creating prefix chain script '/home/drmid/silmulation/ROS2_WS/install/setup.bash'
[1.067s] INFO:colcon.colcon_core.shell:Creating prefix script '/home/drmid/silmulation/ROS2_WS/install/local_setup.zsh'
[1.067s] INFO:colcon.colcon_core.shell:Creating prefix chain script '/home/drmid/silmulation/ROS2_WS/install/setup.zsh'
