[0.016s] Invoking command in '/home/drmid/silmulation/ROS2_WS/build/dshape_description': CMAKE_PREFIX_PATH=${CMAKE_PREFIX_PATH}:/opt/ros/humble /usr/bin/cmake --build /home/drmid/silmulation/ROS2_WS/build/dshape_description -- -j4 -l4
[0.055s] Invoked command in '/home/drmid/silmulation/ROS2_WS/build/dshape_description' returned '0': CMAKE_PREFIX_PATH=${CMAKE_PREFIX_PATH}:/opt/ros/humble /usr/bin/cmake --build /home/drmid/silmulation/ROS2_WS/build/dshape_description -- -j4 -l4
[0.087s] Invoking command in '/home/drmid/silmulation/ROS2_WS/build/dshape_description': CMAKE_PREFIX_PATH=${CMAKE_PREFIX_PATH}:/opt/ros/humble /usr/bin/cmake --install /home/drmid/silmulation/ROS2_WS/build/dshape_description
[0.099s] -- Install configuration: ""
[0.100s] -- Up-to-date: /home/drmid/silmulation/ROS2_WS/install/dshape_description/share/dshape_description/config
[0.100s] -- Up-to-date: /home/drmid/silmulation/ROS2_WS/install/dshape_description/share/dshape_description/config/dshape_controller.yaml
[0.100s] -- Up-to-date: /home/drmid/silmulation/ROS2_WS/install/dshape_description/share/dshape_description/launch
[0.100s] -- Up-to-date: /home/drmid/silmulation/ROS2_WS/install/dshape_description/share/dshape_description/launch/description_ros2_control.launch.py
[0.100s] -- Up-to-date: /home/drmid/silmulation/ROS2_WS/install/dshape_description/share/dshape_description/urdf
[0.100s] -- Up-to-date: /home/drmid/silmulation/ROS2_WS/install/dshape_description/share/dshape_description/urdf/robot.urdf.xacro
[0.100s] -- Up-to-date: /home/drmid/silmulation/ROS2_WS/install/dshape_description/share/dshape_description/urdf/ros2_control.xacro
[0.100s] -- Up-to-date: /home/drmid/silmulation/ROS2_WS/install/dshape_description/share/dshape_description/urdf/urdf.urdf
[0.100s] -- Up-to-date: /home/drmid/silmulation/ROS2_WS/install/dshape_description/share/dshape_description/urdf/dshape_core.xacro
[0.100s] -- Up-to-date: /home/drmid/silmulation/ROS2_WS/install/dshape_description/share/dshape_description/urdf/original.urdf
[0.100s] -- Up-to-date: /home/drmid/silmulation/ROS2_WS/install/dshape_description/share/dshape_description/urdf/lidar.xacro
[0.100s] -- Up-to-date: /home/drmid/silmulation/ROS2_WS/install/dshape_description/share/dshape_description/urdf/camera.xacro
[0.100s] -- Up-to-date: /home/drmid/silmulation/ROS2_WS/install/dshape_description/share/dshape_description/meshes
[0.100s] -- Up-to-date: /home/drmid/silmulation/ROS2_WS/install/dshape_description/share/dshape_description/meshes/right_wheel.STL
[0.100s] -- Up-to-date: /home/drmid/silmulation/ROS2_WS/install/dshape_description/share/dshape_description/meshes/left_wheel.STL
[0.101s] -- Up-to-date: /home/drmid/silmulation/ROS2_WS/install/dshape_description/share/dshape_description/meshes/base_link.STL
[0.101s] -- Up-to-date: /home/drmid/silmulation/ROS2_WS/install/dshape_description/share/ament_index/resource_index/package_run_dependencies/dshape_description
[0.101s] -- Up-to-date: /home/drmid/silmulation/ROS2_WS/install/dshape_description/share/ament_index/resource_index/parent_prefix_path/dshape_description
[0.101s] -- Up-to-date: /home/drmid/silmulation/ROS2_WS/install/dshape_description/share/dshape_description/environment/ament_prefix_path.sh
[0.101s] -- Up-to-date: /home/drmid/silmulation/ROS2_WS/install/dshape_description/share/dshape_description/environment/ament_prefix_path.dsv
[0.101s] -- Up-to-date: /home/drmid/silmulation/ROS2_WS/install/dshape_description/share/dshape_description/environment/path.sh
[0.101s] -- Up-to-date: /home/drmid/silmulation/ROS2_WS/install/dshape_description/share/dshape_description/environment/path.dsv
[0.101s] -- Up-to-date: /home/drmid/silmulation/ROS2_WS/install/dshape_description/share/dshape_description/local_setup.bash
[0.101s] -- Up-to-date: /home/drmid/silmulation/ROS2_WS/install/dshape_description/share/dshape_description/local_setup.sh
[0.101s] -- Up-to-date: /home/drmid/silmulation/ROS2_WS/install/dshape_description/share/dshape_description/local_setup.zsh
[0.101s] -- Up-to-date: /home/drmid/silmulation/ROS2_WS/install/dshape_description/share/dshape_description/local_setup.dsv
[0.102s] -- Up-to-date: /home/drmid/silmulation/ROS2_WS/install/dshape_description/share/dshape_description/package.dsv
[0.102s] -- Up-to-date: /home/drmid/silmulation/ROS2_WS/install/dshape_description/share/ament_index/resource_index/packages/dshape_description
[0.102s] -- Up-to-date: /home/drmid/silmulation/ROS2_WS/install/dshape_description/share/dshape_description/cmake/dshape_descriptionConfig.cmake
[0.102s] -- Up-to-date: /home/drmid/silmulation/ROS2_WS/install/dshape_description/share/dshape_description/cmake/dshape_descriptionConfig-version.cmake
[0.102s] -- Up-to-date: /home/drmid/silmulation/ROS2_WS/install/dshape_description/share/dshape_description/package.xml
[0.116s] Invoked command in '/home/drmid/silmulation/ROS2_WS/build/dshape_description' returned '0': CMAKE_PREFIX_PATH=${CMAKE_PREFIX_PATH}:/opt/ros/humble /usr/bin/cmake --install /home/drmid/silmulation/ROS2_WS/build/dshape_description
