[0.017s] Invoking command in '/home/drmid/silmulation/ROS2_WS/build/rom2109_gazebo': CMAKE_PREFIX_PATH=${CMAKE_PREFIX_PATH}:/opt/ros/humble /usr/bin/cmake /home/drmid/silmulation/ROS2_WS/src/rom2109_gazebo -DCMAKE_INSTALL_PREFIX=/home/drmid/silmulation/ROS2_WS/install/rom2109_gazebo
[0.062s] -- The C compiler identification is GNU 11.4.0
[0.103s] -- The CXX compiler identification is GNU 11.4.0
[0.110s] -- Detecting C compiler ABI info
[0.160s] -- Detecting C compiler ABI info - done
[0.163s] -- Check for working C compiler: /usr/bin/cc - skipped
[0.163s] -- Detecting C compile features
[0.163s] -- Detecting C compile features - done
[0.166s] -- Detecting CXX compiler ABI info
[0.223s] -- Detecting CXX compiler ABI info - done
[0.228s] -- Check for working CXX compiler: /usr/bin/c++ - skipped
[0.228s] -- Detecting CXX compile features
[0.228s] -- Detecting CXX compile features - done
[0.232s] -- Found ament_cmake: 1.3.8 (/opt/ros/humble/share/ament_cmake/cmake)
[0.342s] -- Found Python3: /usr/bin/python3 (found version "3.10.12") found components: Interpreter 
[0.419s] -- Found ament_lint_auto: 0.12.10 (/opt/ros/humble/share/ament_lint_auto/cmake)
[0.504s] -- Added test 'flake8' to check Python code syntax and style conventions
[0.505s] -- Added test 'lint_cmake' to check CMake code style
[0.505s] -- Added test 'pep257' to check Python code against some of the docstring style conventions in PEP 257
[0.507s] -- Added test 'xmllint' to check XML markup files
[0.508s] -- Configuring done
[0.510s] -- Generating done
[0.511s] -- Build files have been written to: /home/drmid/silmulation/ROS2_WS/build/rom2109_gazebo
[0.514s] Invoked command in '/home/drmid/silmulation/ROS2_WS/build/rom2109_gazebo' returned '0': CMAKE_PREFIX_PATH=${CMAKE_PREFIX_PATH}:/opt/ros/humble /usr/bin/cmake /home/drmid/silmulation/ROS2_WS/src/rom2109_gazebo -DCMAKE_INSTALL_PREFIX=/home/drmid/silmulation/ROS2_WS/install/rom2109_gazebo
[0.515s] Invoking command in '/home/drmid/silmulation/ROS2_WS/build/rom2109_gazebo': CMAKE_PREFIX_PATH=${CMAKE_PREFIX_PATH}:/opt/ros/humble /usr/bin/cmake --build /home/drmid/silmulation/ROS2_WS/build/rom2109_gazebo -- -j4 -l4
[0.541s] Invoked command in '/home/drmid/silmulation/ROS2_WS/build/rom2109_gazebo' returned '0': CMAKE_PREFIX_PATH=${CMAKE_PREFIX_PATH}:/opt/ros/humble /usr/bin/cmake --build /home/drmid/silmulation/ROS2_WS/build/rom2109_gazebo -- -j4 -l4
[0.556s] Invoking command in '/home/drmid/silmulation/ROS2_WS/build/rom2109_gazebo': CMAKE_PREFIX_PATH=${CMAKE_PREFIX_PATH}:/opt/ros/humble /usr/bin/cmake --install /home/drmid/silmulation/ROS2_WS/build/rom2109_gazebo
[0.562s] -- Install configuration: ""
[0.562s] -- Installing: /home/drmid/silmulation/ROS2_WS/install/rom2109_gazebo/share/rom2109_gazebo//config
[0.562s] -- Installing: /home/drmid/silmulation/ROS2_WS/install/rom2109_gazebo/share/rom2109_gazebo//config/gazebo_params.yaml
[0.562s] -- Installing: /home/drmid/silmulation/ROS2_WS/install/rom2109_gazebo/share/rom2109_gazebo//config/twist_mux.yaml
[0.562s] -- Installing: /home/drmid/silmulation/ROS2_WS/install/rom2109_gazebo/share/rom2109_gazebo//launch
[0.562s] -- Installing: /home/drmid/silmulation/ROS2_WS/install/rom2109_gazebo/share/rom2109_gazebo//launch/rom2109_sim_ros2_control.launch.py
[0.563s] -- Installing: /home/drmid/silmulation/ROS2_WS/install/rom2109_gazebo/share/rom2109_gazebo//launch/controller_spawner.launch.py
[0.563s] -- Installing: /home/drmid/silmulation/ROS2_WS/install/rom2109_gazebo/share/rom2109_gazebo//launch/test_rom2109_bot_gazebo.launch.py
[0.563s] -- Installing: /home/drmid/silmulation/ROS2_WS/install/rom2109_gazebo/share/rom2109_gazebo//launch/test_rom2109_tall_gazebo.launch.py
[0.563s] -- Installing: /home/drmid/silmulation/ROS2_WS/install/rom2109_gazebo/share/rom2109_gazebo//launch/test_rom2109_sim_ros2_control_delayed.launch.py
[0.563s] -- Installing: /home/drmid/silmulation/ROS2_WS/install/rom2109_gazebo/share/rom2109_gazebo//launch/test_code_style.launch.py
[0.563s] -- Installing: /home/drmid/silmulation/ROS2_WS/install/rom2109_gazebo/share/rom2109_gazebo//rviz2
[0.563s] -- Installing: /home/drmid/silmulation/ROS2_WS/install/rom2109_gazebo/share/rom2109_gazebo//rviz2/odom_fix.rviz
[0.563s] -- Installing: /home/drmid/silmulation/ROS2_WS/install/rom2109_gazebo/share/rom2109_gazebo//rviz2/nav2_default_view.rviz
[0.563s] -- Installing: /home/drmid/silmulation/ROS2_WS/install/rom2109_gazebo/share/rom2109_gazebo//rviz2/display.rviz
[0.564s] -- Installing: /home/drmid/silmulation/ROS2_WS/install/rom2109_gazebo/share/rom2109_gazebo//rviz2/nav2_namespaced_view.rviz
[0.564s] -- Installing: /home/drmid/silmulation/ROS2_WS/install/rom2109_gazebo/share/rom2109_gazebo//rviz2/slam.rviz
[0.564s] -- Installing: /home/drmid/silmulation/ROS2_WS/install/rom2109_gazebo/share/rom2109_gazebo//worlds
[0.564s] -- Installing: /home/drmid/silmulation/ROS2_WS/install/rom2109_gazebo/share/rom2109_gazebo//worlds/factory.world
[0.564s] -- Installing: /home/drmid/silmulation/ROS2_WS/install/rom2109_gazebo/share/rom2109_gazebo//worlds/cafe.world
[0.565s] -- Installing: /home/drmid/silmulation/ROS2_WS/install/rom2109_gazebo/share/rom2109_gazebo//worlds/world_only.model
[0.565s] -- Installing: /home/drmid/silmulation/ROS2_WS/install/rom2109_gazebo/share/rom2109_gazebo//worlds/neighborhood.world
[0.565s] -- Installing: /home/drmid/silmulation/ROS2_WS/install/rom2109_gazebo/share/rom2109_gazebo//worlds/distribution_center.world
[0.565s] -- Installing: /home/drmid/silmulation/ROS2_WS/install/rom2109_gazebo/share/rom2109_gazebo//worlds/lawn.world
[0.565s] -- Installing: /home/drmid/silmulation/ROS2_WS/install/rom2109_gazebo/share/rom2109_gazebo//worlds/basic.world
[0.565s] -- Installing: /home/drmid/silmulation/ROS2_WS/install/rom2109_gazebo/share/rom2109_gazebo//worlds/house.world
[0.565s] -- Installing: /home/drmid/silmulation/ROS2_WS/install/rom2109_gazebo/share/rom2109_gazebo//worlds/office.world
[0.566s] -- Installing: /home/drmid/silmulation/ROS2_WS/install/rom2109_gazebo/share/rom2109_gazebo//worlds/hospital.world
[0.566s] -- Installing: /home/drmid/silmulation/ROS2_WS/install/rom2109_gazebo/share/rom2109_gazebo//worlds/hospital_2_floors.world
[0.566s] -- Installing: /home/drmid/silmulation/ROS2_WS/install/rom2109_gazebo/share/rom2109_gazebo//worlds/car.world
[0.567s] -- Installing: /home/drmid/silmulation/ROS2_WS/install/rom2109_gazebo/share/rom2109_gazebo//worlds/farm.world
[0.567s] -- Installing: /home/drmid/silmulation/ROS2_WS/install/rom2109_gazebo/share/rom2109_gazebo//worlds/hospital_3_floors.world
[0.567s] -- Installing: /home/drmid/silmulation/ROS2_WS/install/rom2109_gazebo/share/rom2109_gazebo//worlds/inventory.world
[0.567s] -- Installing: /home/drmid/silmulation/ROS2_WS/install/rom2109_gazebo/share/rom2109_gazebo//worlds/warehouse.world
[0.567s] -- Installing: /home/drmid/silmulation/ROS2_WS/install/rom2109_gazebo/share/ament_index/resource_index/package_run_dependencies/rom2109_gazebo
[0.567s] -- Installing: /home/drmid/silmulation/ROS2_WS/install/rom2109_gazebo/share/ament_index/resource_index/parent_prefix_path/rom2109_gazebo
[0.567s] -- Installing: /home/drmid/silmulation/ROS2_WS/install/rom2109_gazebo/share/rom2109_gazebo/environment/ament_prefix_path.sh
[0.567s] -- Installing: /home/drmid/silmulation/ROS2_WS/install/rom2109_gazebo/share/rom2109_gazebo/environment/ament_prefix_path.dsv
[0.567s] -- Installing: /home/drmid/silmulation/ROS2_WS/install/rom2109_gazebo/share/rom2109_gazebo/environment/path.sh
[0.568s] -- Installing: /home/drmid/silmulation/ROS2_WS/install/rom2109_gazebo/share/rom2109_gazebo/environment/path.dsv
[0.568s] -- Installing: /home/drmid/silmulation/ROS2_WS/install/rom2109_gazebo/share/rom2109_gazebo/local_setup.bash
[0.568s] -- Installing: /home/drmid/silmulation/ROS2_WS/install/rom2109_gazebo/share/rom2109_gazebo/local_setup.sh
[0.568s] -- Installing: /home/drmid/silmulation/ROS2_WS/install/rom2109_gazebo/share/rom2109_gazebo/local_setup.zsh
[0.568s] -- Installing: /home/drmid/silmulation/ROS2_WS/install/rom2109_gazebo/share/rom2109_gazebo/local_setup.dsv
[0.568s] -- Installing: /home/drmid/silmulation/ROS2_WS/install/rom2109_gazebo/share/rom2109_gazebo/package.dsv
[0.568s] -- Installing: /home/drmid/silmulation/ROS2_WS/install/rom2109_gazebo/share/ament_index/resource_index/packages/rom2109_gazebo
[0.568s] -- Installing: /home/drmid/silmulation/ROS2_WS/install/rom2109_gazebo/share/rom2109_gazebo/cmake/rom2109_gazeboConfig.cmake
[0.568s] -- Installing: /home/drmid/silmulation/ROS2_WS/install/rom2109_gazebo/share/rom2109_gazebo/cmake/rom2109_gazeboConfig-version.cmake
[0.568s] -- Installing: /home/drmid/silmulation/ROS2_WS/install/rom2109_gazebo/share/rom2109_gazebo/package.xml
[0.569s] Invoked command in '/home/drmid/silmulation/ROS2_WS/build/rom2109_gazebo' returned '0': CMAKE_PREFIX_PATH=${CMAKE_PREFIX_PATH}:/opt/ros/humble /usr/bin/cmake --install /home/drmid/silmulation/ROS2_WS/build/rom2109_gazebo
