[0.010s] Invoking command in '/home/drmid/silmulation/ROS2_WS/build/black_donut_gazebo': CMAKE_PREFIX_PATH=${CMAKE_PREFIX_PATH}:/opt/ros/humble /usr/bin/cmake /home/drmid/silmulation/ROS2_WS/src/black_donut_gazebo -DCMAKE_INSTALL_PREFIX=/home/drmid/silmulation/ROS2_WS/install/black_donut_gazebo
[0.076s] -- The C compiler identification is GNU 11.4.0
[0.138s] -- The CXX compiler identification is GNU 11.4.0
[0.144s] -- Detecting C compiler ABI info
[0.204s] -- Detecting C compiler ABI info - done
[0.210s] -- Check for working C compiler: /usr/bin/cc - skipped
[0.210s] -- Detecting C compile features
[0.210s] -- Detecting C compile features - done
[0.213s] -- Detecting CXX compiler ABI info
[0.276s] -- Detecting CXX compiler ABI info - done
[0.286s] -- Check for working CXX compiler: /usr/bin/c++ - skipped
[0.287s] -- Detecting CXX compile features
[0.287s] -- Detecting CXX compile features - done
[0.290s] -- Found ament_cmake: 1.3.8 (/opt/ros/humble/share/ament_cmake/cmake)
[0.413s] -- Found Python3: /usr/bin/python3 (found version "3.10.12") found components: Interpreter 
[0.485s] -- Found ament_lint_auto: 0.12.10 (/opt/ros/humble/share/ament_lint_auto/cmake)
[0.555s] -- Added test 'cppcheck' to perform static code analysis on C / C++ code
[0.555s] -- Configured cppcheck include dirs: 
[0.555s] -- Configured cppcheck exclude dirs and/or files: 
[0.556s] -- Added test 'flake8' to check Python code syntax and style conventions
[0.558s] -- Added test 'lint_cmake' to check CMake code style
[0.559s] -- Added test 'pep257' to check Python code against some of the docstring style conventions in PEP 257
[0.564s] -- Added test 'uncrustify' to check C / C++ code style
[0.565s] -- Configured uncrustify additional arguments: 
[0.566s] -- Added test 'xmllint' to check XML markup files
[0.567s] -- Configuring done
[0.569s] -- Generating done
[0.570s] -- Build files have been written to: /home/drmid/silmulation/ROS2_WS/build/black_donut_gazebo
[0.578s] Invoked command in '/home/drmid/silmulation/ROS2_WS/build/black_donut_gazebo' returned '0': CMAKE_PREFIX_PATH=${CMAKE_PREFIX_PATH}:/opt/ros/humble /usr/bin/cmake /home/drmid/silmulation/ROS2_WS/src/black_donut_gazebo -DCMAKE_INSTALL_PREFIX=/home/drmid/silmulation/ROS2_WS/install/black_donut_gazebo
[0.578s] Invoking command in '/home/drmid/silmulation/ROS2_WS/build/black_donut_gazebo': CMAKE_PREFIX_PATH=${CMAKE_PREFIX_PATH}:/opt/ros/humble /usr/bin/cmake --build /home/drmid/silmulation/ROS2_WS/build/black_donut_gazebo -- -j4 -l4
[0.608s] Invoked command in '/home/drmid/silmulation/ROS2_WS/build/black_donut_gazebo' returned '0': CMAKE_PREFIX_PATH=${CMAKE_PREFIX_PATH}:/opt/ros/humble /usr/bin/cmake --build /home/drmid/silmulation/ROS2_WS/build/black_donut_gazebo -- -j4 -l4
[0.631s] Invoking command in '/home/drmid/silmulation/ROS2_WS/build/black_donut_gazebo': CMAKE_PREFIX_PATH=${CMAKE_PREFIX_PATH}:/opt/ros/humble /usr/bin/cmake --install /home/drmid/silmulation/ROS2_WS/build/black_donut_gazebo
[0.638s] -- Install configuration: ""
[0.638s] -- Installing: /home/drmid/silmulation/ROS2_WS/install/black_donut_gazebo/share/black_donut_gazebo//config
[0.638s] -- Installing: /home/drmid/silmulation/ROS2_WS/install/black_donut_gazebo/share/black_donut_gazebo//config/gazebo_params.yaml
[0.638s] -- Installing: /home/drmid/silmulation/ROS2_WS/install/black_donut_gazebo/share/black_donut_gazebo//config/twist_mux.yaml
[0.638s] -- Installing: /home/drmid/silmulation/ROS2_WS/install/black_donut_gazebo/share/black_donut_gazebo//launch
[0.638s] -- Installing: /home/drmid/silmulation/ROS2_WS/install/black_donut_gazebo/share/black_donut_gazebo//launch/black_donut_sim_ros2_control.launch.py
[0.639s] -- Installing: /home/drmid/silmulation/ROS2_WS/install/black_donut_gazebo/share/black_donut_gazebo//launch/controller_spawner.launch.py
[0.639s] -- Installing: /home/drmid/silmulation/ROS2_WS/install/black_donut_gazebo/share/ament_index/resource_index/package_run_dependencies/black_donut_gazebo
[0.639s] -- Installing: /home/drmid/silmulation/ROS2_WS/install/black_donut_gazebo/share/ament_index/resource_index/parent_prefix_path/black_donut_gazebo
[0.639s] -- Installing: /home/drmid/silmulation/ROS2_WS/install/black_donut_gazebo/share/black_donut_gazebo/environment/ament_prefix_path.sh
[0.639s] -- Installing: /home/drmid/silmulation/ROS2_WS/install/black_donut_gazebo/share/black_donut_gazebo/environment/ament_prefix_path.dsv
[0.639s] -- Installing: /home/drmid/silmulation/ROS2_WS/install/black_donut_gazebo/share/black_donut_gazebo/environment/path.sh
[0.639s] -- Installing: /home/drmid/silmulation/ROS2_WS/install/black_donut_gazebo/share/black_donut_gazebo/environment/path.dsv
[0.640s] -- Installing: /home/drmid/silmulation/ROS2_WS/install/black_donut_gazebo/share/black_donut_gazebo/local_setup.bash
[0.640s] -- Installing: /home/drmid/silmulation/ROS2_WS/install/black_donut_gazebo/share/black_donut_gazebo/local_setup.sh
[0.640s] -- Installing: /home/drmid/silmulation/ROS2_WS/install/black_donut_gazebo/share/black_donut_gazebo/local_setup.zsh
[0.640s] -- Installing: /home/drmid/silmulation/ROS2_WS/install/black_donut_gazebo/share/black_donut_gazebo/local_setup.dsv
[0.641s] -- Installing: /home/drmid/silmulation/ROS2_WS/install/black_donut_gazebo/share/black_donut_gazebo/package.dsv
[0.641s] -- Installing: /home/drmid/silmulation/ROS2_WS/install/black_donut_gazebo/share/ament_index/resource_index/packages/black_donut_gazebo
[0.641s] -- Installing: /home/drmid/silmulation/ROS2_WS/install/black_donut_gazebo/share/black_donut_gazebo/cmake/black_donut_gazeboConfig.cmake
[0.641s] -- Installing: /home/drmid/silmulation/ROS2_WS/install/black_donut_gazebo/share/black_donut_gazebo/cmake/black_donut_gazeboConfig-version.cmake
[0.641s] -- Installing: /home/drmid/silmulation/ROS2_WS/install/black_donut_gazebo/share/black_donut_gazebo/package.xml
[0.652s] Invoked command in '/home/drmid/silmulation/ROS2_WS/build/black_donut_gazebo' returned '0': CMAKE_PREFIX_PATH=${CMAKE_PREFIX_PATH}:/opt/ros/humble /usr/bin/cmake --install /home/drmid/silmulation/ROS2_WS/build/black_donut_gazebo
