[0.087s] DEBUG:colcon:Command line arguments: ['/usr/bin/colcon', 'build']
[0.087s] DEBUG:colcon:Parsed command line arguments: Namespace(log_base=None, log_level=None, verb_name='build', build_base='build', install_base='install', merge_install=False, symlink_install=False, test_result_base=None, continue_on_error=False, executor='parallel', parallel_workers=4, event_handlers=None, ignore_user_meta=False, metas=['./colcon.meta'], base_paths=['.'], packages_ignore=None, packages_ignore_regex=None, paths=None, packages_up_to=None, packages_up_to_regex=None, packages_above=None, packages_above_and_dependencies=None, packages_above_depth=None, packages_select_by_dep=None, packages_skip_by_dep=None, packages_skip_up_to=None, packages_select_build_failed=False, packages_skip_build_finished=False, packages_select_test_failures=False, packages_skip_test_passed=False, packages_select=None, packages_skip=None, packages_select_regex=None, packages_skip_regex=None, packages_start=None, packages_end=None, allow_overriding=[], cmake_args=None, cmake_target=None, cmake_target_skip_unavailable=False, cmake_clean_cache=False, cmake_clean_first=False, cmake_force_configure=False, ament_cmake_args=None, catkin_cmake_args=None, catkin_skip_building_tests=False, verb_parser=<colcon_defaults.argument_parser.defaults.DefaultArgumentsDecorator object at 0x7514bac28460>, verb_extension=<colcon_core.verb.build.BuildVerb object at 0x7514bad34fd0>, main=<bound method BuildVerb.main of <colcon_core.verb.build.BuildVerb object at 0x7514bad34fd0>>)
[0.197s] Level 1:colcon.colcon_core.package_discovery:discover_packages(colcon_meta) check parameters
[0.197s] Level 1:colcon.colcon_core.package_discovery:discover_packages(recursive) check parameters
[0.197s] Level 1:colcon.colcon_core.package_discovery:discover_packages(ignore) check parameters
[0.197s] Level 1:colcon.colcon_core.package_discovery:discover_packages(path) check parameters
[0.197s] Level 1:colcon.colcon_core.package_discovery:discover_packages(colcon_meta) discover
[0.198s] Level 1:colcon.colcon_core.package_discovery:discover_packages(recursive) discover
[0.198s] INFO:colcon.colcon_core.package_discovery:Crawling recursively for packages in '/home/drmid/silmulation/ROS2_WS'
[0.198s] Level 1:colcon.colcon_core.package_identification:_identify(.) by extensions ['ignore', 'ignore_ament_install']
[0.198s] Level 1:colcon.colcon_core.package_identification:_identify(.) by extension 'ignore'
[0.198s] Level 1:colcon.colcon_core.package_identification:_identify(.) by extension 'ignore_ament_install'
[0.198s] Level 1:colcon.colcon_core.package_identification:_identify(.) by extensions ['colcon_pkg']
[0.198s] Level 1:colcon.colcon_core.package_identification:_identify(.) by extension 'colcon_pkg'
[0.198s] Level 1:colcon.colcon_core.package_identification:_identify(.) by extensions ['colcon_meta']
[0.198s] Level 1:colcon.colcon_core.package_identification:_identify(.) by extension 'colcon_meta'
[0.198s] Level 1:colcon.colcon_core.package_identification:_identify(.) by extensions ['ros']
[0.198s] Level 1:colcon.colcon_core.package_identification:_identify(.) by extension 'ros'
[0.206s] Level 1:colcon.colcon_core.package_identification:_identify(.) by extensions ['cmake', 'python']
[0.206s] Level 1:colcon.colcon_core.package_identification:_identify(.) by extension 'cmake'
[0.206s] Level 1:colcon.colcon_core.package_identification:_identify(.) by extension 'python'
[0.206s] Level 1:colcon.colcon_core.package_identification:_identify(.) by extensions ['python_setup_py']
[0.206s] Level 1:colcon.colcon_core.package_identification:_identify(.) by extension 'python_setup_py'
[0.207s] Level 1:colcon.colcon_core.package_identification:_identify(build) by extensions ['ignore', 'ignore_ament_install']
[0.207s] Level 1:colcon.colcon_core.package_identification:_identify(build) by extension 'ignore'
[0.207s] Level 1:colcon.colcon_core.package_identification:_identify(build) ignored
[0.207s] Level 1:colcon.colcon_core.package_identification:_identify(install) by extensions ['ignore', 'ignore_ament_install']
[0.207s] Level 1:colcon.colcon_core.package_identification:_identify(install) by extension 'ignore'
[0.207s] Level 1:colcon.colcon_core.package_identification:_identify(install) ignored
[0.207s] Level 1:colcon.colcon_core.package_identification:_identify(log) by extensions ['ignore', 'ignore_ament_install']
[0.207s] Level 1:colcon.colcon_core.package_identification:_identify(log) by extension 'ignore'
[0.207s] Level 1:colcon.colcon_core.package_identification:_identify(log) ignored
[0.207s] Level 1:colcon.colcon_core.package_identification:_identify(src) by extensions ['ignore', 'ignore_ament_install']
[0.207s] Level 1:colcon.colcon_core.package_identification:_identify(src) by extension 'ignore'
[0.207s] Level 1:colcon.colcon_core.package_identification:_identify(src) by extension 'ignore_ament_install'
[0.207s] Level 1:colcon.colcon_core.package_identification:_identify(src) by extensions ['colcon_pkg']
[0.207s] Level 1:colcon.colcon_core.package_identification:_identify(src) by extension 'colcon_pkg'
[0.207s] Level 1:colcon.colcon_core.package_identification:_identify(src) by extensions ['colcon_meta']
[0.207s] Level 1:colcon.colcon_core.package_identification:_identify(src) by extension 'colcon_meta'
[0.207s] Level 1:colcon.colcon_core.package_identification:_identify(src) by extensions ['ros']
[0.207s] Level 1:colcon.colcon_core.package_identification:_identify(src) by extension 'ros'
[0.207s] Level 1:colcon.colcon_core.package_identification:_identify(src) by extensions ['cmake', 'python']
[0.207s] Level 1:colcon.colcon_core.package_identification:_identify(src) by extension 'cmake'
[0.207s] Level 1:colcon.colcon_core.package_identification:_identify(src) by extension 'python'
[0.207s] Level 1:colcon.colcon_core.package_identification:_identify(src) by extensions ['python_setup_py']
[0.207s] Level 1:colcon.colcon_core.package_identification:_identify(src) by extension 'python_setup_py'
[0.207s] Level 1:colcon.colcon_core.package_identification:_identify(src/black_donut_description) by extensions ['ignore', 'ignore_ament_install']
[0.207s] Level 1:colcon.colcon_core.package_identification:_identify(src/black_donut_description) by extension 'ignore'
[0.207s] Level 1:colcon.colcon_core.package_identification:_identify(src/black_donut_description) by extension 'ignore_ament_install'
[0.208s] Level 1:colcon.colcon_core.package_identification:_identify(src/black_donut_description) by extensions ['colcon_pkg']
[0.208s] Level 1:colcon.colcon_core.package_identification:_identify(src/black_donut_description) by extension 'colcon_pkg'
[0.208s] Level 1:colcon.colcon_core.package_identification:_identify(src/black_donut_description) by extensions ['colcon_meta']
[0.208s] Level 1:colcon.colcon_core.package_identification:_identify(src/black_donut_description) by extension 'colcon_meta'
[0.208s] Level 1:colcon.colcon_core.package_identification:_identify(src/black_donut_description) by extensions ['ros']
[0.208s] Level 1:colcon.colcon_core.package_identification:_identify(src/black_donut_description) by extension 'ros'
[0.209s] DEBUG:colcon.colcon_core.package_identification:Package 'src/black_donut_description' with type 'ros.ament_cmake' and name 'black_donut_description'
[0.209s] Level 1:colcon.colcon_core.package_identification:_identify(src/black_donut_gazebo) by extensions ['ignore', 'ignore_ament_install']
[0.210s] Level 1:colcon.colcon_core.package_identification:_identify(src/black_donut_gazebo) by extension 'ignore'
[0.210s] Level 1:colcon.colcon_core.package_identification:_identify(src/black_donut_gazebo) by extension 'ignore_ament_install'
[0.210s] Level 1:colcon.colcon_core.package_identification:_identify(src/black_donut_gazebo) by extensions ['colcon_pkg']
[0.210s] Level 1:colcon.colcon_core.package_identification:_identify(src/black_donut_gazebo) by extension 'colcon_pkg'
[0.210s] Level 1:colcon.colcon_core.package_identification:_identify(src/black_donut_gazebo) by extensions ['colcon_meta']
[0.210s] Level 1:colcon.colcon_core.package_identification:_identify(src/black_donut_gazebo) by extension 'colcon_meta'
[0.210s] Level 1:colcon.colcon_core.package_identification:_identify(src/black_donut_gazebo) by extensions ['ros']
[0.210s] Level 1:colcon.colcon_core.package_identification:_identify(src/black_donut_gazebo) by extension 'ros'
[0.210s] DEBUG:colcon.colcon_core.package_identification:Package 'src/black_donut_gazebo' with type 'ros.ament_cmake' and name 'black_donut_gazebo'
[0.210s] Level 1:colcon.colcon_core.package_discovery:discover_packages(recursive) using defaults
[0.210s] Level 1:colcon.colcon_core.package_discovery:discover_packages(ignore) discover
[0.210s] Level 1:colcon.colcon_core.package_discovery:discover_packages(ignore) using defaults
[0.210s] Level 1:colcon.colcon_core.package_discovery:discover_packages(path) discover
[0.210s] Level 1:colcon.colcon_core.package_discovery:discover_packages(path) using defaults
[0.230s] Level 1:colcon.colcon_core.package_discovery:discover_packages(prefix_path) check parameters
[0.230s] Level 1:colcon.colcon_core.package_discovery:discover_packages(prefix_path) discover
[0.231s] WARNING:colcon.colcon_ros.prefix_path.ament:The path '/home/drmid/silmulation/ROS2_WS/install/black_donut_gazebo' in the environment variable AMENT_PREFIX_PATH doesn't exist
[0.231s] WARNING:colcon.colcon_ros.prefix_path.ament:The path '/home/drmid/silmulation/ROS2_WS/install/black_donut_description' in the environment variable AMENT_PREFIX_PATH doesn't exist
[0.232s] WARNING:colcon.colcon_ros.prefix_path.catkin:The path '/home/drmid/silmulation/ROS2_WS/install/black_donut_gazebo' in the environment variable CMAKE_PREFIX_PATH doesn't exist
[0.232s] WARNING:colcon.colcon_ros.prefix_path.catkin:The path '/home/drmid/silmulation/ROS2_WS/install/black_donut_description' in the environment variable CMAKE_PREFIX_PATH doesn't exist
[0.232s] DEBUG:colcon.colcon_installed_package_information.package_discovery:Found 0 installed packages in /home/drmid/silmulation/ROS2_WS/install
[0.233s] DEBUG:colcon.colcon_installed_package_information.package_discovery:Found 1 installed packages in /home/drmid/ROS/urdf_ws/install
[0.233s] DEBUG:colcon.colcon_installed_package_information.package_discovery:Found 2 installed packages in /home/drmid/exam/ros_ws/install
[0.233s] DEBUG:colcon.colcon_installed_package_information.package_discovery:Found 0 installed packages in /home/drmid/Project/workspace/install
[0.234s] DEBUG:colcon.colcon_installed_package_information.package_discovery:Found 5 installed packages in /home/drmid/Test/workspace/install
[0.235s] DEBUG:colcon.colcon_installed_package_information.package_discovery:Found 350 installed packages in /opt/ros/humble
[0.236s] Level 1:colcon.colcon_core.package_discovery:discover_packages(prefix_path) using defaults
[0.286s] Level 5:colcon.colcon_core.verb:set package 'black_donut_description' build argument 'cmake_args' from command line to 'None'
[0.286s] Level 5:colcon.colcon_core.verb:set package 'black_donut_description' build argument 'cmake_target' from command line to 'None'
[0.286s] Level 5:colcon.colcon_core.verb:set package 'black_donut_description' build argument 'cmake_target_skip_unavailable' from command line to 'False'
[0.286s] Level 5:colcon.colcon_core.verb:set package 'black_donut_description' build argument 'cmake_clean_cache' from command line to 'False'
[0.286s] Level 5:colcon.colcon_core.verb:set package 'black_donut_description' build argument 'cmake_clean_first' from command line to 'False'
[0.286s] Level 5:colcon.colcon_core.verb:set package 'black_donut_description' build argument 'cmake_force_configure' from command line to 'False'
[0.286s] Level 5:colcon.colcon_core.verb:set package 'black_donut_description' build argument 'ament_cmake_args' from command line to 'None'
[0.286s] Level 5:colcon.colcon_core.verb:set package 'black_donut_description' build argument 'catkin_cmake_args' from command line to 'None'
[0.286s] Level 5:colcon.colcon_core.verb:set package 'black_donut_description' build argument 'catkin_skip_building_tests' from command line to 'False'
[0.286s] DEBUG:colcon.colcon_core.verb:Building package 'black_donut_description' with the following arguments: {'ament_cmake_args': None, 'build_base': '/home/drmid/silmulation/ROS2_WS/build/black_donut_description', 'catkin_cmake_args': None, 'catkin_skip_building_tests': False, 'cmake_args': None, 'cmake_clean_cache': False, 'cmake_clean_first': False, 'cmake_force_configure': False, 'cmake_target': None, 'cmake_target_skip_unavailable': False, 'install_base': '/home/drmid/silmulation/ROS2_WS/install/black_donut_description', 'merge_install': False, 'path': '/home/drmid/silmulation/ROS2_WS/src/black_donut_description', 'symlink_install': False, 'test_result_base': None}
[0.287s] Level 5:colcon.colcon_core.verb:set package 'black_donut_gazebo' build argument 'cmake_args' from command line to 'None'
[0.287s] Level 5:colcon.colcon_core.verb:set package 'black_donut_gazebo' build argument 'cmake_target' from command line to 'None'
[0.287s] Level 5:colcon.colcon_core.verb:set package 'black_donut_gazebo' build argument 'cmake_target_skip_unavailable' from command line to 'False'
[0.287s] Level 5:colcon.colcon_core.verb:set package 'black_donut_gazebo' build argument 'cmake_clean_cache' from command line to 'False'
[0.287s] Level 5:colcon.colcon_core.verb:set package 'black_donut_gazebo' build argument 'cmake_clean_first' from command line to 'False'
[0.287s] Level 5:colcon.colcon_core.verb:set package 'black_donut_gazebo' build argument 'cmake_force_configure' from command line to 'False'
[0.287s] Level 5:colcon.colcon_core.verb:set package 'black_donut_gazebo' build argument 'ament_cmake_args' from command line to 'None'
[0.287s] Level 5:colcon.colcon_core.verb:set package 'black_donut_gazebo' build argument 'catkin_cmake_args' from command line to 'None'
[0.287s] Level 5:colcon.colcon_core.verb:set package 'black_donut_gazebo' build argument 'catkin_skip_building_tests' from command line to 'False'
[0.287s] DEBUG:colcon.colcon_core.verb:Building package 'black_donut_gazebo' with the following arguments: {'ament_cmake_args': None, 'build_base': '/home/drmid/silmulation/ROS2_WS/build/black_donut_gazebo', 'catkin_cmake_args': None, 'catkin_skip_building_tests': False, 'cmake_args': None, 'cmake_clean_cache': False, 'cmake_clean_first': False, 'cmake_force_configure': False, 'cmake_target': None, 'cmake_target_skip_unavailable': False, 'install_base': '/home/drmid/silmulation/ROS2_WS/install/black_donut_gazebo', 'merge_install': False, 'path': '/home/drmid/silmulation/ROS2_WS/src/black_donut_gazebo', 'symlink_install': False, 'test_result_base': None}
[0.287s] INFO:colcon.colcon_core.executor:Executing jobs using 'parallel' executor
[0.288s] DEBUG:colcon.colcon_parallel_executor.executor.parallel:run_until_complete
[0.289s] INFO:colcon.colcon_ros.task.ament_cmake.build:Building ROS package in '/home/drmid/silmulation/ROS2_WS/src/black_donut_description' with build type 'ament_cmake'
[0.289s] INFO:colcon.colcon_cmake.task.cmake.build:Building CMake package in '/home/drmid/silmulation/ROS2_WS/src/black_donut_description'
[0.291s] INFO:colcon.colcon_core.plugin_system:Skipping extension 'colcon_core.shell.bat': Not used on non-Windows systems
[0.292s] INFO:colcon.colcon_core.shell:Skip shell extension 'powershell' for command environment: Not usable outside of PowerShell
[0.292s] DEBUG:colcon.colcon_core.shell:Skip shell extension 'dsv' for command environment
[0.295s] INFO:colcon.colcon_ros.task.ament_cmake.build:Building ROS package in '/home/drmid/silmulation/ROS2_WS/src/black_donut_gazebo' with build type 'ament_cmake'
[0.295s] INFO:colcon.colcon_cmake.task.cmake.build:Building CMake package in '/home/drmid/silmulation/ROS2_WS/src/black_donut_gazebo'
[0.296s] INFO:colcon.colcon_core.shell:Skip shell extension 'powershell' for command environment: Not usable outside of PowerShell
[0.296s] DEBUG:colcon.colcon_core.shell:Skip shell extension 'dsv' for command environment
[0.303s] DEBUG:colcon.colcon_core.event_handler.log_command:Invoking command in '/home/drmid/silmulation/ROS2_WS/build/black_donut_description': CMAKE_PREFIX_PATH=${CMAKE_PREFIX_PATH}:/opt/ros/humble /usr/bin/cmake /home/drmid/silmulation/ROS2_WS/src/black_donut_description -DCMAKE_INSTALL_PREFIX=/home/drmid/silmulation/ROS2_WS/install/black_donut_description
[0.306s] DEBUG:colcon.colcon_core.event_handler.log_command:Invoking command in '/home/drmid/silmulation/ROS2_WS/build/black_donut_gazebo': CMAKE_PREFIX_PATH=${CMAKE_PREFIX_PATH}:/opt/ros/humble /usr/bin/cmake /home/drmid/silmulation/ROS2_WS/src/black_donut_gazebo -DCMAKE_INSTALL_PREFIX=/home/drmid/silmulation/ROS2_WS/install/black_donut_gazebo
[0.868s] DEBUG:colcon.colcon_core.event_handler.log_command:Invoked command in '/home/drmid/silmulation/ROS2_WS/build/black_donut_description' returned '0': CMAKE_PREFIX_PATH=${CMAKE_PREFIX_PATH}:/opt/ros/humble /usr/bin/cmake /home/drmid/silmulation/ROS2_WS/src/black_donut_description -DCMAKE_INSTALL_PREFIX=/home/drmid/silmulation/ROS2_WS/install/black_donut_description
[0.870s] DEBUG:colcon.colcon_core.event_handler.log_command:Invoking command in '/home/drmid/silmulation/ROS2_WS/build/black_donut_description': CMAKE_PREFIX_PATH=${CMAKE_PREFIX_PATH}:/opt/ros/humble /usr/bin/cmake --build /home/drmid/silmulation/ROS2_WS/build/black_donut_description -- -j4 -l4
[0.873s] DEBUG:colcon.colcon_core.event_handler.log_command:Invoked command in '/home/drmid/silmulation/ROS2_WS/build/black_donut_gazebo' returned '0': CMAKE_PREFIX_PATH=${CMAKE_PREFIX_PATH}:/opt/ros/humble /usr/bin/cmake /home/drmid/silmulation/ROS2_WS/src/black_donut_gazebo -DCMAKE_INSTALL_PREFIX=/home/drmid/silmulation/ROS2_WS/install/black_donut_gazebo
[0.874s] DEBUG:colcon.colcon_core.event_handler.log_command:Invoking command in '/home/drmid/silmulation/ROS2_WS/build/black_donut_gazebo': CMAKE_PREFIX_PATH=${CMAKE_PREFIX_PATH}:/opt/ros/humble /usr/bin/cmake --build /home/drmid/silmulation/ROS2_WS/build/black_donut_gazebo -- -j4 -l4
[0.903s] DEBUG:colcon.colcon_core.event_handler.log_command:Invoked command in '/home/drmid/silmulation/ROS2_WS/build/black_donut_description' returned '0': CMAKE_PREFIX_PATH=${CMAKE_PREFIX_PATH}:/opt/ros/humble /usr/bin/cmake --build /home/drmid/silmulation/ROS2_WS/build/black_donut_description -- -j4 -l4
[0.904s] DEBUG:colcon.colcon_core.event_handler.log_command:Invoked command in '/home/drmid/silmulation/ROS2_WS/build/black_donut_gazebo' returned '0': CMAKE_PREFIX_PATH=${CMAKE_PREFIX_PATH}:/opt/ros/humble /usr/bin/cmake --build /home/drmid/silmulation/ROS2_WS/build/black_donut_gazebo -- -j4 -l4
[0.925s] DEBUG:colcon.colcon_core.event_handler.log_command:Invoking command in '/home/drmid/silmulation/ROS2_WS/build/black_donut_description': CMAKE_PREFIX_PATH=${CMAKE_PREFIX_PATH}:/opt/ros/humble /usr/bin/cmake --install /home/drmid/silmulation/ROS2_WS/build/black_donut_description
[0.926s] DEBUG:colcon.colcon_core.event_handler.log_command:Invoking command in '/home/drmid/silmulation/ROS2_WS/build/black_donut_gazebo': CMAKE_PREFIX_PATH=${CMAKE_PREFIX_PATH}:/opt/ros/humble /usr/bin/cmake --install /home/drmid/silmulation/ROS2_WS/build/black_donut_gazebo
[0.936s] Level 1:colcon.colcon_core.environment:create_environment_scripts_only(black_donut_description)
[0.937s] DEBUG:colcon.colcon_core.event_handler.log_command:Invoked command in '/home/drmid/silmulation/ROS2_WS/build/black_donut_description' returned '0': CMAKE_PREFIX_PATH=${CMAKE_PREFIX_PATH}:/opt/ros/humble /usr/bin/cmake --install /home/drmid/silmulation/ROS2_WS/build/black_donut_description
[0.940s] Level 1:colcon.colcon_core.environment:checking '/home/drmid/silmulation/ROS2_WS/install/black_donut_description' for CMake module files
[0.940s] Level 1:colcon.colcon_core.environment:checking '/home/drmid/silmulation/ROS2_WS/install/black_donut_description' for CMake config files
[0.940s] Level 1:colcon.colcon_core.shell:create_environment_hook('black_donut_description', 'cmake_prefix_path')
[0.940s] INFO:colcon.colcon_core.shell:Creating environment hook '/home/drmid/silmulation/ROS2_WS/install/black_donut_description/share/black_donut_description/hook/cmake_prefix_path.ps1'
[0.941s] INFO:colcon.colcon_core.shell:Creating environment descriptor '/home/drmid/silmulation/ROS2_WS/install/black_donut_description/share/black_donut_description/hook/cmake_prefix_path.dsv'
[0.941s] INFO:colcon.colcon_core.shell:Creating environment hook '/home/drmid/silmulation/ROS2_WS/install/black_donut_description/share/black_donut_description/hook/cmake_prefix_path.sh'
[0.942s] Level 1:colcon.colcon_core.environment:checking '/home/drmid/silmulation/ROS2_WS/install/black_donut_description/bin'
[0.942s] Level 1:colcon.colcon_core.environment:checking '/home/drmid/silmulation/ROS2_WS/install/black_donut_description/lib/pkgconfig/black_donut_description.pc'
[0.942s] Level 1:colcon.colcon_core.environment:checking '/home/drmid/silmulation/ROS2_WS/install/black_donut_description/lib/python3.10/site-packages'
[0.943s] Level 1:colcon.colcon_core.environment:checking '/home/drmid/silmulation/ROS2_WS/install/black_donut_description/bin'
[0.943s] INFO:colcon.colcon_core.shell:Creating package script '/home/drmid/silmulation/ROS2_WS/install/black_donut_description/share/black_donut_description/package.ps1'
[0.944s] INFO:colcon.colcon_core.shell:Creating package descriptor '/home/drmid/silmulation/ROS2_WS/install/black_donut_description/share/black_donut_description/package.dsv'
[0.944s] INFO:colcon.colcon_core.shell:Creating package script '/home/drmid/silmulation/ROS2_WS/install/black_donut_description/share/black_donut_description/package.sh'
[0.945s] INFO:colcon.colcon_core.shell:Creating package script '/home/drmid/silmulation/ROS2_WS/install/black_donut_description/share/black_donut_description/package.bash'
[0.945s] INFO:colcon.colcon_core.shell:Creating package script '/home/drmid/silmulation/ROS2_WS/install/black_donut_description/share/black_donut_description/package.zsh'
[0.946s] Level 1:colcon.colcon_core.environment:create_file_with_runtime_dependencies(/home/drmid/silmulation/ROS2_WS/install/black_donut_description/share/colcon-core/packages/black_donut_description)
[0.947s] Level 1:colcon.colcon_core.environment:create_environment_scripts_only(black_donut_gazebo)
[0.947s] Level 1:colcon.colcon_core.environment:checking '/home/drmid/silmulation/ROS2_WS/install/black_donut_gazebo' for CMake module files
[0.947s] DEBUG:colcon.colcon_core.event_handler.log_command:Invoked command in '/home/drmid/silmulation/ROS2_WS/build/black_donut_gazebo' returned '0': CMAKE_PREFIX_PATH=${CMAKE_PREFIX_PATH}:/opt/ros/humble /usr/bin/cmake --install /home/drmid/silmulation/ROS2_WS/build/black_donut_gazebo
[0.948s] Level 1:colcon.colcon_core.environment:checking '/home/drmid/silmulation/ROS2_WS/install/black_donut_gazebo' for CMake config files
[0.948s] Level 1:colcon.colcon_core.shell:create_environment_hook('black_donut_gazebo', 'cmake_prefix_path')
[0.948s] INFO:colcon.colcon_core.shell:Creating environment hook '/home/drmid/silmulation/ROS2_WS/install/black_donut_gazebo/share/black_donut_gazebo/hook/cmake_prefix_path.ps1'
[0.948s] INFO:colcon.colcon_core.shell:Creating environment descriptor '/home/drmid/silmulation/ROS2_WS/install/black_donut_gazebo/share/black_donut_gazebo/hook/cmake_prefix_path.dsv'
[0.949s] INFO:colcon.colcon_core.shell:Creating environment hook '/home/drmid/silmulation/ROS2_WS/install/black_donut_gazebo/share/black_donut_gazebo/hook/cmake_prefix_path.sh'
[0.949s] Level 1:colcon.colcon_core.environment:checking '/home/drmid/silmulation/ROS2_WS/install/black_donut_gazebo/bin'
[0.949s] Level 1:colcon.colcon_core.environment:checking '/home/drmid/silmulation/ROS2_WS/install/black_donut_gazebo/lib/pkgconfig/black_donut_gazebo.pc'
[0.949s] Level 1:colcon.colcon_core.environment:checking '/home/drmid/silmulation/ROS2_WS/install/black_donut_gazebo/lib/python3.10/site-packages'
[0.950s] Level 1:colcon.colcon_core.environment:checking '/home/drmid/silmulation/ROS2_WS/install/black_donut_gazebo/bin'
[0.950s] INFO:colcon.colcon_core.shell:Creating package script '/home/drmid/silmulation/ROS2_WS/install/black_donut_gazebo/share/black_donut_gazebo/package.ps1'
[0.950s] INFO:colcon.colcon_core.shell:Creating package descriptor '/home/drmid/silmulation/ROS2_WS/install/black_donut_gazebo/share/black_donut_gazebo/package.dsv'
[0.950s] INFO:colcon.colcon_core.shell:Creating package script '/home/drmid/silmulation/ROS2_WS/install/black_donut_gazebo/share/black_donut_gazebo/package.sh'
[0.951s] INFO:colcon.colcon_core.shell:Creating package script '/home/drmid/silmulation/ROS2_WS/install/black_donut_gazebo/share/black_donut_gazebo/package.bash'
[0.951s] INFO:colcon.colcon_core.shell:Creating package script '/home/drmid/silmulation/ROS2_WS/install/black_donut_gazebo/share/black_donut_gazebo/package.zsh'
[0.951s] Level 1:colcon.colcon_core.environment:create_file_with_runtime_dependencies(/home/drmid/silmulation/ROS2_WS/install/black_donut_gazebo/share/colcon-core/packages/black_donut_gazebo)
[0.961s] Level 1:colcon.colcon_core.environment:create_environment_scripts_only(black_donut_description)
[0.961s] Level 1:colcon.colcon_core.environment:checking '/home/drmid/silmulation/ROS2_WS/install/black_donut_description' for CMake module files
[0.962s] Level 1:colcon.colcon_core.environment:checking '/home/drmid/silmulation/ROS2_WS/install/black_donut_description' for CMake config files
[0.962s] Level 1:colcon.colcon_core.shell:create_environment_hook('black_donut_description', 'cmake_prefix_path')
[0.962s] INFO:colcon.colcon_core.shell:Creating environment hook '/home/drmid/silmulation/ROS2_WS/install/black_donut_description/share/black_donut_description/hook/cmake_prefix_path.ps1'
[0.962s] INFO:colcon.colcon_core.shell:Creating environment descriptor '/home/drmid/silmulation/ROS2_WS/install/black_donut_description/share/black_donut_description/hook/cmake_prefix_path.dsv'
[0.962s] INFO:colcon.colcon_core.shell:Creating environment hook '/home/drmid/silmulation/ROS2_WS/install/black_donut_description/share/black_donut_description/hook/cmake_prefix_path.sh'
[0.963s] Level 1:colcon.colcon_core.environment:checking '/home/drmid/silmulation/ROS2_WS/install/black_donut_description/bin'
[0.963s] Level 1:colcon.colcon_core.environment:checking '/home/drmid/silmulation/ROS2_WS/install/black_donut_description/lib/pkgconfig/black_donut_description.pc'
[0.963s] Level 1:colcon.colcon_core.environment:checking '/home/drmid/silmulation/ROS2_WS/install/black_donut_description/lib/python3.10/site-packages'
[0.963s] Level 1:colcon.colcon_core.environment:checking '/home/drmid/silmulation/ROS2_WS/install/black_donut_description/bin'
[0.963s] INFO:colcon.colcon_core.shell:Creating package script '/home/drmid/silmulation/ROS2_WS/install/black_donut_description/share/black_donut_description/package.ps1'
[0.964s] INFO:colcon.colcon_core.shell:Creating package descriptor '/home/drmid/silmulation/ROS2_WS/install/black_donut_description/share/black_donut_description/package.dsv'
[0.964s] INFO:colcon.colcon_core.shell:Creating package script '/home/drmid/silmulation/ROS2_WS/install/black_donut_description/share/black_donut_description/package.sh'
[0.964s] INFO:colcon.colcon_core.shell:Creating package script '/home/drmid/silmulation/ROS2_WS/install/black_donut_description/share/black_donut_description/package.bash'
[0.964s] INFO:colcon.colcon_core.shell:Creating package script '/home/drmid/silmulation/ROS2_WS/install/black_donut_description/share/black_donut_description/package.zsh'
[0.964s] Level 1:colcon.colcon_core.environment:create_file_with_runtime_dependencies(/home/drmid/silmulation/ROS2_WS/install/black_donut_description/share/colcon-core/packages/black_donut_description)
[0.965s] Level 1:colcon.colcon_core.environment:create_environment_scripts_only(black_donut_gazebo)
[0.965s] Level 1:colcon.colcon_core.environment:checking '/home/drmid/silmulation/ROS2_WS/install/black_donut_gazebo' for CMake module files
[0.966s] Level 1:colcon.colcon_core.environment:checking '/home/drmid/silmulation/ROS2_WS/install/black_donut_gazebo' for CMake config files
[0.966s] Level 1:colcon.colcon_core.shell:create_environment_hook('black_donut_gazebo', 'cmake_prefix_path')
[0.966s] INFO:colcon.colcon_core.shell:Creating environment hook '/home/drmid/silmulation/ROS2_WS/install/black_donut_gazebo/share/black_donut_gazebo/hook/cmake_prefix_path.ps1'
[0.966s] INFO:colcon.colcon_core.shell:Creating environment descriptor '/home/drmid/silmulation/ROS2_WS/install/black_donut_gazebo/share/black_donut_gazebo/hook/cmake_prefix_path.dsv'
[0.966s] INFO:colcon.colcon_core.shell:Creating environment hook '/home/drmid/silmulation/ROS2_WS/install/black_donut_gazebo/share/black_donut_gazebo/hook/cmake_prefix_path.sh'
[0.967s] Level 1:colcon.colcon_core.environment:checking '/home/drmid/silmulation/ROS2_WS/install/black_donut_gazebo/bin'
[0.967s] Level 1:colcon.colcon_core.environment:checking '/home/drmid/silmulation/ROS2_WS/install/black_donut_gazebo/lib/pkgconfig/black_donut_gazebo.pc'
[0.967s] Level 1:colcon.colcon_core.environment:checking '/home/drmid/silmulation/ROS2_WS/install/black_donut_gazebo/lib/python3.10/site-packages'
[0.967s] Level 1:colcon.colcon_core.environment:checking '/home/drmid/silmulation/ROS2_WS/install/black_donut_gazebo/bin'
[0.968s] INFO:colcon.colcon_core.shell:Creating package script '/home/drmid/silmulation/ROS2_WS/install/black_donut_gazebo/share/black_donut_gazebo/package.ps1'
[0.968s] INFO:colcon.colcon_core.shell:Creating package descriptor '/home/drmid/silmulation/ROS2_WS/install/black_donut_gazebo/share/black_donut_gazebo/package.dsv'
[0.968s] INFO:colcon.colcon_core.shell:Creating package script '/home/drmid/silmulation/ROS2_WS/install/black_donut_gazebo/share/black_donut_gazebo/package.sh'
[0.969s] INFO:colcon.colcon_core.shell:Creating package script '/home/drmid/silmulation/ROS2_WS/install/black_donut_gazebo/share/black_donut_gazebo/package.bash'
[0.969s] INFO:colcon.colcon_core.shell:Creating package script '/home/drmid/silmulation/ROS2_WS/install/black_donut_gazebo/share/black_donut_gazebo/package.zsh'
[0.969s] Level 1:colcon.colcon_core.environment:create_file_with_runtime_dependencies(/home/drmid/silmulation/ROS2_WS/install/black_donut_gazebo/share/colcon-core/packages/black_donut_gazebo)
[0.969s] DEBUG:colcon.colcon_parallel_executor.executor.parallel:closing loop
[0.969s] DEBUG:colcon.colcon_parallel_executor.executor.parallel:loop closed
[0.970s] DEBUG:colcon.colcon_parallel_executor.executor.parallel:run_until_complete finished with '0'
[0.970s] DEBUG:colcon.colcon_core.event_reactor:joining thread
[0.973s] INFO:colcon.colcon_core.plugin_system:Skipping extension 'colcon_notification.desktop_notification.terminal_notifier': Not used on non-Darwin systems
[0.973s] INFO:colcon.colcon_core.plugin_system:Skipping extension 'colcon_notification.desktop_notification.win32': Not used on non-Windows systems
[0.973s] INFO:colcon.colcon_notification.desktop_notification:Sending desktop notification using 'notify2'
[0.985s] DEBUG:colcon.colcon_core.event_reactor:joined thread
[0.986s] INFO:colcon.colcon_core.shell:Creating prefix script '/home/drmid/silmulation/ROS2_WS/install/local_setup.ps1'
[0.987s] INFO:colcon.colcon_core.shell:Creating prefix util module '/home/drmid/silmulation/ROS2_WS/install/_local_setup_util_ps1.py'
[0.988s] INFO:colcon.colcon_core.shell:Creating prefix chain script '/home/drmid/silmulation/ROS2_WS/install/setup.ps1'
[0.989s] INFO:colcon.colcon_core.shell:Creating prefix script '/home/drmid/silmulation/ROS2_WS/install/local_setup.sh'
[0.989s] INFO:colcon.colcon_core.shell:Creating prefix util module '/home/drmid/silmulation/ROS2_WS/install/_local_setup_util_sh.py'
[0.989s] INFO:colcon.colcon_core.shell:Creating prefix chain script '/home/drmid/silmulation/ROS2_WS/install/setup.sh'
[0.990s] INFO:colcon.colcon_core.shell:Creating prefix script '/home/drmid/silmulation/ROS2_WS/install/local_setup.bash'
[0.991s] INFO:colcon.colcon_core.shell:Creating prefix chain script '/home/drmid/silmulation/ROS2_WS/install/setup.bash'
[0.991s] INFO:colcon.colcon_core.shell:Creating prefix script '/home/drmid/silmulation/ROS2_WS/install/local_setup.zsh'
[0.992s] INFO:colcon.colcon_core.shell:Creating prefix chain script '/home/drmid/silmulation/ROS2_WS/install/setup.zsh'
